-- The C compiler identification is GNU 11.4.0
-- The CXX compiler identification is GNU 11.4.0
-- Detecting C compiler ABI info
-- Detecting C compiler ABI info - done
-- Check for working C compiler: /usr/bin/cc - skipped
-- Detecting C compile features
-- Detecting C compile features - done
-- Detecting CXX compiler ABI info
-- Detecting CXX compiler ABI info - done
-- Check for working CXX compiler: /usr/bin/c++ - skipped
-- Detecting CXX compile features
-- Detecting CXX compile features - done
-- Found ament_cmake: 1.3.7 (/home/gfigneczi1/autoware/install/ament_cmake/share/ament_cmake/cmake)
-- Found Python3: /usr/bin/python3.10 (found version "3.10.12") found components: Interpreter 
-- Found rclcpp: 16.0.8 (/opt/ros/humble/share/rclcpp/cmake)
-- Found rosidl_generator_c: 3.1.5 (/opt/ros/humble/share/rosidl_generator_c/cmake)
-- Found rosidl_adapter: 3.1.5 (/opt/ros/humble/share/rosidl_adapter/cmake)
-- Found rosidl_generator_cpp: 3.1.5 (/opt/ros/humble/share/rosidl_generator_cpp/cmake)
-- Using all available rosidl_typesupport_c: rosidl_typesupport_fastrtps_c;rosidl_typesupport_introspection_c
-- Using all available rosidl_typesupport_cpp: rosidl_typesupport_fastrtps_cpp;rosidl_typesupport_introspection_cpp
-- Found rmw_implementation_cmake: 6.1.1 (/opt/ros/humble/share/rmw_implementation_cmake/cmake)
-- Found rmw_cyclonedds_cpp: 1.3.4 (/opt/ros/humble/share/rmw_cyclonedds_cpp/cmake)
-- Using RMW implementation 'rmw_cyclonedds_cpp' as default
-- Looking for pthread.h
-- Looking for pthread.h - found
-- Performing Test CMAKE_HAVE_LIBC_PTHREAD
-- Performing Test CMAKE_HAVE_LIBC_PTHREAD - Success
-- Found Threads: TRUE  
-- Found nav_msgs: 4.2.3 (/opt/ros/humble/share/nav_msgs/cmake)
-- Found tier4_planning_msgs: 0.1.0 (/home/gfigneczi1/autoware/install/tier4_planning_msgs/share/tier4_planning_msgs/cmake)
-- Found autoware_perception_msgs: 1.1.0 (/home/gfigneczi1/autoware/install/autoware_perception_msgs/share/autoware_perception_msgs/cmake)
-- Found rosidl_default_generators: 1.2.0 (/opt/ros/humble/share/rosidl_default_generators/cmake)
-- Found ament_cmake_ros: 0.10.0 (/opt/ros/humble/share/ament_cmake_ros/cmake)
-- Using all available rosidl_typesupport_c: rosidl_typesupport_fastrtps_c;rosidl_typesupport_introspection_c
-- Using all available rosidl_typesupport_cpp: rosidl_typesupport_fastrtps_cpp;rosidl_typesupport_introspection_cpp
-- Found PythonInterp: /usr/bin/python3 (found suitable version "3.10.12", minimum required is "3.6") 
-- Found python_cmake_module: 0.10.0 (/opt/ros/humble/share/python_cmake_module/cmake)
-- Found PythonLibs: /usr/lib/aarch64-linux-gnu/libpython3.10.so (found suitable version "3.10.12", minimum required is "3.5") 
-- Using PYTHON_EXECUTABLE: /usr/bin/python3
-- Using PYTHON_INCLUDE_DIRS: /usr/include/python3.10
-- Using PYTHON_LIBRARIES: /usr/lib/aarch64-linux-gnu/libpython3.10.so
-- Found PythonExtra: .so  
-- Configuring done
-- Generating done
-- Build files have been written to: /home/gfigneczi1/ros2_ws/src/CooperativeResearchPlatform/build/crp_msgs
[  1%] [34m[1mGenerating C code for ROS interfaces[0m
[  2%] [34m[1mGenerating C++ code for ROS interfaces[0m
[  2%] Built target ament_cmake_python_copy_crp_msgs
[  2%] Built target crp_msgs__cpp
[  3%] [34m[1mGenerating C++ type support dispatch for ROS interfaces[0m
running egg_info
creating crp_msgs.egg-info
writing crp_msgs.egg-info/PKG-INFO
writing dependency_links to crp_msgs.egg-info/dependency_links.txt
writing top-level names to crp_msgs.egg-info/top_level.txt
writing manifest file 'crp_msgs.egg-info/SOURCES.txt'
reading manifest file 'crp_msgs.egg-info/SOURCES.txt'
writing manifest file 'crp_msgs.egg-info/SOURCES.txt'
[  3%] Built target ament_cmake_python_build_crp_msgs_egg
[  5%] [34m[1mGenerating C++ type support for eProsima Fast-RTPS[0m
[  6%] [34m[1mGenerating C++ introspection for ROS interfaces[0m
[  7%] [32mBuilding C object CMakeFiles/crp_msgs__rosidl_generator_c.dir/rosidl_generator_c/crp_msgs/msg/detail/traffic_rule__functions.c.o[0m
[  8%] [32mBuilding C object CMakeFiles/crp_msgs__rosidl_generator_c.dir/rosidl_generator_c/crp_msgs/msg/detail/path_with_traffic_rules__functions.c.o[0m
[ 10%] [32mBuilding CXX object CMakeFiles/crp_msgs__rosidl_typesupport_cpp.dir/rosidl_typesupport_cpp/crp_msgs/msg/traffic_rule__type_support.cpp.o[0m
[ 11%] [32mBuilding C object CMakeFiles/crp_msgs__rosidl_generator_c.dir/rosidl_generator_c/crp_msgs/msg/detail/world__functions.c.o[0m
[ 12%] [32mBuilding C object CMakeFiles/crp_msgs__rosidl_generator_c.dir/rosidl_generator_c/crp_msgs/msg/detail/target_space__functions.c.o[0m
[ 13%] [32mBuilding C object CMakeFiles/crp_msgs__rosidl_generator_c.dir/rosidl_generator_c/crp_msgs/msg/detail/scenario__functions.c.o[0m
[ 15%] [32mBuilding CXX object CMakeFiles/crp_msgs__rosidl_typesupport_introspection_cpp.dir/rosidl_typesupport_introspection_cpp/crp_msgs/msg/detail/traffic_rule__type_support.cpp.o[0m
[ 16%] [32mBuilding CXX object CMakeFiles/crp_msgs__rosidl_typesupport_fastrtps_cpp.dir/rosidl_typesupport_fastrtps_cpp/crp_msgs/msg/detail/dds_fastrtps/traffic_rule__type_support.cpp.o[0m
[ 17%] [32mBuilding C object CMakeFiles/crp_msgs__rosidl_generator_c.dir/rosidl_generator_c/crp_msgs/msg/detail/ego__functions.c.o[0m
[ 18%] [32mBuilding CXX object CMakeFiles/crp_msgs__rosidl_typesupport_cpp.dir/rosidl_typesupport_cpp/crp_msgs/msg/path_with_traffic_rules__type_support.cpp.o[0m
[ 20%] [32mBuilding C object CMakeFiles/crp_msgs__rosidl_generator_c.dir/rosidl_generator_c/crp_msgs/msg/detail/ego_status__functions.c.o[0m
[ 21%] [32m[1mLinking C shared library libcrp_msgs__rosidl_generator_c.so[0m
[ 22%] [32mBuilding CXX object CMakeFiles/crp_msgs__rosidl_typesupport_cpp.dir/rosidl_typesupport_cpp/crp_msgs/msg/world__type_support.cpp.o[0m
[ 24%] [32mBuilding CXX object CMakeFiles/crp_msgs__rosidl_typesupport_fastrtps_cpp.dir/rosidl_typesupport_fastrtps_cpp/crp_msgs/msg/detail/dds_fastrtps/path_with_traffic_rules__type_support.cpp.o[0m
[ 25%] [32mBuilding CXX object CMakeFiles/crp_msgs__rosidl_typesupport_introspection_cpp.dir/rosidl_typesupport_introspection_cpp/crp_msgs/msg/detail/path_with_traffic_rules__type_support.cpp.o[0m
[ 25%] Built target crp_msgs__rosidl_generator_c
[ 26%] [32mBuilding CXX object CMakeFiles/crp_msgs__rosidl_typesupport_fastrtps_cpp.dir/rosidl_typesupport_fastrtps_cpp/crp_msgs/msg/detail/dds_fastrtps/world__type_support.cpp.o[0m
[ 27%] [32mBuilding CXX object CMakeFiles/crp_msgs__rosidl_typesupport_cpp.dir/rosidl_typesupport_cpp/crp_msgs/msg/target_space__type_support.cpp.o[0m
[ 29%] [32mBuilding CXX object CMakeFiles/crp_msgs__rosidl_typesupport_fastrtps_cpp.dir/rosidl_typesupport_fastrtps_cpp/crp_msgs/msg/detail/dds_fastrtps/target_space__type_support.cpp.o[0m
[ 30%] [32mBuilding CXX object CMakeFiles/crp_msgs__rosidl_typesupport_introspection_cpp.dir/rosidl_typesupport_introspection_cpp/crp_msgs/msg/detail/world__type_support.cpp.o[0m
[ 31%] [32mBuilding CXX object CMakeFiles/crp_msgs__rosidl_typesupport_fastrtps_cpp.dir/rosidl_typesupport_fastrtps_cpp/crp_msgs/msg/detail/dds_fastrtps/scenario__type_support.cpp.o[0m
[ 32%] [32mBuilding CXX object CMakeFiles/crp_msgs__rosidl_typesupport_cpp.dir/rosidl_typesupport_cpp/crp_msgs/msg/scenario__type_support.cpp.o[0m
[ 34%] [32mBuilding CXX object CMakeFiles/crp_msgs__rosidl_typesupport_introspection_cpp.dir/rosidl_typesupport_introspection_cpp/crp_msgs/msg/detail/target_space__type_support.cpp.o[0m
[ 35%] [32mBuilding CXX object CMakeFiles/crp_msgs__rosidl_typesupport_fastrtps_cpp.dir/rosidl_typesupport_fastrtps_cpp/crp_msgs/msg/detail/dds_fastrtps/ego__type_support.cpp.o[0m
[ 36%] [32mBuilding CXX object CMakeFiles/crp_msgs__rosidl_typesupport_cpp.dir/rosidl_typesupport_cpp/crp_msgs/msg/ego__type_support.cpp.o[0m
[ 37%] [32mBuilding CXX object CMakeFiles/crp_msgs__rosidl_typesupport_fastrtps_cpp.dir/rosidl_typesupport_fastrtps_cpp/crp_msgs/msg/detail/dds_fastrtps/ego_status__type_support.cpp.o[0m
[ 39%] [32mBuilding CXX object CMakeFiles/crp_msgs__rosidl_typesupport_cpp.dir/rosidl_typesupport_cpp/crp_msgs/msg/ego_status__type_support.cpp.o[0m
[ 40%] [32mBuilding CXX object CMakeFiles/crp_msgs__rosidl_typesupport_introspection_cpp.dir/rosidl_typesupport_introspection_cpp/crp_msgs/msg/detail/scenario__type_support.cpp.o[0m
[ 41%] [32mBuilding CXX object CMakeFiles/crp_msgs__rosidl_typesupport_introspection_cpp.dir/rosidl_typesupport_introspection_cpp/crp_msgs/msg/detail/ego__type_support.cpp.o[0m
[ 43%] [32m[1mLinking CXX shared library libcrp_msgs__rosidl_typesupport_cpp.so[0m
[ 44%] [32m[1mLinking CXX shared library libcrp_msgs__rosidl_typesupport_fastrtps_cpp.so[0m
[ 44%] Built target crp_msgs__rosidl_typesupport_cpp
[ 44%] Built target crp_msgs__rosidl_typesupport_fastrtps_cpp
[ 45%] [34m[1mGenerating C type support for eProsima Fast-RTPS[0m
[ 46%] [34m[1mGenerating C introspection for ROS interfaces[0m
[ 48%] [32mBuilding CXX object CMakeFiles/crp_msgs__rosidl_typesupport_introspection_cpp.dir/rosidl_typesupport_introspection_cpp/crp_msgs/msg/detail/ego_status__type_support.cpp.o[0m
[ 49%] [34m[1mGenerating C type support dispatch for ROS interfaces[0m
[ 50%] [32m[1mLinking CXX shared library libcrp_msgs__rosidl_typesupport_introspection_cpp.so[0m
[ 50%] Built target crp_msgs__rosidl_typesupport_introspection_cpp
[ 51%] [32mBuilding C object CMakeFiles/crp_msgs__rosidl_typesupport_introspection_c.dir/rosidl_typesupport_introspection_c/crp_msgs/msg/detail/traffic_rule__type_support.c.o[0m
[ 53%] [32mBuilding C object CMakeFiles/crp_msgs__rosidl_typesupport_introspection_c.dir/rosidl_typesupport_introspection_c/crp_msgs/msg/detail/path_with_traffic_rules__type_support.c.o[0m
[ 54%] [32mBuilding CXX object CMakeFiles/crp_msgs__rosidl_typesupport_fastrtps_c.dir/rosidl_typesupport_fastrtps_c/crp_msgs/msg/detail/traffic_rule__type_support_c.cpp.o[0m
[ 55%] [32mBuilding C object CMakeFiles/crp_msgs__rosidl_typesupport_introspection_c.dir/rosidl_typesupport_introspection_c/crp_msgs/msg/detail/world__type_support.c.o[0m
[ 56%] [32mBuilding CXX object CMakeFiles/crp_msgs__rosidl_typesupport_c.dir/rosidl_typesupport_c/crp_msgs/msg/traffic_rule__type_support.cpp.o[0m
[ 58%] [32mBuilding C object CMakeFiles/crp_msgs__rosidl_typesupport_introspection_c.dir/rosidl_typesupport_introspection_c/crp_msgs/msg/detail/target_space__type_support.c.o[0m
[ 59%] [32mBuilding C object CMakeFiles/crp_msgs__rosidl_typesupport_introspection_c.dir/rosidl_typesupport_introspection_c/crp_msgs/msg/detail/scenario__type_support.c.o[0m
[ 60%] [32mBuilding C object CMakeFiles/crp_msgs__rosidl_typesupport_introspection_c.dir/rosidl_typesupport_introspection_c/crp_msgs/msg/detail/ego_status__type_support.c.o[0m
[ 62%] [32mBuilding CXX object CMakeFiles/crp_msgs__rosidl_typesupport_c.dir/rosidl_typesupport_c/crp_msgs/msg/path_with_traffic_rules__type_support.cpp.o[0m
[ 63%] [32mBuilding C object CMakeFiles/crp_msgs__rosidl_typesupport_introspection_c.dir/rosidl_typesupport_introspection_c/crp_msgs/msg/detail/ego__type_support.c.o[0m
[ 65%] [32mBuilding CXX object CMakeFiles/crp_msgs__rosidl_typesupport_c.dir/rosidl_typesupport_c/crp_msgs/msg/target_space__type_support.cpp.o[0m
[ 65%] [32mBuilding CXX object CMakeFiles/crp_msgs__rosidl_typesupport_c.dir/rosidl_typesupport_c/crp_msgs/msg/world__type_support.cpp.o[0m
[ 67%] [32m[1mLinking C shared library libcrp_msgs__rosidl_typesupport_introspection_c.so[0m
[ 68%] [32mBuilding CXX object CMakeFiles/crp_msgs__rosidl_typesupport_c.dir/rosidl_typesupport_c/crp_msgs/msg/scenario__type_support.cpp.o[0m
[ 69%] [32mBuilding CXX object CMakeFiles/crp_msgs__rosidl_typesupport_c.dir/rosidl_typesupport_c/crp_msgs/msg/ego__type_support.cpp.o[0m
[ 70%] [32mBuilding CXX object CMakeFiles/crp_msgs__rosidl_typesupport_fastrtps_c.dir/rosidl_typesupport_fastrtps_c/crp_msgs/msg/detail/path_with_traffic_rules__type_support_c.cpp.o[0m
[ 70%] Built target crp_msgs__rosidl_typesupport_introspection_c
[ 72%] [32mBuilding CXX object CMakeFiles/crp_msgs__rosidl_typesupport_fastrtps_c.dir/rosidl_typesupport_fastrtps_c/crp_msgs/msg/detail/world__type_support_c.cpp.o[0m
[ 73%] [32mBuilding CXX object CMakeFiles/crp_msgs__rosidl_typesupport_c.dir/rosidl_typesupport_c/crp_msgs/msg/ego_status__type_support.cpp.o[0m
[ 74%] [32mBuilding CXX object CMakeFiles/crp_msgs__rosidl_typesupport_fastrtps_c.dir/rosidl_typesupport_fastrtps_c/crp_msgs/msg/detail/target_space__type_support_c.cpp.o[0m
[ 75%] [32m[1mLinking CXX shared library libcrp_msgs__rosidl_typesupport_c.so[0m
[ 77%] [32mBuilding CXX object CMakeFiles/crp_msgs__rosidl_typesupport_fastrtps_c.dir/rosidl_typesupport_fastrtps_c/crp_msgs/msg/detail/scenario__type_support_c.cpp.o[0m
[ 78%] [32mBuilding CXX object CMakeFiles/crp_msgs__rosidl_typesupport_fastrtps_c.dir/rosidl_typesupport_fastrtps_c/crp_msgs/msg/detail/ego__type_support_c.cpp.o[0m
[ 78%] Built target crp_msgs__rosidl_typesupport_c
[ 79%] [32mBuilding CXX object CMakeFiles/crp_msgs__rosidl_typesupport_fastrtps_c.dir/rosidl_typesupport_fastrtps_c/crp_msgs/msg/detail/ego_status__type_support_c.cpp.o[0m
[ 81%] [32m[1mLinking CXX shared library libcrp_msgs__rosidl_typesupport_fastrtps_c.so[0m
[ 81%] Built target crp_msgs__rosidl_typesupport_fastrtps_c
[ 81%] Built target crp_msgs
[ 82%] [34m[1mGenerating Python code for ROS interfaces[0m
[ 82%] Built target crp_msgs__py
[ 83%] [32mBuilding C object CMakeFiles/crp_msgs__rosidl_generator_py.dir/rosidl_generator_py/crp_msgs/msg/_traffic_rule_s.c.o[0m
[ 86%] [32mBuilding C object CMakeFiles/crp_msgs__rosidl_generator_py.dir/rosidl_generator_py/crp_msgs/msg/_world_s.c.o[0m
[ 87%] [32mBuilding C object CMakeFiles/crp_msgs__rosidl_generator_py.dir/rosidl_generator_py/crp_msgs/msg/_target_space_s.c.o[0m
[ 87%] [32mBuilding C object CMakeFiles/crp_msgs__rosidl_generator_py.dir/rosidl_generator_py/crp_msgs/msg/_path_with_traffic_rules_s.c.o[0m
[ 88%] [32mBuilding C object CMakeFiles/crp_msgs__rosidl_generator_py.dir/rosidl_generator_py/crp_msgs/msg/_ego_s.c.o[0m
[ 89%] [32mBuilding C object CMakeFiles/crp_msgs__rosidl_generator_py.dir/rosidl_generator_py/crp_msgs/msg/_scenario_s.c.o[0m
[ 91%] [32mBuilding C object CMakeFiles/crp_msgs__rosidl_generator_py.dir/rosidl_generator_py/crp_msgs/msg/_ego_status_s.c.o[0m
[ 92%] [32m[1mLinking C shared library rosidl_generator_py/crp_msgs/libcrp_msgs__rosidl_generator_py.so[0m
[ 92%] Built target crp_msgs__rosidl_generator_py
[ 93%] [32mBuilding C object CMakeFiles/crp_msgs__rosidl_typesupport_fastrtps_c__pyext.dir/rosidl_generator_py/crp_msgs/_crp_msgs_s.ep.rosidl_typesupport_fastrtps_c.c.o[0m
[ 94%] [32mBuilding C object CMakeFiles/crp_msgs__rosidl_typesupport_c__pyext.dir/rosidl_generator_py/crp_msgs/_crp_msgs_s.ep.rosidl_typesupport_c.c.o[0m
[ 96%] [32mBuilding C object CMakeFiles/crp_msgs__rosidl_typesupport_introspection_c__pyext.dir/rosidl_generator_py/crp_msgs/_crp_msgs_s.ep.rosidl_typesupport_introspection_c.c.o[0m
[ 97%] [32m[1mLinking C shared library rosidl_generator_py/crp_msgs/crp_msgs_s__rosidl_typesupport_fastrtps_c.cpython-310-aarch64-linux-gnu.so[0m
[100%] [32m[1mLinking C shared library rosidl_generator_py/crp_msgs/crp_msgs_s__rosidl_typesupport_introspection_c.cpython-310-aarch64-linux-gnu.so[0m
[100%] [32m[1mLinking C shared library rosidl_generator_py/crp_msgs/crp_msgs_s__rosidl_typesupport_c.cpython-310-aarch64-linux-gnu.so[0m
[100%] Built target crp_msgs__rosidl_typesupport_fastrtps_c__pyext
[100%] Built target crp_msgs__rosidl_typesupport_introspection_c__pyext
[100%] Built target crp_msgs__rosidl_typesupport_c__pyext
-- Install configuration: ""
-- Installing: /home/gfigneczi1/ros2_ws/src/CooperativeResearchPlatform/install/crp_msgs/share/ament_index/resource_index/rosidl_interfaces/crp_msgs
-- Installing: /home/gfigneczi1/ros2_ws/src/CooperativeResearchPlatform/install/crp_msgs/include/crp_msgs/crp_msgs
-- Installing: /home/gfigneczi1/ros2_ws/src/CooperativeResearchPlatform/install/crp_msgs/include/crp_msgs/crp_msgs/msg
-- Installing: /home/gfigneczi1/ros2_ws/src/CooperativeResearchPlatform/install/crp_msgs/include/crp_msgs/crp_msgs/msg/ego_status.h
-- Installing: /home/gfigneczi1/ros2_ws/src/CooperativeResearchPlatform/install/crp_msgs/include/crp_msgs/crp_msgs/msg/world.h
-- Installing: /home/gfigneczi1/ros2_ws/src/CooperativeResearchPlatform/install/crp_msgs/include/crp_msgs/crp_msgs/msg/target_space.h
-- Installing: /home/gfigneczi1/ros2_ws/src/CooperativeResearchPlatform/install/crp_msgs/include/crp_msgs/crp_msgs/msg/rosidl_generator_c__visibility_control.h
-- Installing: /home/gfigneczi1/ros2_ws/src/CooperativeResearchPlatform/install/crp_msgs/include/crp_msgs/crp_msgs/msg/detail
-- Installing: /home/gfigneczi1/ros2_ws/src/CooperativeResearchPlatform/install/crp_msgs/include/crp_msgs/crp_msgs/msg/detail/target_space__functions.c
-- Installing: /home/gfigneczi1/ros2_ws/src/CooperativeResearchPlatform/install/crp_msgs/include/crp_msgs/crp_msgs/msg/detail/scenario__functions.h
-- Installing: /home/gfigneczi1/ros2_ws/src/CooperativeResearchPlatform/install/crp_msgs/include/crp_msgs/crp_msgs/msg/detail/world__functions.c
-- Installing: /home/gfigneczi1/ros2_ws/src/CooperativeResearchPlatform/install/crp_msgs/include/crp_msgs/crp_msgs/msg/detail/ego_status__struct.h
-- Installing: /home/gfigneczi1/ros2_ws/src/CooperativeResearchPlatform/install/crp_msgs/include/crp_msgs/crp_msgs/msg/detail/path_with_traffic_rules__functions.c
-- Installing: /home/gfigneczi1/ros2_ws/src/CooperativeResearchPlatform/install/crp_msgs/include/crp_msgs/crp_msgs/msg/detail/target_space__struct.h
-- Installing: /home/gfigneczi1/ros2_ws/src/CooperativeResearchPlatform/install/crp_msgs/include/crp_msgs/crp_msgs/msg/detail/path_with_traffic_rules__type_support.h
-- Installing: /home/gfigneczi1/ros2_ws/src/CooperativeResearchPlatform/install/crp_msgs/include/crp_msgs/crp_msgs/msg/detail/traffic_rule__functions.h
-- Installing: /home/gfigneczi1/ros2_ws/src/CooperativeResearchPlatform/install/crp_msgs/include/crp_msgs/crp_msgs/msg/detail/ego__struct.h
-- Installing: /home/gfigneczi1/ros2_ws/src/CooperativeResearchPlatform/install/crp_msgs/include/crp_msgs/crp_msgs/msg/detail/world__struct.h
-- Installing: /home/gfigneczi1/ros2_ws/src/CooperativeResearchPlatform/install/crp_msgs/include/crp_msgs/crp_msgs/msg/detail/world__functions.h
-- Installing: /home/gfigneczi1/ros2_ws/src/CooperativeResearchPlatform/install/crp_msgs/include/crp_msgs/crp_msgs/msg/detail/ego_status__type_support.h
-- Installing: /home/gfigneczi1/ros2_ws/src/CooperativeResearchPlatform/install/crp_msgs/include/crp_msgs/crp_msgs/msg/detail/ego__functions.h
-- Installing: /home/gfigneczi1/ros2_ws/src/CooperativeResearchPlatform/install/crp_msgs/include/crp_msgs/crp_msgs/msg/detail/traffic_rule__struct.h
-- Installing: /home/gfigneczi1/ros2_ws/src/CooperativeResearchPlatform/install/crp_msgs/include/crp_msgs/crp_msgs/msg/detail/target_space__functions.h
-- Installing: /home/gfigneczi1/ros2_ws/src/CooperativeResearchPlatform/install/crp_msgs/include/crp_msgs/crp_msgs/msg/detail/ego__functions.c
-- Installing: /home/gfigneczi1/ros2_ws/src/CooperativeResearchPlatform/install/crp_msgs/include/crp_msgs/crp_msgs/msg/detail/path_with_traffic_rules__functions.h
-- Installing: /home/gfigneczi1/ros2_ws/src/CooperativeResearchPlatform/install/crp_msgs/include/crp_msgs/crp_msgs/msg/detail/target_space__type_support.h
-- Installing: /home/gfigneczi1/ros2_ws/src/CooperativeResearchPlatform/install/crp_msgs/include/crp_msgs/crp_msgs/msg/detail/traffic_rule__functions.c
-- Installing: /home/gfigneczi1/ros2_ws/src/CooperativeResearchPlatform/install/crp_msgs/include/crp_msgs/crp_msgs/msg/detail/ego_status__functions.h
-- Installing: /home/gfigneczi1/ros2_ws/src/CooperativeResearchPlatform/install/crp_msgs/include/crp_msgs/crp_msgs/msg/detail/traffic_rule__type_support.h
-- Installing: /home/gfigneczi1/ros2_ws/src/CooperativeResearchPlatform/install/crp_msgs/include/crp_msgs/crp_msgs/msg/detail/scenario__struct.h
-- Installing: /home/gfigneczi1/ros2_ws/src/CooperativeResearchPlatform/install/crp_msgs/include/crp_msgs/crp_msgs/msg/detail/path_with_traffic_rules__struct.h
-- Installing: /home/gfigneczi1/ros2_ws/src/CooperativeResearchPlatform/install/crp_msgs/include/crp_msgs/crp_msgs/msg/detail/world__type_support.h
-- Installing: /home/gfigneczi1/ros2_ws/src/CooperativeResearchPlatform/install/crp_msgs/include/crp_msgs/crp_msgs/msg/detail/scenario__type_support.h
-- Installing: /home/gfigneczi1/ros2_ws/src/CooperativeResearchPlatform/install/crp_msgs/include/crp_msgs/crp_msgs/msg/detail/scenario__functions.c
-- Installing: /home/gfigneczi1/ros2_ws/src/CooperativeResearchPlatform/install/crp_msgs/include/crp_msgs/crp_msgs/msg/detail/ego_status__functions.c
-- Installing: /home/gfigneczi1/ros2_ws/src/CooperativeResearchPlatform/install/crp_msgs/include/crp_msgs/crp_msgs/msg/detail/ego__type_support.h
-- Installing: /home/gfigneczi1/ros2_ws/src/CooperativeResearchPlatform/install/crp_msgs/include/crp_msgs/crp_msgs/msg/scenario.h
-- Installing: /home/gfigneczi1/ros2_ws/src/CooperativeResearchPlatform/install/crp_msgs/include/crp_msgs/crp_msgs/msg/traffic_rule.h
-- Installing: /home/gfigneczi1/ros2_ws/src/CooperativeResearchPlatform/install/crp_msgs/include/crp_msgs/crp_msgs/msg/path_with_traffic_rules.h
-- Installing: /home/gfigneczi1/ros2_ws/src/CooperativeResearchPlatform/install/crp_msgs/include/crp_msgs/crp_msgs/msg/ego.h
-- Installing: /home/gfigneczi1/ros2_ws/src/CooperativeResearchPlatform/install/crp_msgs/share/crp_msgs/environment/library_path.sh
-- Installing: /home/gfigneczi1/ros2_ws/src/CooperativeResearchPlatform/install/crp_msgs/share/crp_msgs/environment/library_path.dsv
-- Installing: /home/gfigneczi1/ros2_ws/src/CooperativeResearchPlatform/install/crp_msgs/lib/libcrp_msgs__rosidl_generator_c.so
-- Set runtime path of "/home/gfigneczi1/ros2_ws/src/CooperativeResearchPlatform/install/crp_msgs/lib/libcrp_msgs__rosidl_generator_c.so" to ""
-- Up-to-date: /home/gfigneczi1/ros2_ws/src/CooperativeResearchPlatform/install/crp_msgs/include/crp_msgs/crp_msgs
-- Up-to-date: /home/gfigneczi1/ros2_ws/src/CooperativeResearchPlatform/install/crp_msgs/include/crp_msgs/crp_msgs/msg
-- Up-to-date: /home/gfigneczi1/ros2_ws/src/CooperativeResearchPlatform/install/crp_msgs/include/crp_msgs/crp_msgs/msg/detail
-- Installing: /home/gfigneczi1/ros2_ws/src/CooperativeResearchPlatform/install/crp_msgs/include/crp_msgs/crp_msgs/msg/detail/ego__rosidl_typesupport_fastrtps_c.h
-- Installing: /home/gfigneczi1/ros2_ws/src/CooperativeResearchPlatform/install/crp_msgs/include/crp_msgs/crp_msgs/msg/detail/ego_status__rosidl_typesupport_fastrtps_c.h
-- Installing: /home/gfigneczi1/ros2_ws/src/CooperativeResearchPlatform/install/crp_msgs/include/crp_msgs/crp_msgs/msg/detail/traffic_rule__rosidl_typesupport_fastrtps_c.h
-- Installing: /home/gfigneczi1/ros2_ws/src/CooperativeResearchPlatform/install/crp_msgs/include/crp_msgs/crp_msgs/msg/detail/path_with_traffic_rules__rosidl_typesupport_fastrtps_c.h
-- Installing: /home/gfigneczi1/ros2_ws/src/CooperativeResearchPlatform/install/crp_msgs/include/crp_msgs/crp_msgs/msg/detail/world__rosidl_typesupport_fastrtps_c.h
-- Installing: /home/gfigneczi1/ros2_ws/src/CooperativeResearchPlatform/install/crp_msgs/include/crp_msgs/crp_msgs/msg/detail/scenario__rosidl_typesupport_fastrtps_c.h
-- Installing: /home/gfigneczi1/ros2_ws/src/CooperativeResearchPlatform/install/crp_msgs/include/crp_msgs/crp_msgs/msg/detail/target_space__rosidl_typesupport_fastrtps_c.h
-- Installing: /home/gfigneczi1/ros2_ws/src/CooperativeResearchPlatform/install/crp_msgs/include/crp_msgs/crp_msgs/msg/rosidl_typesupport_fastrtps_c__visibility_control.h
-- Installing: /home/gfigneczi1/ros2_ws/src/CooperativeResearchPlatform/install/crp_msgs/lib/libcrp_msgs__rosidl_typesupport_fastrtps_c.so
-- Set runtime path of "/home/gfigneczi1/ros2_ws/src/CooperativeResearchPlatform/install/crp_msgs/lib/libcrp_msgs__rosidl_typesupport_fastrtps_c.so" to ""
-- Up-to-date: /home/gfigneczi1/ros2_ws/src/CooperativeResearchPlatform/install/crp_msgs/include/crp_msgs/crp_msgs
-- Up-to-date: /home/gfigneczi1/ros2_ws/src/CooperativeResearchPlatform/install/crp_msgs/include/crp_msgs/crp_msgs/msg
-- Installing: /home/gfigneczi1/ros2_ws/src/CooperativeResearchPlatform/install/crp_msgs/include/crp_msgs/crp_msgs/msg/ego_status.hpp
-- Installing: /home/gfigneczi1/ros2_ws/src/CooperativeResearchPlatform/install/crp_msgs/include/crp_msgs/crp_msgs/msg/ego.hpp
-- Installing: /home/gfigneczi1/ros2_ws/src/CooperativeResearchPlatform/install/crp_msgs/include/crp_msgs/crp_msgs/msg/world.hpp
-- Installing: /home/gfigneczi1/ros2_ws/src/CooperativeResearchPlatform/install/crp_msgs/include/crp_msgs/crp_msgs/msg/path_with_traffic_rules.hpp
-- Installing: /home/gfigneczi1/ros2_ws/src/CooperativeResearchPlatform/install/crp_msgs/include/crp_msgs/crp_msgs/msg/traffic_rule.hpp
-- Up-to-date: /home/gfigneczi1/ros2_ws/src/CooperativeResearchPlatform/install/crp_msgs/include/crp_msgs/crp_msgs/msg/detail
-- Installing: /home/gfigneczi1/ros2_ws/src/CooperativeResearchPlatform/install/crp_msgs/include/crp_msgs/crp_msgs/msg/detail/ego__traits.hpp
-- Installing: /home/gfigneczi1/ros2_ws/src/CooperativeResearchPlatform/install/crp_msgs/include/crp_msgs/crp_msgs/msg/detail/ego_status__struct.hpp
-- Installing: /home/gfigneczi1/ros2_ws/src/CooperativeResearchPlatform/install/crp_msgs/include/crp_msgs/crp_msgs/msg/detail/traffic_rule__traits.hpp
-- Installing: /home/gfigneczi1/ros2_ws/src/CooperativeResearchPlatform/install/crp_msgs/include/crp_msgs/crp_msgs/msg/detail/path_with_traffic_rules__struct.hpp
-- Installing: /home/gfigneczi1/ros2_ws/src/CooperativeResearchPlatform/install/crp_msgs/include/crp_msgs/crp_msgs/msg/detail/traffic_rule__builder.hpp
-- Installing: /home/gfigneczi1/ros2_ws/src/CooperativeResearchPlatform/install/crp_msgs/include/crp_msgs/crp_msgs/msg/detail/path_with_traffic_rules__traits.hpp
-- Installing: /home/gfigneczi1/ros2_ws/src/CooperativeResearchPlatform/install/crp_msgs/include/crp_msgs/crp_msgs/msg/detail/target_space__traits.hpp
-- Installing: /home/gfigneczi1/ros2_ws/src/CooperativeResearchPlatform/install/crp_msgs/include/crp_msgs/crp_msgs/msg/detail/ego_status__builder.hpp
-- Installing: /home/gfigneczi1/ros2_ws/src/CooperativeResearchPlatform/install/crp_msgs/include/crp_msgs/crp_msgs/msg/detail/target_space__builder.hpp
-- Installing: /home/gfigneczi1/ros2_ws/src/CooperativeResearchPlatform/install/crp_msgs/include/crp_msgs/crp_msgs/msg/detail/scenario__traits.hpp
-- Installing: /home/gfigneczi1/ros2_ws/src/CooperativeResearchPlatform/install/crp_msgs/include/crp_msgs/crp_msgs/msg/detail/ego_status__traits.hpp
-- Installing: /home/gfigneczi1/ros2_ws/src/CooperativeResearchPlatform/install/crp_msgs/include/crp_msgs/crp_msgs/msg/detail/ego__builder.hpp
-- Installing: /home/gfigneczi1/ros2_ws/src/CooperativeResearchPlatform/install/crp_msgs/include/crp_msgs/crp_msgs/msg/detail/world__traits.hpp
-- Installing: /home/gfigneczi1/ros2_ws/src/CooperativeResearchPlatform/install/crp_msgs/include/crp_msgs/crp_msgs/msg/detail/path_with_traffic_rules__builder.hpp
-- Installing: /home/gfigneczi1/ros2_ws/src/CooperativeResearchPlatform/install/crp_msgs/include/crp_msgs/crp_msgs/msg/detail/world__struct.hpp
-- Installing: /home/gfigneczi1/ros2_ws/src/CooperativeResearchPlatform/install/crp_msgs/include/crp_msgs/crp_msgs/msg/detail/scenario__struct.hpp
-- Installing: /home/gfigneczi1/ros2_ws/src/CooperativeResearchPlatform/install/crp_msgs/include/crp_msgs/crp_msgs/msg/detail/world__builder.hpp
-- Installing: /home/gfigneczi1/ros2_ws/src/CooperativeResearchPlatform/install/crp_msgs/include/crp_msgs/crp_msgs/msg/detail/scenario__builder.hpp
-- Installing: /home/gfigneczi1/ros2_ws/src/CooperativeResearchPlatform/install/crp_msgs/include/crp_msgs/crp_msgs/msg/detail/ego__struct.hpp
-- Installing: /home/gfigneczi1/ros2_ws/src/CooperativeResearchPlatform/install/crp_msgs/include/crp_msgs/crp_msgs/msg/detail/traffic_rule__struct.hpp
-- Installing: /home/gfigneczi1/ros2_ws/src/CooperativeResearchPlatform/install/crp_msgs/include/crp_msgs/crp_msgs/msg/detail/target_space__struct.hpp
-- Installing: /home/gfigneczi1/ros2_ws/src/CooperativeResearchPlatform/install/crp_msgs/include/crp_msgs/crp_msgs/msg/target_space.hpp
-- Installing: /home/gfigneczi1/ros2_ws/src/CooperativeResearchPlatform/install/crp_msgs/include/crp_msgs/crp_msgs/msg/scenario.hpp
-- Up-to-date: /home/gfigneczi1/ros2_ws/src/CooperativeResearchPlatform/install/crp_msgs/include/crp_msgs/crp_msgs
-- Up-to-date: /home/gfigneczi1/ros2_ws/src/CooperativeResearchPlatform/install/crp_msgs/include/crp_msgs/crp_msgs/msg
-- Installing: /home/gfigneczi1/ros2_ws/src/CooperativeResearchPlatform/install/crp_msgs/include/crp_msgs/crp_msgs/msg/rosidl_typesupport_fastrtps_cpp__visibility_control.h
-- Up-to-date: /home/gfigneczi1/ros2_ws/src/CooperativeResearchPlatform/install/crp_msgs/include/crp_msgs/crp_msgs/msg/detail
-- Installing: /home/gfigneczi1/ros2_ws/src/CooperativeResearchPlatform/install/crp_msgs/include/crp_msgs/crp_msgs/msg/detail/world__rosidl_typesupport_fastrtps_cpp.hpp
-- Installing: /home/gfigneczi1/ros2_ws/src/CooperativeResearchPlatform/install/crp_msgs/include/crp_msgs/crp_msgs/msg/detail/ego__rosidl_typesupport_fastrtps_cpp.hpp
-- Installing: /home/gfigneczi1/ros2_ws/src/CooperativeResearchPlatform/install/crp_msgs/include/crp_msgs/crp_msgs/msg/detail/ego_status__rosidl_typesupport_fastrtps_cpp.hpp
-- Installing: /home/gfigneczi1/ros2_ws/src/CooperativeResearchPlatform/install/crp_msgs/include/crp_msgs/crp_msgs/msg/detail/traffic_rule__rosidl_typesupport_fastrtps_cpp.hpp
-- Installing: /home/gfigneczi1/ros2_ws/src/CooperativeResearchPlatform/install/crp_msgs/include/crp_msgs/crp_msgs/msg/detail/scenario__rosidl_typesupport_fastrtps_cpp.hpp
-- Installing: /home/gfigneczi1/ros2_ws/src/CooperativeResearchPlatform/install/crp_msgs/include/crp_msgs/crp_msgs/msg/detail/target_space__rosidl_typesupport_fastrtps_cpp.hpp
-- Installing: /home/gfigneczi1/ros2_ws/src/CooperativeResearchPlatform/install/crp_msgs/include/crp_msgs/crp_msgs/msg/detail/dds_fastrtps
-- Installing: /home/gfigneczi1/ros2_ws/src/CooperativeResearchPlatform/install/crp_msgs/include/crp_msgs/crp_msgs/msg/detail/path_with_traffic_rules__rosidl_typesupport_fastrtps_cpp.hpp
-- Installing: /home/gfigneczi1/ros2_ws/src/CooperativeResearchPlatform/install/crp_msgs/lib/libcrp_msgs__rosidl_typesupport_fastrtps_cpp.so
-- Set runtime path of "/home/gfigneczi1/ros2_ws/src/CooperativeResearchPlatform/install/crp_msgs/lib/libcrp_msgs__rosidl_typesupport_fastrtps_cpp.so" to ""
-- Up-to-date: /home/gfigneczi1/ros2_ws/src/CooperativeResearchPlatform/install/crp_msgs/include/crp_msgs/crp_msgs
-- Up-to-date: /home/gfigneczi1/ros2_ws/src/CooperativeResearchPlatform/install/crp_msgs/include/crp_msgs/crp_msgs/msg
-- Up-to-date: /home/gfigneczi1/ros2_ws/src/CooperativeResearchPlatform/install/crp_msgs/include/crp_msgs/crp_msgs/msg/detail
-- Installing: /home/gfigneczi1/ros2_ws/src/CooperativeResearchPlatform/install/crp_msgs/include/crp_msgs/crp_msgs/msg/detail/ego_status__rosidl_typesupport_introspection_c.h
-- Installing: /home/gfigneczi1/ros2_ws/src/CooperativeResearchPlatform/install/crp_msgs/include/crp_msgs/crp_msgs/msg/detail/ego__rosidl_typesupport_introspection_c.h
-- Installing: /home/gfigneczi1/ros2_ws/src/CooperativeResearchPlatform/install/crp_msgs/include/crp_msgs/crp_msgs/msg/detail/traffic_rule__type_support.c
-- Installing: /home/gfigneczi1/ros2_ws/src/CooperativeResearchPlatform/install/crp_msgs/include/crp_msgs/crp_msgs/msg/detail/ego_status__type_support.c
-- Installing: /home/gfigneczi1/ros2_ws/src/CooperativeResearchPlatform/install/crp_msgs/include/crp_msgs/crp_msgs/msg/detail/scenario__rosidl_typesupport_introspection_c.h
-- Installing: /home/gfigneczi1/ros2_ws/src/CooperativeResearchPlatform/install/crp_msgs/include/crp_msgs/crp_msgs/msg/detail/ego__type_support.c
-- Installing: /home/gfigneczi1/ros2_ws/src/CooperativeResearchPlatform/install/crp_msgs/include/crp_msgs/crp_msgs/msg/detail/path_with_traffic_rules__rosidl_typesupport_introspection_c.h
-- Installing: /home/gfigneczi1/ros2_ws/src/CooperativeResearchPlatform/install/crp_msgs/include/crp_msgs/crp_msgs/msg/detail/scenario__type_support.c
-- Installing: /home/gfigneczi1/ros2_ws/src/CooperativeResearchPlatform/install/crp_msgs/include/crp_msgs/crp_msgs/msg/detail/target_space__rosidl_typesupport_introspection_c.h
-- Installing: /home/gfigneczi1/ros2_ws/src/CooperativeResearchPlatform/install/crp_msgs/include/crp_msgs/crp_msgs/msg/detail/traffic_rule__rosidl_typesupport_introspection_c.h
-- Installing: /home/gfigneczi1/ros2_ws/src/CooperativeResearchPlatform/install/crp_msgs/include/crp_msgs/crp_msgs/msg/detail/world__type_support.c
-- Installing: /home/gfigneczi1/ros2_ws/src/CooperativeResearchPlatform/install/crp_msgs/include/crp_msgs/crp_msgs/msg/detail/path_with_traffic_rules__type_support.c
-- Installing: /home/gfigneczi1/ros2_ws/src/CooperativeResearchPlatform/install/crp_msgs/include/crp_msgs/crp_msgs/msg/detail/world__rosidl_typesupport_introspection_c.h
-- Installing: /home/gfigneczi1/ros2_ws/src/CooperativeResearchPlatform/install/crp_msgs/include/crp_msgs/crp_msgs/msg/detail/target_space__type_support.c
-- Installing: /home/gfigneczi1/ros2_ws/src/CooperativeResearchPlatform/install/crp_msgs/include/crp_msgs/crp_msgs/msg/rosidl_typesupport_introspection_c__visibility_control.h
-- Installing: /home/gfigneczi1/ros2_ws/src/CooperativeResearchPlatform/install/crp_msgs/lib/libcrp_msgs__rosidl_typesupport_introspection_c.so
-- Set runtime path of "/home/gfigneczi1/ros2_ws/src/CooperativeResearchPlatform/install/crp_msgs/lib/libcrp_msgs__rosidl_typesupport_introspection_c.so" to ""
-- Installing: /home/gfigneczi1/ros2_ws/src/CooperativeResearchPlatform/install/crp_msgs/lib/libcrp_msgs__rosidl_typesupport_c.so
-- Set runtime path of "/home/gfigneczi1/ros2_ws/src/CooperativeResearchPlatform/install/crp_msgs/lib/libcrp_msgs__rosidl_typesupport_c.so" to ""
-- Up-to-date: /home/gfigneczi1/ros2_ws/src/CooperativeResearchPlatform/install/crp_msgs/include/crp_msgs/crp_msgs
-- Up-to-date: /home/gfigneczi1/ros2_ws/src/CooperativeResearchPlatform/install/crp_msgs/include/crp_msgs/crp_msgs/msg
-- Up-to-date: /home/gfigneczi1/ros2_ws/src/CooperativeResearchPlatform/install/crp_msgs/include/crp_msgs/crp_msgs/msg/detail
-- Installing: /home/gfigneczi1/ros2_ws/src/CooperativeResearchPlatform/install/crp_msgs/include/crp_msgs/crp_msgs/msg/detail/target_space__rosidl_typesupport_introspection_cpp.hpp
-- Installing: /home/gfigneczi1/ros2_ws/src/CooperativeResearchPlatform/install/crp_msgs/include/crp_msgs/crp_msgs/msg/detail/scenario__type_support.cpp
-- Installing: /home/gfigneczi1/ros2_ws/src/CooperativeResearchPlatform/install/crp_msgs/include/crp_msgs/crp_msgs/msg/detail/world__type_support.cpp
-- Installing: /home/gfigneczi1/ros2_ws/src/CooperativeResearchPlatform/install/crp_msgs/include/crp_msgs/crp_msgs/msg/detail/path_with_traffic_rules__rosidl_typesupport_introspection_cpp.hpp
-- Installing: /home/gfigneczi1/ros2_ws/src/CooperativeResearchPlatform/install/crp_msgs/include/crp_msgs/crp_msgs/msg/detail/traffic_rule__type_support.cpp
-- Installing: /home/gfigneczi1/ros2_ws/src/CooperativeResearchPlatform/install/crp_msgs/include/crp_msgs/crp_msgs/msg/detail/scenario__rosidl_typesupport_introspection_cpp.hpp
-- Installing: /home/gfigneczi1/ros2_ws/src/CooperativeResearchPlatform/install/crp_msgs/include/crp_msgs/crp_msgs/msg/detail/ego__type_support.cpp
-- Installing: /home/gfigneczi1/ros2_ws/src/CooperativeResearchPlatform/install/crp_msgs/include/crp_msgs/crp_msgs/msg/detail/traffic_rule__rosidl_typesupport_introspection_cpp.hpp
-- Installing: /home/gfigneczi1/ros2_ws/src/CooperativeResearchPlatform/install/crp_msgs/include/crp_msgs/crp_msgs/msg/detail/ego__rosidl_typesupport_introspection_cpp.hpp
-- Installing: /home/gfigneczi1/ros2_ws/src/CooperativeResearchPlatform/install/crp_msgs/include/crp_msgs/crp_msgs/msg/detail/path_with_traffic_rules__type_support.cpp
-- Installing: /home/gfigneczi1/ros2_ws/src/CooperativeResearchPlatform/install/crp_msgs/include/crp_msgs/crp_msgs/msg/detail/target_space__type_support.cpp
-- Installing: /home/gfigneczi1/ros2_ws/src/CooperativeResearchPlatform/install/crp_msgs/include/crp_msgs/crp_msgs/msg/detail/world__rosidl_typesupport_introspection_cpp.hpp
-- Installing: /home/gfigneczi1/ros2_ws/src/CooperativeResearchPlatform/install/crp_msgs/include/crp_msgs/crp_msgs/msg/detail/ego_status__type_support.cpp
-- Installing: /home/gfigneczi1/ros2_ws/src/CooperativeResearchPlatform/install/crp_msgs/include/crp_msgs/crp_msgs/msg/detail/ego_status__rosidl_typesupport_introspection_cpp.hpp
-- Installing: /home/gfigneczi1/ros2_ws/src/CooperativeResearchPlatform/install/crp_msgs/lib/libcrp_msgs__rosidl_typesupport_introspection_cpp.so
-- Set runtime path of "/home/gfigneczi1/ros2_ws/src/CooperativeResearchPlatform/install/crp_msgs/lib/libcrp_msgs__rosidl_typesupport_introspection_cpp.so" to ""
-- Installing: /home/gfigneczi1/ros2_ws/src/CooperativeResearchPlatform/install/crp_msgs/lib/libcrp_msgs__rosidl_typesupport_cpp.so
-- Set runtime path of "/home/gfigneczi1/ros2_ws/src/CooperativeResearchPlatform/install/crp_msgs/lib/libcrp_msgs__rosidl_typesupport_cpp.so" to ""
-- Installing: /home/gfigneczi1/ros2_ws/src/CooperativeResearchPlatform/install/crp_msgs/share/crp_msgs/environment/pythonpath.sh
-- Installing: /home/gfigneczi1/ros2_ws/src/CooperativeResearchPlatform/install/crp_msgs/share/crp_msgs/environment/pythonpath.dsv
-- Installing: /home/gfigneczi1/ros2_ws/src/CooperativeResearchPlatform/install/crp_msgs/local/lib/python3.10/dist-packages/crp_msgs-0.0.0-py3.10.egg-info
-- Installing: /home/gfigneczi1/ros2_ws/src/CooperativeResearchPlatform/install/crp_msgs/local/lib/python3.10/dist-packages/crp_msgs-0.0.0-py3.10.egg-info/SOURCES.txt
-- Installing: /home/gfigneczi1/ros2_ws/src/CooperativeResearchPlatform/install/crp_msgs/local/lib/python3.10/dist-packages/crp_msgs-0.0.0-py3.10.egg-info/PKG-INFO
-- Installing: /home/gfigneczi1/ros2_ws/src/CooperativeResearchPlatform/install/crp_msgs/local/lib/python3.10/dist-packages/crp_msgs-0.0.0-py3.10.egg-info/top_level.txt
-- Installing: /home/gfigneczi1/ros2_ws/src/CooperativeResearchPlatform/install/crp_msgs/local/lib/python3.10/dist-packages/crp_msgs-0.0.0-py3.10.egg-info/dependency_links.txt
-- Installing: /home/gfigneczi1/ros2_ws/src/CooperativeResearchPlatform/install/crp_msgs/local/lib/python3.10/dist-packages/crp_msgs
-- Installing: /home/gfigneczi1/ros2_ws/src/CooperativeResearchPlatform/install/crp_msgs/local/lib/python3.10/dist-packages/crp_msgs/__init__.py
-- Installing: /home/gfigneczi1/ros2_ws/src/CooperativeResearchPlatform/install/crp_msgs/local/lib/python3.10/dist-packages/crp_msgs/_crp_msgs_s.ep.rosidl_typesupport_fastrtps_c.c
-- Installing: /home/gfigneczi1/ros2_ws/src/CooperativeResearchPlatform/install/crp_msgs/local/lib/python3.10/dist-packages/crp_msgs/crp_msgs_s__rosidl_typesupport_c.cpython-310-aarch64-linux-gnu.so
-- Installing: /home/gfigneczi1/ros2_ws/src/CooperativeResearchPlatform/install/crp_msgs/local/lib/python3.10/dist-packages/crp_msgs/crp_msgs_s__rosidl_typesupport_fastrtps_c.cpython-310-aarch64-linux-gnu.so
-- Installing: /home/gfigneczi1/ros2_ws/src/CooperativeResearchPlatform/install/crp_msgs/local/lib/python3.10/dist-packages/crp_msgs/_crp_msgs_s.ep.rosidl_typesupport_introspection_c.c
-- Installing: /home/gfigneczi1/ros2_ws/src/CooperativeResearchPlatform/install/crp_msgs/local/lib/python3.10/dist-packages/crp_msgs/msg
-- Installing: /home/gfigneczi1/ros2_ws/src/CooperativeResearchPlatform/install/crp_msgs/local/lib/python3.10/dist-packages/crp_msgs/msg/__init__.py
-- Installing: /home/gfigneczi1/ros2_ws/src/CooperativeResearchPlatform/install/crp_msgs/local/lib/python3.10/dist-packages/crp_msgs/msg/_world_s.c
-- Installing: /home/gfigneczi1/ros2_ws/src/CooperativeResearchPlatform/install/crp_msgs/local/lib/python3.10/dist-packages/crp_msgs/msg/_traffic_rule.py
-- Installing: /home/gfigneczi1/ros2_ws/src/CooperativeResearchPlatform/install/crp_msgs/local/lib/python3.10/dist-packages/crp_msgs/msg/_target_space.py
-- Installing: /home/gfigneczi1/ros2_ws/src/CooperativeResearchPlatform/install/crp_msgs/local/lib/python3.10/dist-packages/crp_msgs/msg/_traffic_rule_s.c
-- Installing: /home/gfigneczi1/ros2_ws/src/CooperativeResearchPlatform/install/crp_msgs/local/lib/python3.10/dist-packages/crp_msgs/msg/_ego.py
-- Installing: /home/gfigneczi1/ros2_ws/src/CooperativeResearchPlatform/install/crp_msgs/local/lib/python3.10/dist-packages/crp_msgs/msg/_world.py
-- Installing: /home/gfigneczi1/ros2_ws/src/CooperativeResearchPlatform/install/crp_msgs/local/lib/python3.10/dist-packages/crp_msgs/msg/_ego_status_s.c
-- Installing: /home/gfigneczi1/ros2_ws/src/CooperativeResearchPlatform/install/crp_msgs/local/lib/python3.10/dist-packages/crp_msgs/msg/_target_space_s.c
-- Installing: /home/gfigneczi1/ros2_ws/src/CooperativeResearchPlatform/install/crp_msgs/local/lib/python3.10/dist-packages/crp_msgs/msg/_ego_s.c
-- Installing: /home/gfigneczi1/ros2_ws/src/CooperativeResearchPlatform/install/crp_msgs/local/lib/python3.10/dist-packages/crp_msgs/msg/_scenario.py
-- Installing: /home/gfigneczi1/ros2_ws/src/CooperativeResearchPlatform/install/crp_msgs/local/lib/python3.10/dist-packages/crp_msgs/msg/_ego_status.py
-- Installing: /home/gfigneczi1/ros2_ws/src/CooperativeResearchPlatform/install/crp_msgs/local/lib/python3.10/dist-packages/crp_msgs/msg/_path_with_traffic_rules_s.c
-- Installing: /home/gfigneczi1/ros2_ws/src/CooperativeResearchPlatform/install/crp_msgs/local/lib/python3.10/dist-packages/crp_msgs/msg/_path_with_traffic_rules.py
-- Installing: /home/gfigneczi1/ros2_ws/src/CooperativeResearchPlatform/install/crp_msgs/local/lib/python3.10/dist-packages/crp_msgs/msg/_scenario_s.c
-- Installing: /home/gfigneczi1/ros2_ws/src/CooperativeResearchPlatform/install/crp_msgs/local/lib/python3.10/dist-packages/crp_msgs/_crp_msgs_s.ep.rosidl_typesupport_c.c
-- Installing: /home/gfigneczi1/ros2_ws/src/CooperativeResearchPlatform/install/crp_msgs/local/lib/python3.10/dist-packages/crp_msgs/libcrp_msgs__rosidl_generator_py.so
-- Installing: /home/gfigneczi1/ros2_ws/src/CooperativeResearchPlatform/install/crp_msgs/local/lib/python3.10/dist-packages/crp_msgs/crp_msgs_s__rosidl_typesupport_introspection_c.cpython-310-aarch64-linux-gnu.so
Listing '/home/gfigneczi1/ros2_ws/src/CooperativeResearchPlatform/install/crp_msgs/local/lib/python3.10/dist-packages/crp_msgs'...
Compiling '/home/gfigneczi1/ros2_ws/src/CooperativeResearchPlatform/install/crp_msgs/local/lib/python3.10/dist-packages/crp_msgs/__init__.py'...
Listing '/home/gfigneczi1/ros2_ws/src/CooperativeResearchPlatform/install/crp_msgs/local/lib/python3.10/dist-packages/crp_msgs/msg'...
Compiling '/home/gfigneczi1/ros2_ws/src/CooperativeResearchPlatform/install/crp_msgs/local/lib/python3.10/dist-packages/crp_msgs/msg/__init__.py'...
Compiling '/home/gfigneczi1/ros2_ws/src/CooperativeResearchPlatform/install/crp_msgs/local/lib/python3.10/dist-packages/crp_msgs/msg/_ego.py'...
Compiling '/home/gfigneczi1/ros2_ws/src/CooperativeResearchPlatform/install/crp_msgs/local/lib/python3.10/dist-packages/crp_msgs/msg/_ego_status.py'...
Compiling '/home/gfigneczi1/ros2_ws/src/CooperativeResearchPlatform/install/crp_msgs/local/lib/python3.10/dist-packages/crp_msgs/msg/_path_with_traffic_rules.py'...
Compiling '/home/gfigneczi1/ros2_ws/src/CooperativeResearchPlatform/install/crp_msgs/local/lib/python3.10/dist-packages/crp_msgs/msg/_scenario.py'...
Compiling '/home/gfigneczi1/ros2_ws/src/CooperativeResearchPlatform/install/crp_msgs/local/lib/python3.10/dist-packages/crp_msgs/msg/_target_space.py'...
Compiling '/home/gfigneczi1/ros2_ws/src/CooperativeResearchPlatform/install/crp_msgs/local/lib/python3.10/dist-packages/crp_msgs/msg/_traffic_rule.py'...
Compiling '/home/gfigneczi1/ros2_ws/src/CooperativeResearchPlatform/install/crp_msgs/local/lib/python3.10/dist-packages/crp_msgs/msg/_world.py'...
-- Installing: /home/gfigneczi1/ros2_ws/src/CooperativeResearchPlatform/install/crp_msgs/local/lib/python3.10/dist-packages/crp_msgs/crp_msgs_s__rosidl_typesupport_fastrtps_c.cpython-310-aarch64-linux-gnu.so
-- Set runtime path of "/home/gfigneczi1/ros2_ws/src/CooperativeResearchPlatform/install/crp_msgs/local/lib/python3.10/dist-packages/crp_msgs/crp_msgs_s__rosidl_typesupport_fastrtps_c.cpython-310-aarch64-linux-gnu.so" to ""
-- Installing: /home/gfigneczi1/ros2_ws/src/CooperativeResearchPlatform/install/crp_msgs/local/lib/python3.10/dist-packages/crp_msgs/crp_msgs_s__rosidl_typesupport_introspection_c.cpython-310-aarch64-linux-gnu.so
-- Set runtime path of "/home/gfigneczi1/ros2_ws/src/CooperativeResearchPlatform/install/crp_msgs/local/lib/python3.10/dist-packages/crp_msgs/crp_msgs_s__rosidl_typesupport_introspection_c.cpython-310-aarch64-linux-gnu.so" to ""
-- Installing: /home/gfigneczi1/ros2_ws/src/CooperativeResearchPlatform/install/crp_msgs/local/lib/python3.10/dist-packages/crp_msgs/crp_msgs_s__rosidl_typesupport_c.cpython-310-aarch64-linux-gnu.so
-- Set runtime path of "/home/gfigneczi1/ros2_ws/src/CooperativeResearchPlatform/install/crp_msgs/local/lib/python3.10/dist-packages/crp_msgs/crp_msgs_s__rosidl_typesupport_c.cpython-310-aarch64-linux-gnu.so" to ""
-- Installing: /home/gfigneczi1/ros2_ws/src/CooperativeResearchPlatform/install/crp_msgs/lib/libcrp_msgs__rosidl_generator_py.so
-- Set runtime path of "/home/gfigneczi1/ros2_ws/src/CooperativeResearchPlatform/install/crp_msgs/lib/libcrp_msgs__rosidl_generator_py.so" to ""
-- Installing: /home/gfigneczi1/ros2_ws/src/CooperativeResearchPlatform/install/crp_msgs/share/crp_msgs/msg/TrafficRule.idl
-- Installing: /home/gfigneczi1/ros2_ws/src/CooperativeResearchPlatform/install/crp_msgs/share/crp_msgs/msg/PathWithTrafficRules.idl
-- Installing: /home/gfigneczi1/ros2_ws/src/CooperativeResearchPlatform/install/crp_msgs/share/crp_msgs/msg/World.idl
-- Installing: /home/gfigneczi1/ros2_ws/src/CooperativeResearchPlatform/install/crp_msgs/share/crp_msgs/msg/TargetSpace.idl
-- Installing: /home/gfigneczi1/ros2_ws/src/CooperativeResearchPlatform/install/crp_msgs/share/crp_msgs/msg/Scenario.idl
-- Installing: /home/gfigneczi1/ros2_ws/src/CooperativeResearchPlatform/install/crp_msgs/share/crp_msgs/msg/Ego.idl
-- Installing: /home/gfigneczi1/ros2_ws/src/CooperativeResearchPlatform/install/crp_msgs/share/crp_msgs/msg/EgoStatus.idl
-- Installing: /home/gfigneczi1/ros2_ws/src/CooperativeResearchPlatform/install/crp_msgs/share/crp_msgs/msg/TrafficRule.msg
-- Installing: /home/gfigneczi1/ros2_ws/src/CooperativeResearchPlatform/install/crp_msgs/share/crp_msgs/msg/PathWithTrafficRules.msg
-- Installing: /home/gfigneczi1/ros2_ws/src/CooperativeResearchPlatform/install/crp_msgs/share/crp_msgs/msg/World.msg
-- Installing: /home/gfigneczi1/ros2_ws/src/CooperativeResearchPlatform/install/crp_msgs/share/crp_msgs/msg/TargetSpace.msg
-- Installing: /home/gfigneczi1/ros2_ws/src/CooperativeResearchPlatform/install/crp_msgs/share/crp_msgs/msg/Scenario.msg
-- Installing: /home/gfigneczi1/ros2_ws/src/CooperativeResearchPlatform/install/crp_msgs/share/crp_msgs/msg/Ego.msg
-- Installing: /home/gfigneczi1/ros2_ws/src/CooperativeResearchPlatform/install/crp_msgs/share/crp_msgs/msg/EgoStatus.msg
-- Installing: /home/gfigneczi1/ros2_ws/src/CooperativeResearchPlatform/install/crp_msgs/share/ament_index/resource_index/package_run_dependencies/crp_msgs
-- Installing: /home/gfigneczi1/ros2_ws/src/CooperativeResearchPlatform/install/crp_msgs/share/ament_index/resource_index/parent_prefix_path/crp_msgs
-- Installing: /home/gfigneczi1/ros2_ws/src/CooperativeResearchPlatform/install/crp_msgs/share/crp_msgs/environment/ament_prefix_path.sh
-- Installing: /home/gfigneczi1/ros2_ws/src/CooperativeResearchPlatform/install/crp_msgs/share/crp_msgs/environment/ament_prefix_path.dsv
-- Installing: /home/gfigneczi1/ros2_ws/src/CooperativeResearchPlatform/install/crp_msgs/share/crp_msgs/environment/path.sh
-- Installing: /home/gfigneczi1/ros2_ws/src/CooperativeResearchPlatform/install/crp_msgs/share/crp_msgs/environment/path.dsv
-- Installing: /home/gfigneczi1/ros2_ws/src/CooperativeResearchPlatform/install/crp_msgs/share/crp_msgs/local_setup.bash
-- Installing: /home/gfigneczi1/ros2_ws/src/CooperativeResearchPlatform/install/crp_msgs/share/crp_msgs/local_setup.sh
-- Installing: /home/gfigneczi1/ros2_ws/src/CooperativeResearchPlatform/install/crp_msgs/share/crp_msgs/local_setup.zsh
-- Installing: /home/gfigneczi1/ros2_ws/src/CooperativeResearchPlatform/install/crp_msgs/share/crp_msgs/local_setup.dsv
-- Installing: /home/gfigneczi1/ros2_ws/src/CooperativeResearchPlatform/install/crp_msgs/share/crp_msgs/package.dsv
-- Installing: /home/gfigneczi1/ros2_ws/src/CooperativeResearchPlatform/install/crp_msgs/share/ament_index/resource_index/packages/crp_msgs
-- Installing: /home/gfigneczi1/ros2_ws/src/CooperativeResearchPlatform/install/crp_msgs/share/crp_msgs/cmake/export_crp_msgs__rosidl_generator_cExport.cmake
-- Installing: /home/gfigneczi1/ros2_ws/src/CooperativeResearchPlatform/install/crp_msgs/share/crp_msgs/cmake/export_crp_msgs__rosidl_generator_cExport-noconfig.cmake
-- Installing: /home/gfigneczi1/ros2_ws/src/CooperativeResearchPlatform/install/crp_msgs/share/crp_msgs/cmake/export_crp_msgs__rosidl_typesupport_fastrtps_cExport.cmake
-- Installing: /home/gfigneczi1/ros2_ws/src/CooperativeResearchPlatform/install/crp_msgs/share/crp_msgs/cmake/export_crp_msgs__rosidl_typesupport_fastrtps_cExport-noconfig.cmake
-- Installing: /home/gfigneczi1/ros2_ws/src/CooperativeResearchPlatform/install/crp_msgs/share/crp_msgs/cmake/export_crp_msgs__rosidl_generator_cppExport.cmake
-- Installing: /home/gfigneczi1/ros2_ws/src/CooperativeResearchPlatform/install/crp_msgs/share/crp_msgs/cmake/export_crp_msgs__rosidl_typesupport_fastrtps_cppExport.cmake
-- Installing: /home/gfigneczi1/ros2_ws/src/CooperativeResearchPlatform/install/crp_msgs/share/crp_msgs/cmake/export_crp_msgs__rosidl_typesupport_fastrtps_cppExport-noconfig.cmake
-- Installing: /home/gfigneczi1/ros2_ws/src/CooperativeResearchPlatform/install/crp_msgs/share/crp_msgs/cmake/crp_msgs__rosidl_typesupport_introspection_cExport.cmake
-- Installing: /home/gfigneczi1/ros2_ws/src/CooperativeResearchPlatform/install/crp_msgs/share/crp_msgs/cmake/crp_msgs__rosidl_typesupport_introspection_cExport-noconfig.cmake
-- Installing: /home/gfigneczi1/ros2_ws/src/CooperativeResearchPlatform/install/crp_msgs/share/crp_msgs/cmake/crp_msgs__rosidl_typesupport_cExport.cmake
-- Installing: /home/gfigneczi1/ros2_ws/src/CooperativeResearchPlatform/install/crp_msgs/share/crp_msgs/cmake/crp_msgs__rosidl_typesupport_cExport-noconfig.cmake
-- Installing: /home/gfigneczi1/ros2_ws/src/CooperativeResearchPlatform/install/crp_msgs/share/crp_msgs/cmake/crp_msgs__rosidl_typesupport_introspection_cppExport.cmake
-- Installing: /home/gfigneczi1/ros2_ws/src/CooperativeResearchPlatform/install/crp_msgs/share/crp_msgs/cmake/crp_msgs__rosidl_typesupport_introspection_cppExport-noconfig.cmake
-- Installing: /home/gfigneczi1/ros2_ws/src/CooperativeResearchPlatform/install/crp_msgs/share/crp_msgs/cmake/crp_msgs__rosidl_typesupport_cppExport.cmake
-- Installing: /home/gfigneczi1/ros2_ws/src/CooperativeResearchPlatform/install/crp_msgs/share/crp_msgs/cmake/crp_msgs__rosidl_typesupport_cppExport-noconfig.cmake
-- Installing: /home/gfigneczi1/ros2_ws/src/CooperativeResearchPlatform/install/crp_msgs/share/crp_msgs/cmake/export_crp_msgs__rosidl_generator_pyExport.cmake
-- Installing: /home/gfigneczi1/ros2_ws/src/CooperativeResearchPlatform/install/crp_msgs/share/crp_msgs/cmake/export_crp_msgs__rosidl_generator_pyExport-noconfig.cmake
-- Installing: /home/gfigneczi1/ros2_ws/src/CooperativeResearchPlatform/install/crp_msgs/share/crp_msgs/cmake/rosidl_cmake-extras.cmake
-- Installing: /home/gfigneczi1/ros2_ws/src/CooperativeResearchPlatform/install/crp_msgs/share/crp_msgs/cmake/ament_cmake_export_dependencies-extras.cmake
-- Installing: /home/gfigneczi1/ros2_ws/src/CooperativeResearchPlatform/install/crp_msgs/share/crp_msgs/cmake/ament_cmake_export_include_directories-extras.cmake
-- Installing: /home/gfigneczi1/ros2_ws/src/CooperativeResearchPlatform/install/crp_msgs/share/crp_msgs/cmake/ament_cmake_export_libraries-extras.cmake
-- Installing: /home/gfigneczi1/ros2_ws/src/CooperativeResearchPlatform/install/crp_msgs/share/crp_msgs/cmake/ament_cmake_export_targets-extras.cmake
-- Installing: /home/gfigneczi1/ros2_ws/src/CooperativeResearchPlatform/install/crp_msgs/share/crp_msgs/cmake/rosidl_cmake_export_typesupport_targets-extras.cmake
-- Installing: /home/gfigneczi1/ros2_ws/src/CooperativeResearchPlatform/install/crp_msgs/share/crp_msgs/cmake/rosidl_cmake_export_typesupport_libraries-extras.cmake
-- Installing: /home/gfigneczi1/ros2_ws/src/CooperativeResearchPlatform/install/crp_msgs/share/crp_msgs/cmake/crp_msgsConfig.cmake
-- Installing: /home/gfigneczi1/ros2_ws/src/CooperativeResearchPlatform/install/crp_msgs/share/crp_msgs/cmake/crp_msgsConfig-version.cmake
-- Installing: /home/gfigneczi1/ros2_ws/src/CooperativeResearchPlatform/install/crp_msgs/share/crp_msgs/package.xml
