[0.202s] Invoking command in '/home/gfigneczi1/ros2_ws/src/CooperativeResearchPlatform/build/crp_msgs': CMAKE_PREFIX_PATH=${CMAKE_PREFIX_PATH}:/home/gfigneczi1/autoware/install/simulator_compatibility_test:/home/gfigneczi1/autoware/install/ad_api_visualizers:/opt/ros/humble /usr/bin/cmake --build /home/gfigneczi1/ros2_ws/src/CooperativeResearchPlatform/build/crp_msgs -- -j4 -l4
[0.340s] -- Found ament_cmake: 1.3.7 (/home/gfigneczi1/autoware/install/ament_cmake/share/ament_cmake/cmake)
[0.544s] -- Found rclcpp: 16.0.8 (/opt/ros/humble/share/rclcpp/cmake)
[0.591s] -- Found rosidl_generator_c: 3.1.5 (/opt/ros/humble/share/rosidl_generator_c/cmake)
[0.594s] -- Found rosidl_adapter: 3.1.5 (/opt/ros/humble/share/rosidl_adapter/cmake)
[0.602s] -- Found rosidl_generator_cpp: 3.1.5 (/opt/ros/humble/share/rosidl_generator_cpp/cmake)
[0.652s] -- Using all available rosidl_typesupport_c: rosidl_typesupport_fastrtps_c;rosidl_typesupport_introspection_c
[0.704s] -- Using all available rosidl_typesupport_cpp: rosidl_typesupport_fastrtps_cpp;rosidl_typesupport_introspection_cpp
[0.785s] -- Found rmw_implementation_cmake: 6.1.1 (/opt/ros/humble/share/rmw_implementation_cmake/cmake)
[0.825s] -- Found rmw_cyclonedds_cpp: 1.3.4 (/opt/ros/humble/share/rmw_cyclonedds_cpp/cmake)
[0.888s] -- Using RMW implementation 'rmw_cyclonedds_cpp' as default
[0.947s] -- Found nav_msgs: 4.2.3 (/opt/ros/humble/share/nav_msgs/cmake)
[0.978s] -- Found tier4_planning_msgs: 0.1.0 (/home/gfigneczi1/autoware/install/tier4_planning_msgs/share/tier4_planning_msgs/cmake)
[1.055s] -- Found autoware_perception_msgs: 1.1.0 (/home/gfigneczi1/autoware/install/autoware_perception_msgs/share/autoware_perception_msgs/cmake)
[1.079s] -- Found rosidl_default_generators: 1.2.0 (/opt/ros/humble/share/rosidl_default_generators/cmake)
[1.560s] -- Found ament_cmake_ros: 0.10.0 (/opt/ros/humble/share/ament_cmake_ros/cmake)
[2.142s] -- Using all available rosidl_typesupport_c: rosidl_typesupport_fastrtps_c;rosidl_typesupport_introspection_c
[2.380s] -- Using all available rosidl_typesupport_cpp: rosidl_typesupport_fastrtps_cpp;rosidl_typesupport_introspection_cpp
[2.405s] -- Found python_cmake_module: 0.10.0 (/opt/ros/humble/share/python_cmake_module/cmake)
[2.430s] -- Using PYTHON_EXECUTABLE: /usr/bin/python3
[2.430s] -- Using PYTHON_INCLUDE_DIRS: /usr/include/python3.10
[2.430s] -- Using PYTHON_LIBRARIES: /usr/lib/aarch64-linux-gnu/libpython3.10.so
[3.797s] -- Configuring done
[3.860s] -- Generating done
[3.864s] -- Build files have been written to: /home/gfigneczi1/ros2_ws/src/CooperativeResearchPlatform/build/crp_msgs
[3.907s] [  1%] [34m[1mGenerating C code for ROS interfaces[0m
[3.936s] [  2%] [34m[1mGenerating C++ code for ROS interfaces[0m
[3.948s] [  2%] Built target ament_cmake_python_copy_crp_msgs
[4.193s] running egg_info
[4.193s] writing crp_msgs.egg-info/PKG-INFO
[4.194s] writing dependency_links to crp_msgs.egg-info/dependency_links.txt
[4.194s] writing top-level names to crp_msgs.egg-info/top_level.txt
[4.203s] reading manifest file 'crp_msgs.egg-info/SOURCES.txt'
[4.204s] writing manifest file 'crp_msgs.egg-info/SOURCES.txt'
[4.234s] [  2%] Built target ament_cmake_python_build_crp_msgs_egg
[4.472s] [  2%] Built target crp_msgs__cpp
[4.497s] [  3%] [34m[1mGenerating C++ type support dispatch for ROS interfaces[0m
[4.507s] [  5%] [34m[1mGenerating C++ type support for eProsima Fast-RTPS[0m
[4.607s] [  6%] [34m[1mGenerating C++ introspection for ROS interfaces[0m
[4.620s] [35m[1mConsolidate compiler generated dependencies of target crp_msgs__rosidl_generator_c[0m
[4.645s] [  7%] [32mBuilding C object CMakeFiles/crp_msgs__rosidl_generator_c.dir/rosidl_generator_c/crp_msgs/msg/detail/traffic_rule__functions.c.o[0m
[4.825s] [  8%] [32mBuilding C object CMakeFiles/crp_msgs__rosidl_generator_c.dir/rosidl_generator_c/crp_msgs/msg/detail/path_with_traffic_rules__functions.c.o[0m
[4.887s] [35m[1mConsolidate compiler generated dependencies of target crp_msgs__rosidl_typesupport_cpp[0m
[4.893s] [ 10%] [32mBuilding C object CMakeFiles/crp_msgs__rosidl_generator_c.dir/rosidl_generator_c/crp_msgs/msg/detail/world__functions.c.o[0m
[4.934s] [ 11%] [32mBuilding CXX object CMakeFiles/crp_msgs__rosidl_typesupport_cpp.dir/rosidl_typesupport_cpp/crp_msgs/msg/traffic_rule__type_support.cpp.o[0m
[4.960s] [ 12%] [32mBuilding C object CMakeFiles/crp_msgs__rosidl_generator_c.dir/rosidl_generator_c/crp_msgs/msg/detail/target_space__functions.c.o[0m
[5.048s] [ 13%] [32mBuilding C object CMakeFiles/crp_msgs__rosidl_generator_c.dir/rosidl_generator_c/crp_msgs/msg/detail/scenario__functions.c.o[0m
[5.071s] [35m[1mConsolidate compiler generated dependencies of target crp_msgs__rosidl_typesupport_fastrtps_cpp[0m
[5.122s] [ 15%] [32mBuilding C object CMakeFiles/crp_msgs__rosidl_generator_c.dir/rosidl_generator_c/crp_msgs/msg/detail/ego__functions.c.o[0m
[5.128s] [ 16%] [32mBuilding CXX object CMakeFiles/crp_msgs__rosidl_typesupport_fastrtps_cpp.dir/rosidl_typesupport_fastrtps_cpp/crp_msgs/msg/detail/dds_fastrtps/traffic_rule__type_support.cpp.o[0m
[5.142s] [35m[1mConsolidate compiler generated dependencies of target crp_msgs__rosidl_typesupport_introspection_cpp[0m
[5.172s] [ 17%] [32mBuilding CXX object CMakeFiles/crp_msgs__rosidl_typesupport_introspection_cpp.dir/rosidl_typesupport_introspection_cpp/crp_msgs/msg/detail/traffic_rule__type_support.cpp.o[0m
[5.180s] [ 18%] [32mBuilding CXX object CMakeFiles/crp_msgs__rosidl_typesupport_cpp.dir/rosidl_typesupport_cpp/crp_msgs/msg/path_with_traffic_rules__type_support.cpp.o[0m
[5.190s] [ 20%] [32mBuilding C object CMakeFiles/crp_msgs__rosidl_generator_c.dir/rosidl_generator_c/crp_msgs/msg/detail/ego_status__functions.c.o[0m
[5.266s] [ 21%] [32m[1mLinking C shared library libcrp_msgs__rosidl_generator_c.so[0m
[5.370s] [ 21%] Built target crp_msgs__rosidl_generator_c
[5.392s] [ 22%] [32mBuilding CXX object CMakeFiles/crp_msgs__rosidl_typesupport_fastrtps_cpp.dir/rosidl_typesupport_fastrtps_cpp/crp_msgs/msg/detail/dds_fastrtps/path_with_traffic_rules__type_support.cpp.o[0m
[5.433s] [ 24%] [32mBuilding CXX object CMakeFiles/crp_msgs__rosidl_typesupport_cpp.dir/rosidl_typesupport_cpp/crp_msgs/msg/world__type_support.cpp.o[0m
[5.466s] [ 25%] [32mBuilding CXX object CMakeFiles/crp_msgs__rosidl_typesupport_fastrtps_cpp.dir/rosidl_typesupport_fastrtps_cpp/crp_msgs/msg/detail/dds_fastrtps/world__type_support.cpp.o[0m
[5.494s] [ 26%] [32mBuilding CXX object CMakeFiles/crp_msgs__rosidl_typesupport_introspection_cpp.dir/rosidl_typesupport_introspection_cpp/crp_msgs/msg/detail/path_with_traffic_rules__type_support.cpp.o[0m
[5.685s] [ 27%] [32mBuilding CXX object CMakeFiles/crp_msgs__rosidl_typesupport_cpp.dir/rosidl_typesupport_cpp/crp_msgs/msg/target_space__type_support.cpp.o[0m
[5.698s] [ 29%] [32mBuilding CXX object CMakeFiles/crp_msgs__rosidl_typesupport_fastrtps_cpp.dir/rosidl_typesupport_fastrtps_cpp/crp_msgs/msg/detail/dds_fastrtps/target_space__type_support.cpp.o[0m
[5.766s] [ 30%] [32mBuilding CXX object CMakeFiles/crp_msgs__rosidl_typesupport_fastrtps_cpp.dir/rosidl_typesupport_fastrtps_cpp/crp_msgs/msg/detail/dds_fastrtps/scenario__type_support.cpp.o[0m
[5.837s] [ 31%] [32mBuilding CXX object CMakeFiles/crp_msgs__rosidl_typesupport_introspection_cpp.dir/rosidl_typesupport_introspection_cpp/crp_msgs/msg/detail/world__type_support.cpp.o[0m
[5.922s] [ 32%] [32mBuilding CXX object CMakeFiles/crp_msgs__rosidl_typesupport_cpp.dir/rosidl_typesupport_cpp/crp_msgs/msg/scenario__type_support.cpp.o[0m
[6.070s] [ 34%] [32mBuilding CXX object CMakeFiles/crp_msgs__rosidl_typesupport_fastrtps_cpp.dir/rosidl_typesupport_fastrtps_cpp/crp_msgs/msg/detail/dds_fastrtps/ego__type_support.cpp.o[0m
[6.154s] [ 36%] [32mBuilding CXX object CMakeFiles/crp_msgs__rosidl_typesupport_introspection_cpp.dir/rosidl_typesupport_introspection_cpp/crp_msgs/msg/detail/target_space__type_support.cpp.o[0m
[6.154s] [ 36%] [32mBuilding CXX object CMakeFiles/crp_msgs__rosidl_typesupport_cpp.dir/rosidl_typesupport_cpp/crp_msgs/msg/ego__type_support.cpp.o[0m
[6.187s] [ 37%] [32mBuilding CXX object CMakeFiles/crp_msgs__rosidl_typesupport_fastrtps_cpp.dir/rosidl_typesupport_fastrtps_cpp/crp_msgs/msg/detail/dds_fastrtps/ego_status__type_support.cpp.o[0m
[6.369s] [ 39%] [32mBuilding CXX object CMakeFiles/crp_msgs__rosidl_typesupport_cpp.dir/rosidl_typesupport_cpp/crp_msgs/msg/ego_status__type_support.cpp.o[0m
[6.396s] [ 40%] [32mBuilding CXX object CMakeFiles/crp_msgs__rosidl_typesupport_introspection_cpp.dir/rosidl_typesupport_introspection_cpp/crp_msgs/msg/detail/scenario__type_support.cpp.o[0m
[6.498s] [ 41%] [32m[1mLinking CXX shared library libcrp_msgs__rosidl_typesupport_fastrtps_cpp.so[0m
[6.581s] [ 43%] [32m[1mLinking CXX shared library libcrp_msgs__rosidl_typesupport_cpp.so[0m
[6.635s] [ 43%] Built target crp_msgs__rosidl_typesupport_fastrtps_cpp
[6.662s] [ 44%] [32mBuilding CXX object CMakeFiles/crp_msgs__rosidl_typesupport_introspection_cpp.dir/rosidl_typesupport_introspection_cpp/crp_msgs/msg/detail/ego__type_support.cpp.o[0m
[6.662s] [ 45%] [34m[1mGenerating C type support for eProsima Fast-RTPS[0m
[6.669s] [ 45%] Built target crp_msgs__rosidl_typesupport_cpp
[6.693s] [ 46%] [34m[1mGenerating C introspection for ROS interfaces[0m
[6.956s] [ 48%] [32mBuilding CXX object CMakeFiles/crp_msgs__rosidl_typesupport_introspection_cpp.dir/rosidl_typesupport_introspection_cpp/crp_msgs/msg/detail/ego_status__type_support.cpp.o[0m
[6.980s] [ 49%] [34m[1mGenerating C type support dispatch for ROS interfaces[0m
[7.232s] [35m[1mConsolidate compiler generated dependencies of target crp_msgs__rosidl_typesupport_fastrtps_c[0m
[7.234s] [ 50%] [32m[1mLinking CXX shared library libcrp_msgs__rosidl_typesupport_introspection_cpp.so[0m
[7.271s] [ 51%] [32mBuilding CXX object CMakeFiles/crp_msgs__rosidl_typesupport_fastrtps_c.dir/rosidl_typesupport_fastrtps_c/crp_msgs/msg/detail/traffic_rule__type_support_c.cpp.o[0m
[7.281s] [35m[1mConsolidate compiler generated dependencies of target crp_msgs__rosidl_typesupport_introspection_c[0m
[7.321s] [ 53%] [32mBuilding C object CMakeFiles/crp_msgs__rosidl_typesupport_introspection_c.dir/rosidl_typesupport_introspection_c/crp_msgs/msg/detail/traffic_rule__type_support.c.o[0m
[7.380s] [ 54%] [32mBuilding C object CMakeFiles/crp_msgs__rosidl_typesupport_introspection_c.dir/rosidl_typesupport_introspection_c/crp_msgs/msg/detail/path_with_traffic_rules__type_support.c.o[0m
[7.384s] [ 54%] Built target crp_msgs__rosidl_typesupport_introspection_cpp
[7.386s] [35m[1mConsolidate compiler generated dependencies of target crp_msgs__rosidl_typesupport_c[0m
[7.402s] [ 55%] [32mBuilding CXX object CMakeFiles/crp_msgs__rosidl_typesupport_fastrtps_c.dir/rosidl_typesupport_fastrtps_c/crp_msgs/msg/detail/path_with_traffic_rules__type_support_c.cpp.o[0m
[7.424s] [ 56%] [32mBuilding CXX object CMakeFiles/crp_msgs__rosidl_typesupport_c.dir/rosidl_typesupport_c/crp_msgs/msg/traffic_rule__type_support.cpp.o[0m
[7.450s] [ 58%] [32mBuilding C object CMakeFiles/crp_msgs__rosidl_typesupport_introspection_c.dir/rosidl_typesupport_introspection_c/crp_msgs/msg/detail/world__type_support.c.o[0m
[7.473s] [ 59%] [32mBuilding CXX object CMakeFiles/crp_msgs__rosidl_typesupport_c.dir/rosidl_typesupport_c/crp_msgs/msg/path_with_traffic_rules__type_support.cpp.o[0m
[7.506s] [ 60%] [32mBuilding C object CMakeFiles/crp_msgs__rosidl_typesupport_introspection_c.dir/rosidl_typesupport_introspection_c/crp_msgs/msg/detail/target_space__type_support.c.o[0m
[7.519s] [ 62%] [32mBuilding CXX object CMakeFiles/crp_msgs__rosidl_typesupport_fastrtps_c.dir/rosidl_typesupport_fastrtps_c/crp_msgs/msg/detail/world__type_support_c.cpp.o[0m
[7.532s] [ 63%] [32mBuilding CXX object CMakeFiles/crp_msgs__rosidl_typesupport_c.dir/rosidl_typesupport_c/crp_msgs/msg/world__type_support.cpp.o[0m
[7.579s] [ 64%] [32mBuilding C object CMakeFiles/crp_msgs__rosidl_typesupport_introspection_c.dir/rosidl_typesupport_introspection_c/crp_msgs/msg/detail/scenario__type_support.c.o[0m
[7.604s] [ 65%] [32mBuilding CXX object CMakeFiles/crp_msgs__rosidl_typesupport_c.dir/rosidl_typesupport_c/crp_msgs/msg/target_space__type_support.cpp.o[0m
[7.662s] [ 67%] [32mBuilding CXX object CMakeFiles/crp_msgs__rosidl_typesupport_c.dir/rosidl_typesupport_c/crp_msgs/msg/scenario__type_support.cpp.o[0m
[7.664s] [ 68%] [32mBuilding C object CMakeFiles/crp_msgs__rosidl_typesupport_introspection_c.dir/rosidl_typesupport_introspection_c/crp_msgs/msg/detail/ego__type_support.c.o[0m
[7.676s] [ 69%] [32mBuilding CXX object CMakeFiles/crp_msgs__rosidl_typesupport_fastrtps_c.dir/rosidl_typesupport_fastrtps_c/crp_msgs/msg/detail/target_space__type_support_c.cpp.o[0m
[7.728s] [ 70%] [32mBuilding C object CMakeFiles/crp_msgs__rosidl_typesupport_introspection_c.dir/rosidl_typesupport_introspection_c/crp_msgs/msg/detail/ego_status__type_support.c.o[0m
[7.743s] [ 72%] [32mBuilding CXX object CMakeFiles/crp_msgs__rosidl_typesupport_c.dir/rosidl_typesupport_c/crp_msgs/msg/ego__type_support.cpp.o[0m
[7.768s] [ 73%] [32mBuilding CXX object CMakeFiles/crp_msgs__rosidl_typesupport_fastrtps_c.dir/rosidl_typesupport_fastrtps_c/crp_msgs/msg/detail/scenario__type_support_c.cpp.o[0m
[7.779s] [ 74%] [32m[1mLinking C shared library libcrp_msgs__rosidl_typesupport_introspection_c.so[0m
[7.791s] [ 75%] [32mBuilding CXX object CMakeFiles/crp_msgs__rosidl_typesupport_c.dir/rosidl_typesupport_c/crp_msgs/msg/ego_status__type_support.cpp.o[0m
[7.845s] [ 77%] [32m[1mLinking CXX shared library libcrp_msgs__rosidl_typesupport_c.so[0m
[7.869s] [ 77%] Built target crp_msgs__rosidl_typesupport_introspection_c
[7.889s] [ 78%] [32mBuilding CXX object CMakeFiles/crp_msgs__rosidl_typesupport_fastrtps_c.dir/rosidl_typesupport_fastrtps_c/crp_msgs/msg/detail/ego__type_support_c.cpp.o[0m
[7.930s] [ 78%] Built target crp_msgs__rosidl_typesupport_c
[7.949s] [ 79%] [32mBuilding CXX object CMakeFiles/crp_msgs__rosidl_typesupport_fastrtps_c.dir/rosidl_typesupport_fastrtps_c/crp_msgs/msg/detail/ego_status__type_support_c.cpp.o[0m
[8.172s] [ 81%] [32m[1mLinking CXX shared library libcrp_msgs__rosidl_typesupport_fastrtps_c.so[0m
[8.253s] [ 81%] Built target crp_msgs__rosidl_typesupport_fastrtps_c
[8.292s] [ 81%] Built target crp_msgs
[8.339s] [ 82%] [34m[1mGenerating Python code for ROS interfaces[0m
[8.958s] [ 82%] Built target crp_msgs__py
[8.981s] [35m[1mConsolidate compiler generated dependencies of target crp_msgs__rosidl_generator_py[0m
[9.009s] [ 83%] [32mBuilding C object CMakeFiles/crp_msgs__rosidl_generator_py.dir/rosidl_generator_py/crp_msgs/msg/_traffic_rule_s.c.o[0m
[9.009s] [ 84%] [32mBuilding C object CMakeFiles/crp_msgs__rosidl_generator_py.dir/rosidl_generator_py/crp_msgs/msg/_path_with_traffic_rules_s.c.o[0m
[9.009s] [ 86%] [32mBuilding C object CMakeFiles/crp_msgs__rosidl_generator_py.dir/rosidl_generator_py/crp_msgs/msg/_target_space_s.c.o[0m
[9.010s] [ 87%] [32mBuilding C object CMakeFiles/crp_msgs__rosidl_generator_py.dir/rosidl_generator_py/crp_msgs/msg/_world_s.c.o[0m
[9.154s] [ 88%] [32mBuilding C object CMakeFiles/crp_msgs__rosidl_generator_py.dir/rosidl_generator_py/crp_msgs/msg/_scenario_s.c.o[0m
[9.155s] [ 89%] [32mBuilding C object CMakeFiles/crp_msgs__rosidl_generator_py.dir/rosidl_generator_py/crp_msgs/msg/_ego_s.c.o[0m
[9.159s] [ 91%] [32mBuilding C object CMakeFiles/crp_msgs__rosidl_generator_py.dir/rosidl_generator_py/crp_msgs/msg/_ego_status_s.c.o[0m
[9.261s] [ 92%] [32m[1mLinking C shared library rosidl_generator_py/crp_msgs/libcrp_msgs__rosidl_generator_py.so[0m
[9.325s] [ 92%] Built target crp_msgs__rosidl_generator_py
[9.349s] [35m[1mConsolidate compiler generated dependencies of target crp_msgs__rosidl_typesupport_fastrtps_c__pyext[0m
[9.349s] [35m[1mConsolidate compiler generated dependencies of target crp_msgs__rosidl_typesupport_introspection_c__pyext[0m
[9.354s] [35m[1mConsolidate compiler generated dependencies of target crp_msgs__rosidl_typesupport_c__pyext[0m
[9.373s] [ 93%] [32mBuilding C object CMakeFiles/crp_msgs__rosidl_typesupport_introspection_c__pyext.dir/rosidl_generator_py/crp_msgs/_crp_msgs_s.ep.rosidl_typesupport_introspection_c.c.o[0m
[9.376s] [ 96%] [32mBuilding C object CMakeFiles/crp_msgs__rosidl_typesupport_c__pyext.dir/rosidl_generator_py/crp_msgs/_crp_msgs_s.ep.rosidl_typesupport_c.c.o[0m
[9.376s] [ 96%] [32mBuilding C object CMakeFiles/crp_msgs__rosidl_typesupport_fastrtps_c__pyext.dir/rosidl_generator_py/crp_msgs/_crp_msgs_s.ep.rosidl_typesupport_fastrtps_c.c.o[0m
[9.482s] [ 98%] [32m[1mLinking C shared library rosidl_generator_py/crp_msgs/crp_msgs_s__rosidl_typesupport_c.cpython-310-aarch64-linux-gnu.so[0m
[9.482s] [ 98%] [32m[1mLinking C shared library rosidl_generator_py/crp_msgs/crp_msgs_s__rosidl_typesupport_introspection_c.cpython-310-aarch64-linux-gnu.so[0m
[9.486s] [100%] [32m[1mLinking C shared library rosidl_generator_py/crp_msgs/crp_msgs_s__rosidl_typesupport_fastrtps_c.cpython-310-aarch64-linux-gnu.so[0m
[9.556s] [100%] Built target crp_msgs__rosidl_typesupport_introspection_c__pyext
[9.556s] [100%] Built target crp_msgs__rosidl_typesupport_fastrtps_c__pyext
[9.557s] [100%] Built target crp_msgs__rosidl_typesupport_c__pyext
[9.574s] Invoked command in '/home/gfigneczi1/ros2_ws/src/CooperativeResearchPlatform/build/crp_msgs' returned '0': CMAKE_PREFIX_PATH=${CMAKE_PREFIX_PATH}:/home/gfigneczi1/autoware/install/simulator_compatibility_test:/home/gfigneczi1/autoware/install/ad_api_visualizers:/opt/ros/humble /usr/bin/cmake --build /home/gfigneczi1/ros2_ws/src/CooperativeResearchPlatform/build/crp_msgs -- -j4 -l4
[10.288s] Invoking command in '/home/gfigneczi1/ros2_ws/src/CooperativeResearchPlatform/build/crp_msgs': CMAKE_PREFIX_PATH=${CMAKE_PREFIX_PATH}:/home/gfigneczi1/autoware/install/simulator_compatibility_test:/home/gfigneczi1/autoware/install/ad_api_visualizers:/opt/ros/humble /usr/bin/cmake --install /home/gfigneczi1/ros2_ws/src/CooperativeResearchPlatform/build/crp_msgs
[10.299s] -- Install configuration: ""
[10.300s] -- Up-to-date: /home/gfigneczi1/ros2_ws/src/CooperativeResearchPlatform/install/crp_msgs/share/ament_index/resource_index/rosidl_interfaces/crp_msgs
[10.300s] -- Up-to-date: /home/gfigneczi1/ros2_ws/src/CooperativeResearchPlatform/install/crp_msgs/include/crp_msgs/crp_msgs
[10.300s] -- Up-to-date: /home/gfigneczi1/ros2_ws/src/CooperativeResearchPlatform/install/crp_msgs/include/crp_msgs/crp_msgs/msg
[10.300s] -- Installing: /home/gfigneczi1/ros2_ws/src/CooperativeResearchPlatform/install/crp_msgs/include/crp_msgs/crp_msgs/msg/ego_status.h
[10.300s] -- Installing: /home/gfigneczi1/ros2_ws/src/CooperativeResearchPlatform/install/crp_msgs/include/crp_msgs/crp_msgs/msg/world.h
[10.300s] -- Installing: /home/gfigneczi1/ros2_ws/src/CooperativeResearchPlatform/install/crp_msgs/include/crp_msgs/crp_msgs/msg/target_space.h
[10.300s] -- Up-to-date: /home/gfigneczi1/ros2_ws/src/CooperativeResearchPlatform/install/crp_msgs/include/crp_msgs/crp_msgs/msg/rosidl_generator_c__visibility_control.h
[10.300s] -- Up-to-date: /home/gfigneczi1/ros2_ws/src/CooperativeResearchPlatform/install/crp_msgs/include/crp_msgs/crp_msgs/msg/detail
[10.300s] -- Installing: /home/gfigneczi1/ros2_ws/src/CooperativeResearchPlatform/install/crp_msgs/include/crp_msgs/crp_msgs/msg/detail/target_space__functions.c
[10.300s] -- Installing: /home/gfigneczi1/ros2_ws/src/CooperativeResearchPlatform/install/crp_msgs/include/crp_msgs/crp_msgs/msg/detail/scenario__functions.h
[10.300s] -- Installing: /home/gfigneczi1/ros2_ws/src/CooperativeResearchPlatform/install/crp_msgs/include/crp_msgs/crp_msgs/msg/detail/world__functions.c
[10.301s] -- Installing: /home/gfigneczi1/ros2_ws/src/CooperativeResearchPlatform/install/crp_msgs/include/crp_msgs/crp_msgs/msg/detail/ego_status__struct.h
[10.301s] -- Installing: /home/gfigneczi1/ros2_ws/src/CooperativeResearchPlatform/install/crp_msgs/include/crp_msgs/crp_msgs/msg/detail/path_with_traffic_rules__functions.c
[10.301s] -- Installing: /home/gfigneczi1/ros2_ws/src/CooperativeResearchPlatform/install/crp_msgs/include/crp_msgs/crp_msgs/msg/detail/target_space__struct.h
[10.301s] -- Installing: /home/gfigneczi1/ros2_ws/src/CooperativeResearchPlatform/install/crp_msgs/include/crp_msgs/crp_msgs/msg/detail/path_with_traffic_rules__type_support.h
[10.301s] -- Installing: /home/gfigneczi1/ros2_ws/src/CooperativeResearchPlatform/install/crp_msgs/include/crp_msgs/crp_msgs/msg/detail/traffic_rule__functions.h
[10.301s] -- Installing: /home/gfigneczi1/ros2_ws/src/CooperativeResearchPlatform/install/crp_msgs/include/crp_msgs/crp_msgs/msg/detail/ego__struct.h
[10.302s] -- Installing: /home/gfigneczi1/ros2_ws/src/CooperativeResearchPlatform/install/crp_msgs/include/crp_msgs/crp_msgs/msg/detail/world__struct.h
[10.302s] -- Installing: /home/gfigneczi1/ros2_ws/src/CooperativeResearchPlatform/install/crp_msgs/include/crp_msgs/crp_msgs/msg/detail/world__functions.h
[10.302s] -- Installing: /home/gfigneczi1/ros2_ws/src/CooperativeResearchPlatform/install/crp_msgs/include/crp_msgs/crp_msgs/msg/detail/ego_status__type_support.h
[10.303s] -- Installing: /home/gfigneczi1/ros2_ws/src/CooperativeResearchPlatform/install/crp_msgs/include/crp_msgs/crp_msgs/msg/detail/ego__functions.h
[10.303s] -- Installing: /home/gfigneczi1/ros2_ws/src/CooperativeResearchPlatform/install/crp_msgs/include/crp_msgs/crp_msgs/msg/detail/traffic_rule__struct.h
[10.303s] -- Installing: /home/gfigneczi1/ros2_ws/src/CooperativeResearchPlatform/install/crp_msgs/include/crp_msgs/crp_msgs/msg/detail/target_space__functions.h
[10.303s] -- Installing: /home/gfigneczi1/ros2_ws/src/CooperativeResearchPlatform/install/crp_msgs/include/crp_msgs/crp_msgs/msg/detail/ego__functions.c
[10.303s] -- Installing: /home/gfigneczi1/ros2_ws/src/CooperativeResearchPlatform/install/crp_msgs/include/crp_msgs/crp_msgs/msg/detail/path_with_traffic_rules__functions.h
[10.303s] -- Installing: /home/gfigneczi1/ros2_ws/src/CooperativeResearchPlatform/install/crp_msgs/include/crp_msgs/crp_msgs/msg/detail/target_space__type_support.h
[10.303s] -- Installing: /home/gfigneczi1/ros2_ws/src/CooperativeResearchPlatform/install/crp_msgs/include/crp_msgs/crp_msgs/msg/detail/traffic_rule__functions.c
[10.303s] -- Installing: /home/gfigneczi1/ros2_ws/src/CooperativeResearchPlatform/install/crp_msgs/include/crp_msgs/crp_msgs/msg/detail/ego_status__functions.h
[10.303s] -- Installing: /home/gfigneczi1/ros2_ws/src/CooperativeResearchPlatform/install/crp_msgs/include/crp_msgs/crp_msgs/msg/detail/traffic_rule__type_support.h
[10.303s] -- Installing: /home/gfigneczi1/ros2_ws/src/CooperativeResearchPlatform/install/crp_msgs/include/crp_msgs/crp_msgs/msg/detail/scenario__struct.h
[10.303s] -- Installing: /home/gfigneczi1/ros2_ws/src/CooperativeResearchPlatform/install/crp_msgs/include/crp_msgs/crp_msgs/msg/detail/path_with_traffic_rules__struct.h
[10.303s] -- Installing: /home/gfigneczi1/ros2_ws/src/CooperativeResearchPlatform/install/crp_msgs/include/crp_msgs/crp_msgs/msg/detail/world__type_support.h
[10.303s] -- Installing: /home/gfigneczi1/ros2_ws/src/CooperativeResearchPlatform/install/crp_msgs/include/crp_msgs/crp_msgs/msg/detail/scenario__type_support.h
[10.304s] -- Installing: /home/gfigneczi1/ros2_ws/src/CooperativeResearchPlatform/install/crp_msgs/include/crp_msgs/crp_msgs/msg/detail/scenario__functions.c
[10.304s] -- Installing: /home/gfigneczi1/ros2_ws/src/CooperativeResearchPlatform/install/crp_msgs/include/crp_msgs/crp_msgs/msg/detail/ego_status__functions.c
[10.304s] -- Installing: /home/gfigneczi1/ros2_ws/src/CooperativeResearchPlatform/install/crp_msgs/include/crp_msgs/crp_msgs/msg/detail/ego__type_support.h
[10.304s] -- Installing: /home/gfigneczi1/ros2_ws/src/CooperativeResearchPlatform/install/crp_msgs/include/crp_msgs/crp_msgs/msg/scenario.h
[10.304s] -- Installing: /home/gfigneczi1/ros2_ws/src/CooperativeResearchPlatform/install/crp_msgs/include/crp_msgs/crp_msgs/msg/traffic_rule.h
[10.304s] -- Installing: /home/gfigneczi1/ros2_ws/src/CooperativeResearchPlatform/install/crp_msgs/include/crp_msgs/crp_msgs/msg/path_with_traffic_rules.h
[10.304s] -- Installing: /home/gfigneczi1/ros2_ws/src/CooperativeResearchPlatform/install/crp_msgs/include/crp_msgs/crp_msgs/msg/ego.h
[10.304s] -- Installing: /home/gfigneczi1/ros2_ws/src/CooperativeResearchPlatform/install/crp_msgs/share/crp_msgs/environment/library_path.sh
[10.304s] -- Installing: /home/gfigneczi1/ros2_ws/src/CooperativeResearchPlatform/install/crp_msgs/share/crp_msgs/environment/library_path.dsv
[10.304s] -- Installing: /home/gfigneczi1/ros2_ws/src/CooperativeResearchPlatform/install/crp_msgs/lib/libcrp_msgs__rosidl_generator_c.so
[10.305s] -- Set runtime path of "/home/gfigneczi1/ros2_ws/src/CooperativeResearchPlatform/install/crp_msgs/lib/libcrp_msgs__rosidl_generator_c.so" to ""
[10.305s] -- Up-to-date: /home/gfigneczi1/ros2_ws/src/CooperativeResearchPlatform/install/crp_msgs/include/crp_msgs/crp_msgs
[10.305s] -- Up-to-date: /home/gfigneczi1/ros2_ws/src/CooperativeResearchPlatform/install/crp_msgs/include/crp_msgs/crp_msgs/msg
[10.305s] -- Up-to-date: /home/gfigneczi1/ros2_ws/src/CooperativeResearchPlatform/install/crp_msgs/include/crp_msgs/crp_msgs/msg/detail
[10.305s] -- Installing: /home/gfigneczi1/ros2_ws/src/CooperativeResearchPlatform/install/crp_msgs/include/crp_msgs/crp_msgs/msg/detail/ego__rosidl_typesupport_fastrtps_c.h
[10.305s] -- Installing: /home/gfigneczi1/ros2_ws/src/CooperativeResearchPlatform/install/crp_msgs/include/crp_msgs/crp_msgs/msg/detail/ego_status__rosidl_typesupport_fastrtps_c.h
[10.305s] -- Installing: /home/gfigneczi1/ros2_ws/src/CooperativeResearchPlatform/install/crp_msgs/include/crp_msgs/crp_msgs/msg/detail/traffic_rule__rosidl_typesupport_fastrtps_c.h
[10.305s] -- Installing: /home/gfigneczi1/ros2_ws/src/CooperativeResearchPlatform/install/crp_msgs/include/crp_msgs/crp_msgs/msg/detail/path_with_traffic_rules__rosidl_typesupport_fastrtps_c.h
[10.305s] -- Installing: /home/gfigneczi1/ros2_ws/src/CooperativeResearchPlatform/install/crp_msgs/include/crp_msgs/crp_msgs/msg/detail/world__rosidl_typesupport_fastrtps_c.h
[10.305s] -- Installing: /home/gfigneczi1/ros2_ws/src/CooperativeResearchPlatform/install/crp_msgs/include/crp_msgs/crp_msgs/msg/detail/scenario__rosidl_typesupport_fastrtps_c.h
[10.305s] -- Installing: /home/gfigneczi1/ros2_ws/src/CooperativeResearchPlatform/install/crp_msgs/include/crp_msgs/crp_msgs/msg/detail/target_space__rosidl_typesupport_fastrtps_c.h
[10.306s] -- Up-to-date: /home/gfigneczi1/ros2_ws/src/CooperativeResearchPlatform/install/crp_msgs/include/crp_msgs/crp_msgs/msg/rosidl_typesupport_fastrtps_c__visibility_control.h
[10.306s] -- Installing: /home/gfigneczi1/ros2_ws/src/CooperativeResearchPlatform/install/crp_msgs/lib/libcrp_msgs__rosidl_typesupport_fastrtps_c.so
[10.306s] -- Set runtime path of "/home/gfigneczi1/ros2_ws/src/CooperativeResearchPlatform/install/crp_msgs/lib/libcrp_msgs__rosidl_typesupport_fastrtps_c.so" to ""
[10.306s] -- Up-to-date: /home/gfigneczi1/ros2_ws/src/CooperativeResearchPlatform/install/crp_msgs/include/crp_msgs/crp_msgs
[10.306s] -- Up-to-date: /home/gfigneczi1/ros2_ws/src/CooperativeResearchPlatform/install/crp_msgs/include/crp_msgs/crp_msgs/msg
[10.306s] -- Installing: /home/gfigneczi1/ros2_ws/src/CooperativeResearchPlatform/install/crp_msgs/include/crp_msgs/crp_msgs/msg/ego_status.hpp
[10.306s] -- Installing: /home/gfigneczi1/ros2_ws/src/CooperativeResearchPlatform/install/crp_msgs/include/crp_msgs/crp_msgs/msg/ego.hpp
[10.306s] -- Installing: /home/gfigneczi1/ros2_ws/src/CooperativeResearchPlatform/install/crp_msgs/include/crp_msgs/crp_msgs/msg/world.hpp
[10.306s] -- Installing: /home/gfigneczi1/ros2_ws/src/CooperativeResearchPlatform/install/crp_msgs/include/crp_msgs/crp_msgs/msg/path_with_traffic_rules.hpp
[10.307s] -- Installing: /home/gfigneczi1/ros2_ws/src/CooperativeResearchPlatform/install/crp_msgs/include/crp_msgs/crp_msgs/msg/traffic_rule.hpp
[10.307s] -- Up-to-date: /home/gfigneczi1/ros2_ws/src/CooperativeResearchPlatform/install/crp_msgs/include/crp_msgs/crp_msgs/msg/detail
[10.307s] -- Installing: /home/gfigneczi1/ros2_ws/src/CooperativeResearchPlatform/install/crp_msgs/include/crp_msgs/crp_msgs/msg/detail/ego__traits.hpp
[10.307s] -- Installing: /home/gfigneczi1/ros2_ws/src/CooperativeResearchPlatform/install/crp_msgs/include/crp_msgs/crp_msgs/msg/detail/ego_status__struct.hpp
[10.307s] -- Installing: /home/gfigneczi1/ros2_ws/src/CooperativeResearchPlatform/install/crp_msgs/include/crp_msgs/crp_msgs/msg/detail/traffic_rule__traits.hpp
[10.307s] -- Installing: /home/gfigneczi1/ros2_ws/src/CooperativeResearchPlatform/install/crp_msgs/include/crp_msgs/crp_msgs/msg/detail/path_with_traffic_rules__struct.hpp
[10.307s] -- Installing: /home/gfigneczi1/ros2_ws/src/CooperativeResearchPlatform/install/crp_msgs/include/crp_msgs/crp_msgs/msg/detail/traffic_rule__builder.hpp
[10.307s] -- Installing: /home/gfigneczi1/ros2_ws/src/CooperativeResearchPlatform/install/crp_msgs/include/crp_msgs/crp_msgs/msg/detail/path_with_traffic_rules__traits.hpp
[10.307s] -- Installing: /home/gfigneczi1/ros2_ws/src/CooperativeResearchPlatform/install/crp_msgs/include/crp_msgs/crp_msgs/msg/detail/target_space__traits.hpp
[10.307s] -- Installing: /home/gfigneczi1/ros2_ws/src/CooperativeResearchPlatform/install/crp_msgs/include/crp_msgs/crp_msgs/msg/detail/ego_status__builder.hpp
[10.307s] -- Installing: /home/gfigneczi1/ros2_ws/src/CooperativeResearchPlatform/install/crp_msgs/include/crp_msgs/crp_msgs/msg/detail/target_space__builder.hpp
[10.307s] -- Installing: /home/gfigneczi1/ros2_ws/src/CooperativeResearchPlatform/install/crp_msgs/include/crp_msgs/crp_msgs/msg/detail/scenario__traits.hpp
[10.307s] -- Installing: /home/gfigneczi1/ros2_ws/src/CooperativeResearchPlatform/install/crp_msgs/include/crp_msgs/crp_msgs/msg/detail/ego_status__traits.hpp
[10.307s] -- Installing: /home/gfigneczi1/ros2_ws/src/CooperativeResearchPlatform/install/crp_msgs/include/crp_msgs/crp_msgs/msg/detail/ego__builder.hpp
[10.307s] -- Installing: /home/gfigneczi1/ros2_ws/src/CooperativeResearchPlatform/install/crp_msgs/include/crp_msgs/crp_msgs/msg/detail/world__traits.hpp
[10.308s] -- Installing: /home/gfigneczi1/ros2_ws/src/CooperativeResearchPlatform/install/crp_msgs/include/crp_msgs/crp_msgs/msg/detail/path_with_traffic_rules__builder.hpp
[10.308s] -- Installing: /home/gfigneczi1/ros2_ws/src/CooperativeResearchPlatform/install/crp_msgs/include/crp_msgs/crp_msgs/msg/detail/world__struct.hpp
[10.308s] -- Installing: /home/gfigneczi1/ros2_ws/src/CooperativeResearchPlatform/install/crp_msgs/include/crp_msgs/crp_msgs/msg/detail/scenario__struct.hpp
[10.308s] -- Installing: /home/gfigneczi1/ros2_ws/src/CooperativeResearchPlatform/install/crp_msgs/include/crp_msgs/crp_msgs/msg/detail/world__builder.hpp
[10.308s] -- Installing: /home/gfigneczi1/ros2_ws/src/CooperativeResearchPlatform/install/crp_msgs/include/crp_msgs/crp_msgs/msg/detail/scenario__builder.hpp
[10.308s] -- Installing: /home/gfigneczi1/ros2_ws/src/CooperativeResearchPlatform/install/crp_msgs/include/crp_msgs/crp_msgs/msg/detail/ego__struct.hpp
[10.308s] -- Installing: /home/gfigneczi1/ros2_ws/src/CooperativeResearchPlatform/install/crp_msgs/include/crp_msgs/crp_msgs/msg/detail/traffic_rule__struct.hpp
[10.308s] -- Installing: /home/gfigneczi1/ros2_ws/src/CooperativeResearchPlatform/install/crp_msgs/include/crp_msgs/crp_msgs/msg/detail/target_space__struct.hpp
[10.308s] -- Installing: /home/gfigneczi1/ros2_ws/src/CooperativeResearchPlatform/install/crp_msgs/include/crp_msgs/crp_msgs/msg/target_space.hpp
[10.308s] -- Installing: /home/gfigneczi1/ros2_ws/src/CooperativeResearchPlatform/install/crp_msgs/include/crp_msgs/crp_msgs/msg/scenario.hpp
[10.308s] -- Up-to-date: /home/gfigneczi1/ros2_ws/src/CooperativeResearchPlatform/install/crp_msgs/include/crp_msgs/crp_msgs
[10.308s] -- Up-to-date: /home/gfigneczi1/ros2_ws/src/CooperativeResearchPlatform/install/crp_msgs/include/crp_msgs/crp_msgs/msg
[10.308s] -- Up-to-date: /home/gfigneczi1/ros2_ws/src/CooperativeResearchPlatform/install/crp_msgs/include/crp_msgs/crp_msgs/msg/rosidl_typesupport_fastrtps_cpp__visibility_control.h
[10.308s] -- Up-to-date: /home/gfigneczi1/ros2_ws/src/CooperativeResearchPlatform/install/crp_msgs/include/crp_msgs/crp_msgs/msg/detail
[10.308s] -- Installing: /home/gfigneczi1/ros2_ws/src/CooperativeResearchPlatform/install/crp_msgs/include/crp_msgs/crp_msgs/msg/detail/world__rosidl_typesupport_fastrtps_cpp.hpp
[10.308s] -- Installing: /home/gfigneczi1/ros2_ws/src/CooperativeResearchPlatform/install/crp_msgs/include/crp_msgs/crp_msgs/msg/detail/ego__rosidl_typesupport_fastrtps_cpp.hpp
[10.309s] -- Installing: /home/gfigneczi1/ros2_ws/src/CooperativeResearchPlatform/install/crp_msgs/include/crp_msgs/crp_msgs/msg/detail/ego_status__rosidl_typesupport_fastrtps_cpp.hpp
[10.309s] -- Installing: /home/gfigneczi1/ros2_ws/src/CooperativeResearchPlatform/install/crp_msgs/include/crp_msgs/crp_msgs/msg/detail/traffic_rule__rosidl_typesupport_fastrtps_cpp.hpp
[10.309s] -- Installing: /home/gfigneczi1/ros2_ws/src/CooperativeResearchPlatform/install/crp_msgs/include/crp_msgs/crp_msgs/msg/detail/scenario__rosidl_typesupport_fastrtps_cpp.hpp
[10.309s] -- Installing: /home/gfigneczi1/ros2_ws/src/CooperativeResearchPlatform/install/crp_msgs/include/crp_msgs/crp_msgs/msg/detail/target_space__rosidl_typesupport_fastrtps_cpp.hpp
[10.309s] -- Up-to-date: /home/gfigneczi1/ros2_ws/src/CooperativeResearchPlatform/install/crp_msgs/include/crp_msgs/crp_msgs/msg/detail/dds_fastrtps
[10.309s] -- Installing: /home/gfigneczi1/ros2_ws/src/CooperativeResearchPlatform/install/crp_msgs/include/crp_msgs/crp_msgs/msg/detail/path_with_traffic_rules__rosidl_typesupport_fastrtps_cpp.hpp
[10.309s] -- Installing: /home/gfigneczi1/ros2_ws/src/CooperativeResearchPlatform/install/crp_msgs/lib/libcrp_msgs__rosidl_typesupport_fastrtps_cpp.so
[10.310s] -- Set runtime path of "/home/gfigneczi1/ros2_ws/src/CooperativeResearchPlatform/install/crp_msgs/lib/libcrp_msgs__rosidl_typesupport_fastrtps_cpp.so" to ""
[10.310s] -- Up-to-date: /home/gfigneczi1/ros2_ws/src/CooperativeResearchPlatform/install/crp_msgs/include/crp_msgs/crp_msgs
[10.310s] -- Up-to-date: /home/gfigneczi1/ros2_ws/src/CooperativeResearchPlatform/install/crp_msgs/include/crp_msgs/crp_msgs/msg
[10.310s] -- Up-to-date: /home/gfigneczi1/ros2_ws/src/CooperativeResearchPlatform/install/crp_msgs/include/crp_msgs/crp_msgs/msg/detail
[10.310s] -- Installing: /home/gfigneczi1/ros2_ws/src/CooperativeResearchPlatform/install/crp_msgs/include/crp_msgs/crp_msgs/msg/detail/ego_status__rosidl_typesupport_introspection_c.h
[10.310s] -- Installing: /home/gfigneczi1/ros2_ws/src/CooperativeResearchPlatform/install/crp_msgs/include/crp_msgs/crp_msgs/msg/detail/ego__rosidl_typesupport_introspection_c.h
[10.310s] -- Installing: /home/gfigneczi1/ros2_ws/src/CooperativeResearchPlatform/install/crp_msgs/include/crp_msgs/crp_msgs/msg/detail/traffic_rule__type_support.c
[10.310s] -- Installing: /home/gfigneczi1/ros2_ws/src/CooperativeResearchPlatform/install/crp_msgs/include/crp_msgs/crp_msgs/msg/detail/ego_status__type_support.c
[10.310s] -- Installing: /home/gfigneczi1/ros2_ws/src/CooperativeResearchPlatform/install/crp_msgs/include/crp_msgs/crp_msgs/msg/detail/scenario__rosidl_typesupport_introspection_c.h
[10.310s] -- Installing: /home/gfigneczi1/ros2_ws/src/CooperativeResearchPlatform/install/crp_msgs/include/crp_msgs/crp_msgs/msg/detail/ego__type_support.c
[10.310s] -- Installing: /home/gfigneczi1/ros2_ws/src/CooperativeResearchPlatform/install/crp_msgs/include/crp_msgs/crp_msgs/msg/detail/path_with_traffic_rules__rosidl_typesupport_introspection_c.h
[10.310s] -- Installing: /home/gfigneczi1/ros2_ws/src/CooperativeResearchPlatform/install/crp_msgs/include/crp_msgs/crp_msgs/msg/detail/scenario__type_support.c
[10.310s] -- Installing: /home/gfigneczi1/ros2_ws/src/CooperativeResearchPlatform/install/crp_msgs/include/crp_msgs/crp_msgs/msg/detail/target_space__rosidl_typesupport_introspection_c.h
[10.311s] -- Installing: /home/gfigneczi1/ros2_ws/src/CooperativeResearchPlatform/install/crp_msgs/include/crp_msgs/crp_msgs/msg/detail/traffic_rule__rosidl_typesupport_introspection_c.h
[10.311s] -- Installing: /home/gfigneczi1/ros2_ws/src/CooperativeResearchPlatform/install/crp_msgs/include/crp_msgs/crp_msgs/msg/detail/world__type_support.c
[10.311s] -- Installing: /home/gfigneczi1/ros2_ws/src/CooperativeResearchPlatform/install/crp_msgs/include/crp_msgs/crp_msgs/msg/detail/path_with_traffic_rules__type_support.c
[10.311s] -- Installing: /home/gfigneczi1/ros2_ws/src/CooperativeResearchPlatform/install/crp_msgs/include/crp_msgs/crp_msgs/msg/detail/world__rosidl_typesupport_introspection_c.h
[10.311s] -- Installing: /home/gfigneczi1/ros2_ws/src/CooperativeResearchPlatform/install/crp_msgs/include/crp_msgs/crp_msgs/msg/detail/target_space__type_support.c
[10.311s] -- Up-to-date: /home/gfigneczi1/ros2_ws/src/CooperativeResearchPlatform/install/crp_msgs/include/crp_msgs/crp_msgs/msg/rosidl_typesupport_introspection_c__visibility_control.h
[10.311s] -- Installing: /home/gfigneczi1/ros2_ws/src/CooperativeResearchPlatform/install/crp_msgs/lib/libcrp_msgs__rosidl_typesupport_introspection_c.so
[10.311s] -- Set runtime path of "/home/gfigneczi1/ros2_ws/src/CooperativeResearchPlatform/install/crp_msgs/lib/libcrp_msgs__rosidl_typesupport_introspection_c.so" to ""
[10.311s] -- Installing: /home/gfigneczi1/ros2_ws/src/CooperativeResearchPlatform/install/crp_msgs/lib/libcrp_msgs__rosidl_typesupport_c.so
[10.311s] -- Set runtime path of "/home/gfigneczi1/ros2_ws/src/CooperativeResearchPlatform/install/crp_msgs/lib/libcrp_msgs__rosidl_typesupport_c.so" to ""
[10.311s] -- Up-to-date: /home/gfigneczi1/ros2_ws/src/CooperativeResearchPlatform/install/crp_msgs/include/crp_msgs/crp_msgs
[10.311s] -- Up-to-date: /home/gfigneczi1/ros2_ws/src/CooperativeResearchPlatform/install/crp_msgs/include/crp_msgs/crp_msgs/msg
[10.311s] -- Up-to-date: /home/gfigneczi1/ros2_ws/src/CooperativeResearchPlatform/install/crp_msgs/include/crp_msgs/crp_msgs/msg/detail
[10.312s] -- Installing: /home/gfigneczi1/ros2_ws/src/CooperativeResearchPlatform/install/crp_msgs/include/crp_msgs/crp_msgs/msg/detail/target_space__rosidl_typesupport_introspection_cpp.hpp
[10.312s] -- Installing: /home/gfigneczi1/ros2_ws/src/CooperativeResearchPlatform/install/crp_msgs/include/crp_msgs/crp_msgs/msg/detail/scenario__type_support.cpp
[10.312s] -- Installing: /home/gfigneczi1/ros2_ws/src/CooperativeResearchPlatform/install/crp_msgs/include/crp_msgs/crp_msgs/msg/detail/world__type_support.cpp
[10.312s] -- Installing: /home/gfigneczi1/ros2_ws/src/CooperativeResearchPlatform/install/crp_msgs/include/crp_msgs/crp_msgs/msg/detail/path_with_traffic_rules__rosidl_typesupport_introspection_cpp.hpp
[10.312s] -- Installing: /home/gfigneczi1/ros2_ws/src/CooperativeResearchPlatform/install/crp_msgs/include/crp_msgs/crp_msgs/msg/detail/traffic_rule__type_support.cpp
[10.312s] -- Installing: /home/gfigneczi1/ros2_ws/src/CooperativeResearchPlatform/install/crp_msgs/include/crp_msgs/crp_msgs/msg/detail/scenario__rosidl_typesupport_introspection_cpp.hpp
[10.312s] -- Installing: /home/gfigneczi1/ros2_ws/src/CooperativeResearchPlatform/install/crp_msgs/include/crp_msgs/crp_msgs/msg/detail/ego__type_support.cpp
[10.312s] -- Installing: /home/gfigneczi1/ros2_ws/src/CooperativeResearchPlatform/install/crp_msgs/include/crp_msgs/crp_msgs/msg/detail/traffic_rule__rosidl_typesupport_introspection_cpp.hpp
[10.312s] -- Installing: /home/gfigneczi1/ros2_ws/src/CooperativeResearchPlatform/install/crp_msgs/include/crp_msgs/crp_msgs/msg/detail/ego__rosidl_typesupport_introspection_cpp.hpp
[10.312s] -- Installing: /home/gfigneczi1/ros2_ws/src/CooperativeResearchPlatform/install/crp_msgs/include/crp_msgs/crp_msgs/msg/detail/path_with_traffic_rules__type_support.cpp
[10.312s] -- Installing: /home/gfigneczi1/ros2_ws/src/CooperativeResearchPlatform/install/crp_msgs/include/crp_msgs/crp_msgs/msg/detail/target_space__type_support.cpp
[10.312s] -- Installing: /home/gfigneczi1/ros2_ws/src/CooperativeResearchPlatform/install/crp_msgs/include/crp_msgs/crp_msgs/msg/detail/world__rosidl_typesupport_introspection_cpp.hpp
[10.312s] -- Installing: /home/gfigneczi1/ros2_ws/src/CooperativeResearchPlatform/install/crp_msgs/include/crp_msgs/crp_msgs/msg/detail/ego_status__type_support.cpp
[10.312s] -- Installing: /home/gfigneczi1/ros2_ws/src/CooperativeResearchPlatform/install/crp_msgs/include/crp_msgs/crp_msgs/msg/detail/ego_status__rosidl_typesupport_introspection_cpp.hpp
[10.313s] -- Installing: /home/gfigneczi1/ros2_ws/src/CooperativeResearchPlatform/install/crp_msgs/lib/libcrp_msgs__rosidl_typesupport_introspection_cpp.so
[10.314s] -- Set runtime path of "/home/gfigneczi1/ros2_ws/src/CooperativeResearchPlatform/install/crp_msgs/lib/libcrp_msgs__rosidl_typesupport_introspection_cpp.so" to ""
[10.314s] -- Installing: /home/gfigneczi1/ros2_ws/src/CooperativeResearchPlatform/install/crp_msgs/lib/libcrp_msgs__rosidl_typesupport_cpp.so
[10.314s] -- Set runtime path of "/home/gfigneczi1/ros2_ws/src/CooperativeResearchPlatform/install/crp_msgs/lib/libcrp_msgs__rosidl_typesupport_cpp.so" to ""
[10.314s] -- Up-to-date: /home/gfigneczi1/ros2_ws/src/CooperativeResearchPlatform/install/crp_msgs/share/crp_msgs/environment/pythonpath.sh
[10.314s] -- Installing: /home/gfigneczi1/ros2_ws/src/CooperativeResearchPlatform/install/crp_msgs/share/crp_msgs/environment/pythonpath.dsv
[10.314s] -- Up-to-date: /home/gfigneczi1/ros2_ws/src/CooperativeResearchPlatform/install/crp_msgs/local/lib/python3.10/dist-packages/crp_msgs-0.0.0-py3.10.egg-info
[10.314s] -- Installing: /home/gfigneczi1/ros2_ws/src/CooperativeResearchPlatform/install/crp_msgs/local/lib/python3.10/dist-packages/crp_msgs-0.0.0-py3.10.egg-info/SOURCES.txt
[10.314s] -- Installing: /home/gfigneczi1/ros2_ws/src/CooperativeResearchPlatform/install/crp_msgs/local/lib/python3.10/dist-packages/crp_msgs-0.0.0-py3.10.egg-info/PKG-INFO
[10.314s] -- Installing: /home/gfigneczi1/ros2_ws/src/CooperativeResearchPlatform/install/crp_msgs/local/lib/python3.10/dist-packages/crp_msgs-0.0.0-py3.10.egg-info/top_level.txt
[10.314s] -- Installing: /home/gfigneczi1/ros2_ws/src/CooperativeResearchPlatform/install/crp_msgs/local/lib/python3.10/dist-packages/crp_msgs-0.0.0-py3.10.egg-info/dependency_links.txt
[10.314s] -- Up-to-date: /home/gfigneczi1/ros2_ws/src/CooperativeResearchPlatform/install/crp_msgs/local/lib/python3.10/dist-packages/crp_msgs
[10.315s] -- Installing: /home/gfigneczi1/ros2_ws/src/CooperativeResearchPlatform/install/crp_msgs/local/lib/python3.10/dist-packages/crp_msgs/__init__.py
[10.315s] -- Installing: /home/gfigneczi1/ros2_ws/src/CooperativeResearchPlatform/install/crp_msgs/local/lib/python3.10/dist-packages/crp_msgs/_crp_msgs_s.ep.rosidl_typesupport_fastrtps_c.c
[10.315s] -- Installing: /home/gfigneczi1/ros2_ws/src/CooperativeResearchPlatform/install/crp_msgs/local/lib/python3.10/dist-packages/crp_msgs/crp_msgs_s__rosidl_typesupport_c.cpython-310-aarch64-linux-gnu.so
[10.315s] -- Installing: /home/gfigneczi1/ros2_ws/src/CooperativeResearchPlatform/install/crp_msgs/local/lib/python3.10/dist-packages/crp_msgs/crp_msgs_s__rosidl_typesupport_fastrtps_c.cpython-310-aarch64-linux-gnu.so
[10.315s] -- Installing: /home/gfigneczi1/ros2_ws/src/CooperativeResearchPlatform/install/crp_msgs/local/lib/python3.10/dist-packages/crp_msgs/_crp_msgs_s.ep.rosidl_typesupport_introspection_c.c
[10.315s] -- Up-to-date: /home/gfigneczi1/ros2_ws/src/CooperativeResearchPlatform/install/crp_msgs/local/lib/python3.10/dist-packages/crp_msgs/msg
[10.315s] -- Installing: /home/gfigneczi1/ros2_ws/src/CooperativeResearchPlatform/install/crp_msgs/local/lib/python3.10/dist-packages/crp_msgs/msg/__init__.py
[10.315s] -- Installing: /home/gfigneczi1/ros2_ws/src/CooperativeResearchPlatform/install/crp_msgs/local/lib/python3.10/dist-packages/crp_msgs/msg/_world_s.c
[10.315s] -- Installing: /home/gfigneczi1/ros2_ws/src/CooperativeResearchPlatform/install/crp_msgs/local/lib/python3.10/dist-packages/crp_msgs/msg/_traffic_rule.py
[10.315s] -- Installing: /home/gfigneczi1/ros2_ws/src/CooperativeResearchPlatform/install/crp_msgs/local/lib/python3.10/dist-packages/crp_msgs/msg/_target_space.py
[10.315s] -- Installing: /home/gfigneczi1/ros2_ws/src/CooperativeResearchPlatform/install/crp_msgs/local/lib/python3.10/dist-packages/crp_msgs/msg/_traffic_rule_s.c
[10.315s] -- Installing: /home/gfigneczi1/ros2_ws/src/CooperativeResearchPlatform/install/crp_msgs/local/lib/python3.10/dist-packages/crp_msgs/msg/_ego.py
[10.315s] -- Installing: /home/gfigneczi1/ros2_ws/src/CooperativeResearchPlatform/install/crp_msgs/local/lib/python3.10/dist-packages/crp_msgs/msg/_world.py
[10.315s] -- Installing: /home/gfigneczi1/ros2_ws/src/CooperativeResearchPlatform/install/crp_msgs/local/lib/python3.10/dist-packages/crp_msgs/msg/_ego_status_s.c
[10.315s] -- Installing: /home/gfigneczi1/ros2_ws/src/CooperativeResearchPlatform/install/crp_msgs/local/lib/python3.10/dist-packages/crp_msgs/msg/_target_space_s.c
[10.316s] -- Installing: /home/gfigneczi1/ros2_ws/src/CooperativeResearchPlatform/install/crp_msgs/local/lib/python3.10/dist-packages/crp_msgs/msg/_ego_s.c
[10.316s] -- Installing: /home/gfigneczi1/ros2_ws/src/CooperativeResearchPlatform/install/crp_msgs/local/lib/python3.10/dist-packages/crp_msgs/msg/_scenario.py
[10.316s] -- Installing: /home/gfigneczi1/ros2_ws/src/CooperativeResearchPlatform/install/crp_msgs/local/lib/python3.10/dist-packages/crp_msgs/msg/_ego_status.py
[10.316s] -- Installing: /home/gfigneczi1/ros2_ws/src/CooperativeResearchPlatform/install/crp_msgs/local/lib/python3.10/dist-packages/crp_msgs/msg/_path_with_traffic_rules_s.c
[10.316s] -- Installing: /home/gfigneczi1/ros2_ws/src/CooperativeResearchPlatform/install/crp_msgs/local/lib/python3.10/dist-packages/crp_msgs/msg/_path_with_traffic_rules.py
[10.316s] -- Installing: /home/gfigneczi1/ros2_ws/src/CooperativeResearchPlatform/install/crp_msgs/local/lib/python3.10/dist-packages/crp_msgs/msg/_scenario_s.c
[10.316s] -- Installing: /home/gfigneczi1/ros2_ws/src/CooperativeResearchPlatform/install/crp_msgs/local/lib/python3.10/dist-packages/crp_msgs/_crp_msgs_s.ep.rosidl_typesupport_c.c
[10.316s] -- Installing: /home/gfigneczi1/ros2_ws/src/CooperativeResearchPlatform/install/crp_msgs/local/lib/python3.10/dist-packages/crp_msgs/libcrp_msgs__rosidl_generator_py.so
[10.316s] -- Installing: /home/gfigneczi1/ros2_ws/src/CooperativeResearchPlatform/install/crp_msgs/local/lib/python3.10/dist-packages/crp_msgs/crp_msgs_s__rosidl_typesupport_introspection_c.cpython-310-aarch64-linux-gnu.so
[10.360s] Listing '/home/gfigneczi1/ros2_ws/src/CooperativeResearchPlatform/install/crp_msgs/local/lib/python3.10/dist-packages/crp_msgs'...
[10.360s] Compiling '/home/gfigneczi1/ros2_ws/src/CooperativeResearchPlatform/install/crp_msgs/local/lib/python3.10/dist-packages/crp_msgs/__init__.py'...
[10.360s] Listing '/home/gfigneczi1/ros2_ws/src/CooperativeResearchPlatform/install/crp_msgs/local/lib/python3.10/dist-packages/crp_msgs/msg'...
[10.360s] Compiling '/home/gfigneczi1/ros2_ws/src/CooperativeResearchPlatform/install/crp_msgs/local/lib/python3.10/dist-packages/crp_msgs/msg/__init__.py'...
[10.360s] Compiling '/home/gfigneczi1/ros2_ws/src/CooperativeResearchPlatform/install/crp_msgs/local/lib/python3.10/dist-packages/crp_msgs/msg/_ego.py'...
[10.360s] Compiling '/home/gfigneczi1/ros2_ws/src/CooperativeResearchPlatform/install/crp_msgs/local/lib/python3.10/dist-packages/crp_msgs/msg/_ego_status.py'...
[10.360s] Compiling '/home/gfigneczi1/ros2_ws/src/CooperativeResearchPlatform/install/crp_msgs/local/lib/python3.10/dist-packages/crp_msgs/msg/_path_with_traffic_rules.py'...
[10.360s] Compiling '/home/gfigneczi1/ros2_ws/src/CooperativeResearchPlatform/install/crp_msgs/local/lib/python3.10/dist-packages/crp_msgs/msg/_scenario.py'...
[10.360s] Compiling '/home/gfigneczi1/ros2_ws/src/CooperativeResearchPlatform/install/crp_msgs/local/lib/python3.10/dist-packages/crp_msgs/msg/_target_space.py'...
[10.360s] Compiling '/home/gfigneczi1/ros2_ws/src/CooperativeResearchPlatform/install/crp_msgs/local/lib/python3.10/dist-packages/crp_msgs/msg/_traffic_rule.py'...
[10.360s] Compiling '/home/gfigneczi1/ros2_ws/src/CooperativeResearchPlatform/install/crp_msgs/local/lib/python3.10/dist-packages/crp_msgs/msg/_world.py'...
[10.363s] -- Installing: /home/gfigneczi1/ros2_ws/src/CooperativeResearchPlatform/install/crp_msgs/local/lib/python3.10/dist-packages/crp_msgs/crp_msgs_s__rosidl_typesupport_fastrtps_c.cpython-310-aarch64-linux-gnu.so
[10.364s] -- Set runtime path of "/home/gfigneczi1/ros2_ws/src/CooperativeResearchPlatform/install/crp_msgs/local/lib/python3.10/dist-packages/crp_msgs/crp_msgs_s__rosidl_typesupport_fastrtps_c.cpython-310-aarch64-linux-gnu.so" to ""
[10.364s] -- Installing: /home/gfigneczi1/ros2_ws/src/CooperativeResearchPlatform/install/crp_msgs/local/lib/python3.10/dist-packages/crp_msgs/crp_msgs_s__rosidl_typesupport_introspection_c.cpython-310-aarch64-linux-gnu.so
[10.364s] -- Set runtime path of "/home/gfigneczi1/ros2_ws/src/CooperativeResearchPlatform/install/crp_msgs/local/lib/python3.10/dist-packages/crp_msgs/crp_msgs_s__rosidl_typesupport_introspection_c.cpython-310-aarch64-linux-gnu.so" to ""
[10.364s] -- Installing: /home/gfigneczi1/ros2_ws/src/CooperativeResearchPlatform/install/crp_msgs/local/lib/python3.10/dist-packages/crp_msgs/crp_msgs_s__rosidl_typesupport_c.cpython-310-aarch64-linux-gnu.so
[10.364s] -- Set runtime path of "/home/gfigneczi1/ros2_ws/src/CooperativeResearchPlatform/install/crp_msgs/local/lib/python3.10/dist-packages/crp_msgs/crp_msgs_s__rosidl_typesupport_c.cpython-310-aarch64-linux-gnu.so" to ""
[10.364s] -- Installing: /home/gfigneczi1/ros2_ws/src/CooperativeResearchPlatform/install/crp_msgs/lib/libcrp_msgs__rosidl_generator_py.so
[10.365s] -- Set runtime path of "/home/gfigneczi1/ros2_ws/src/CooperativeResearchPlatform/install/crp_msgs/lib/libcrp_msgs__rosidl_generator_py.so" to ""
[10.365s] -- Installing: /home/gfigneczi1/ros2_ws/src/CooperativeResearchPlatform/install/crp_msgs/share/crp_msgs/msg/TrafficRule.idl
[10.365s] -- Installing: /home/gfigneczi1/ros2_ws/src/CooperativeResearchPlatform/install/crp_msgs/share/crp_msgs/msg/PathWithTrafficRules.idl
[10.365s] -- Up-to-date: /home/gfigneczi1/ros2_ws/src/CooperativeResearchPlatform/install/crp_msgs/share/crp_msgs/msg/World.idl
[10.365s] -- Installing: /home/gfigneczi1/ros2_ws/src/CooperativeResearchPlatform/install/crp_msgs/share/crp_msgs/msg/TargetSpace.idl
[10.365s] -- Up-to-date: /home/gfigneczi1/ros2_ws/src/CooperativeResearchPlatform/install/crp_msgs/share/crp_msgs/msg/Scenario.idl
[10.365s] -- Installing: /home/gfigneczi1/ros2_ws/src/CooperativeResearchPlatform/install/crp_msgs/share/crp_msgs/msg/Ego.idl
[10.365s] -- Installing: /home/gfigneczi1/ros2_ws/src/CooperativeResearchPlatform/install/crp_msgs/share/crp_msgs/msg/EgoStatus.idl
[10.365s] -- Installing: /home/gfigneczi1/ros2_ws/src/CooperativeResearchPlatform/install/crp_msgs/share/crp_msgs/msg/TrafficRule.msg
[10.365s] -- Installing: /home/gfigneczi1/ros2_ws/src/CooperativeResearchPlatform/install/crp_msgs/share/crp_msgs/msg/PathWithTrafficRules.msg
[10.365s] -- Installing: /home/gfigneczi1/ros2_ws/src/CooperativeResearchPlatform/install/crp_msgs/share/crp_msgs/msg/World.msg
[10.365s] -- Installing: /home/gfigneczi1/ros2_ws/src/CooperativeResearchPlatform/install/crp_msgs/share/crp_msgs/msg/TargetSpace.msg
[10.366s] -- Installing: /home/gfigneczi1/ros2_ws/src/CooperativeResearchPlatform/install/crp_msgs/share/crp_msgs/msg/Scenario.msg
[10.366s] -- Installing: /home/gfigneczi1/ros2_ws/src/CooperativeResearchPlatform/install/crp_msgs/share/crp_msgs/msg/Ego.msg
[10.366s] -- Installing: /home/gfigneczi1/ros2_ws/src/CooperativeResearchPlatform/install/crp_msgs/share/crp_msgs/msg/EgoStatus.msg
[10.366s] -- Up-to-date: /home/gfigneczi1/ros2_ws/src/CooperativeResearchPlatform/install/crp_msgs/share/ament_index/resource_index/package_run_dependencies/crp_msgs
[10.366s] -- Installing: /home/gfigneczi1/ros2_ws/src/CooperativeResearchPlatform/install/crp_msgs/share/ament_index/resource_index/parent_prefix_path/crp_msgs
[10.366s] -- Installing: /home/gfigneczi1/ros2_ws/src/CooperativeResearchPlatform/install/crp_msgs/share/crp_msgs/environment/ament_prefix_path.sh
[10.366s] -- Installing: /home/gfigneczi1/ros2_ws/src/CooperativeResearchPlatform/install/crp_msgs/share/crp_msgs/environment/ament_prefix_path.dsv
[10.366s] -- Installing: /home/gfigneczi1/ros2_ws/src/CooperativeResearchPlatform/install/crp_msgs/share/crp_msgs/environment/path.sh
[10.366s] -- Installing: /home/gfigneczi1/ros2_ws/src/CooperativeResearchPlatform/install/crp_msgs/share/crp_msgs/environment/path.dsv
[10.366s] -- Up-to-date: /home/gfigneczi1/ros2_ws/src/CooperativeResearchPlatform/install/crp_msgs/share/crp_msgs/local_setup.bash
[10.366s] -- Up-to-date: /home/gfigneczi1/ros2_ws/src/CooperativeResearchPlatform/install/crp_msgs/share/crp_msgs/local_setup.sh
[10.367s] -- Up-to-date: /home/gfigneczi1/ros2_ws/src/CooperativeResearchPlatform/install/crp_msgs/share/crp_msgs/local_setup.zsh
[10.367s] -- Installing: /home/gfigneczi1/ros2_ws/src/CooperativeResearchPlatform/install/crp_msgs/share/crp_msgs/local_setup.dsv
[10.367s] -- Installing: /home/gfigneczi1/ros2_ws/src/CooperativeResearchPlatform/install/crp_msgs/share/crp_msgs/package.dsv
[10.367s] -- Up-to-date: /home/gfigneczi1/ros2_ws/src/CooperativeResearchPlatform/install/crp_msgs/share/ament_index/resource_index/packages/crp_msgs
[10.367s] -- Up-to-date: /home/gfigneczi1/ros2_ws/src/CooperativeResearchPlatform/install/crp_msgs/share/crp_msgs/cmake/export_crp_msgs__rosidl_generator_cExport.cmake
[10.367s] -- Up-to-date: /home/gfigneczi1/ros2_ws/src/CooperativeResearchPlatform/install/crp_msgs/share/crp_msgs/cmake/export_crp_msgs__rosidl_generator_cExport-noconfig.cmake
[10.367s] -- Up-to-date: /home/gfigneczi1/ros2_ws/src/CooperativeResearchPlatform/install/crp_msgs/share/crp_msgs/cmake/export_crp_msgs__rosidl_typesupport_fastrtps_cExport.cmake
[10.367s] -- Up-to-date: /home/gfigneczi1/ros2_ws/src/CooperativeResearchPlatform/install/crp_msgs/share/crp_msgs/cmake/export_crp_msgs__rosidl_typesupport_fastrtps_cExport-noconfig.cmake
[10.367s] -- Up-to-date: /home/gfigneczi1/ros2_ws/src/CooperativeResearchPlatform/install/crp_msgs/share/crp_msgs/cmake/export_crp_msgs__rosidl_generator_cppExport.cmake
[10.367s] -- Up-to-date: /home/gfigneczi1/ros2_ws/src/CooperativeResearchPlatform/install/crp_msgs/share/crp_msgs/cmake/export_crp_msgs__rosidl_typesupport_fastrtps_cppExport.cmake
[10.368s] -- Up-to-date: /home/gfigneczi1/ros2_ws/src/CooperativeResearchPlatform/install/crp_msgs/share/crp_msgs/cmake/export_crp_msgs__rosidl_typesupport_fastrtps_cppExport-noconfig.cmake
[10.368s] -- Up-to-date: /home/gfigneczi1/ros2_ws/src/CooperativeResearchPlatform/install/crp_msgs/share/crp_msgs/cmake/crp_msgs__rosidl_typesupport_introspection_cExport.cmake
[10.368s] -- Up-to-date: /home/gfigneczi1/ros2_ws/src/CooperativeResearchPlatform/install/crp_msgs/share/crp_msgs/cmake/crp_msgs__rosidl_typesupport_introspection_cExport-noconfig.cmake
[10.368s] -- Up-to-date: /home/gfigneczi1/ros2_ws/src/CooperativeResearchPlatform/install/crp_msgs/share/crp_msgs/cmake/crp_msgs__rosidl_typesupport_cExport.cmake
[10.368s] -- Up-to-date: /home/gfigneczi1/ros2_ws/src/CooperativeResearchPlatform/install/crp_msgs/share/crp_msgs/cmake/crp_msgs__rosidl_typesupport_cExport-noconfig.cmake
[10.368s] -- Up-to-date: /home/gfigneczi1/ros2_ws/src/CooperativeResearchPlatform/install/crp_msgs/share/crp_msgs/cmake/crp_msgs__rosidl_typesupport_introspection_cppExport.cmake
[10.368s] -- Up-to-date: /home/gfigneczi1/ros2_ws/src/CooperativeResearchPlatform/install/crp_msgs/share/crp_msgs/cmake/crp_msgs__rosidl_typesupport_introspection_cppExport-noconfig.cmake
[10.368s] -- Up-to-date: /home/gfigneczi1/ros2_ws/src/CooperativeResearchPlatform/install/crp_msgs/share/crp_msgs/cmake/crp_msgs__rosidl_typesupport_cppExport.cmake
[10.368s] -- Up-to-date: /home/gfigneczi1/ros2_ws/src/CooperativeResearchPlatform/install/crp_msgs/share/crp_msgs/cmake/crp_msgs__rosidl_typesupport_cppExport-noconfig.cmake
[10.368s] -- Up-to-date: /home/gfigneczi1/ros2_ws/src/CooperativeResearchPlatform/install/crp_msgs/share/crp_msgs/cmake/export_crp_msgs__rosidl_generator_pyExport.cmake
[10.368s] -- Up-to-date: /home/gfigneczi1/ros2_ws/src/CooperativeResearchPlatform/install/crp_msgs/share/crp_msgs/cmake/export_crp_msgs__rosidl_generator_pyExport-noconfig.cmake
[10.368s] -- Up-to-date: /home/gfigneczi1/ros2_ws/src/CooperativeResearchPlatform/install/crp_msgs/share/crp_msgs/cmake/rosidl_cmake-extras.cmake
[10.368s] -- Up-to-date: /home/gfigneczi1/ros2_ws/src/CooperativeResearchPlatform/install/crp_msgs/share/crp_msgs/cmake/ament_cmake_export_dependencies-extras.cmake
[10.368s] -- Up-to-date: /home/gfigneczi1/ros2_ws/src/CooperativeResearchPlatform/install/crp_msgs/share/crp_msgs/cmake/ament_cmake_export_include_directories-extras.cmake
[10.368s] -- Up-to-date: /home/gfigneczi1/ros2_ws/src/CooperativeResearchPlatform/install/crp_msgs/share/crp_msgs/cmake/ament_cmake_export_libraries-extras.cmake
[10.368s] -- Up-to-date: /home/gfigneczi1/ros2_ws/src/CooperativeResearchPlatform/install/crp_msgs/share/crp_msgs/cmake/ament_cmake_export_targets-extras.cmake
[10.368s] -- Up-to-date: /home/gfigneczi1/ros2_ws/src/CooperativeResearchPlatform/install/crp_msgs/share/crp_msgs/cmake/rosidl_cmake_export_typesupport_targets-extras.cmake
[10.368s] -- Up-to-date: /home/gfigneczi1/ros2_ws/src/CooperativeResearchPlatform/install/crp_msgs/share/crp_msgs/cmake/rosidl_cmake_export_typesupport_libraries-extras.cmake
[10.368s] -- Up-to-date: /home/gfigneczi1/ros2_ws/src/CooperativeResearchPlatform/install/crp_msgs/share/crp_msgs/cmake/crp_msgsConfig.cmake
[10.368s] -- Up-to-date: /home/gfigneczi1/ros2_ws/src/CooperativeResearchPlatform/install/crp_msgs/share/crp_msgs/cmake/crp_msgsConfig-version.cmake
[10.368s] -- Installing: /home/gfigneczi1/ros2_ws/src/CooperativeResearchPlatform/install/crp_msgs/share/crp_msgs/package.xml
[10.370s] Invoked command in '/home/gfigneczi1/ros2_ws/src/CooperativeResearchPlatform/build/crp_msgs' returned '0': CMAKE_PREFIX_PATH=${CMAKE_PREFIX_PATH}:/home/gfigneczi1/autoware/install/simulator_compatibility_test:/home/gfigneczi1/autoware/install/ad_api_visualizers:/opt/ros/humble /usr/bin/cmake --install /home/gfigneczi1/ros2_ws/src/CooperativeResearchPlatform/build/crp_msgs
