[100%] Built target pacmod_extender_node
-- Install configuration: ""
-- Up-to-date: /home/gfigneczi1/ros2_ws/src/CooperativeResearchPlatform/install/pacmod_extender/lib/pacmod_extender/pacmod_extender_node
-- Up-to-date: /home/gfigneczi1/ros2_ws/src/CooperativeResearchPlatform/install/pacmod_extender/share/pacmod_extender/launch
-- Up-to-date: /home/gfigneczi1/ros2_ws/src/CooperativeResearchPlatform/install/pacmod_extender/share/pacmod_extender/launch/pacmod_extender.launch.py
-- Up-to-date: /home/gfigneczi1/ros2_ws/src/CooperativeResearchPlatform/install/pacmod_extender/share/ament_index/resource_index/package_run_dependencies/pacmod_extender
-- Up-to-date: /home/gfigneczi1/ros2_ws/src/CooperativeResearchPlatform/install/pacmod_extender/share/ament_index/resource_index/parent_prefix_path/pacmod_extender
-- Up-to-date: /home/gfigneczi1/ros2_ws/src/CooperativeResearchPlatform/install/pacmod_extender/share/pacmod_extender/environment/ament_prefix_path.sh
-- Up-to-date: /home/gfigneczi1/ros2_ws/src/CooperativeResearchPlatform/install/pacmod_extender/share/pacmod_extender/environment/ament_prefix_path.dsv
-- Up-to-date: /home/gfigneczi1/ros2_ws/src/CooperativeResearchPlatform/install/pacmod_extender/share/pacmod_extender/environment/path.sh
-- Up-to-date: /home/gfigneczi1/ros2_ws/src/CooperativeResearchPlatform/install/pacmod_extender/share/pacmod_extender/environment/path.dsv
-- Up-to-date: /home/gfigneczi1/ros2_ws/src/CooperativeResearchPlatform/install/pacmod_extender/share/pacmod_extender/local_setup.bash
-- Up-to-date: /home/gfigneczi1/ros2_ws/src/CooperativeResearchPlatform/install/pacmod_extender/share/pacmod_extender/local_setup.sh
-- Up-to-date: /home/gfigneczi1/ros2_ws/src/CooperativeResearchPlatform/install/pacmod_extender/share/pacmod_extender/local_setup.zsh
-- Up-to-date: /home/gfigneczi1/ros2_ws/src/CooperativeResearchPlatform/install/pacmod_extender/share/pacmod_extender/local_setup.dsv
-- Installing: /home/gfigneczi1/ros2_ws/src/CooperativeResearchPlatform/install/pacmod_extender/share/pacmod_extender/package.dsv
-- Up-to-date: /home/gfigneczi1/ros2_ws/src/CooperativeResearchPlatform/install/pacmod_extender/share/ament_index/resource_index/packages/pacmod_extender
-- Up-to-date: /home/gfigneczi1/ros2_ws/src/CooperativeResearchPlatform/install/pacmod_extender/share/pacmod_extender/cmake/pacmod_extenderConfig.cmake
-- Up-to-date: /home/gfigneczi1/ros2_ws/src/CooperativeResearchPlatform/install/pacmod_extender/share/pacmod_extender/cmake/pacmod_extenderConfig-version.cmake
-- Up-to-date: /home/gfigneczi1/ros2_ws/src/CooperativeResearchPlatform/install/pacmod_extender/share/pacmod_extender/package.xml
