-- Found ament_cmake: 1.3.7 (/home/gfigneczi1/autoware/install/ament_cmake/share/ament_cmake/cmake)
-- Found rclcpp: 16.0.8 (/opt/ros/humble/share/rclcpp/cmake)
-- Found rosidl_generator_c: 3.1.5 (/opt/ros/humble/share/rosidl_generator_c/cmake)
-- Found rosidl_adapter: 3.1.5 (/opt/ros/humble/share/rosidl_adapter/cmake)
-- Found rosidl_generator_cpp: 3.1.5 (/opt/ros/humble/share/rosidl_generator_cpp/cmake)
-- Using all available rosidl_typesupport_c: rosidl_typesupport_fastrtps_c;rosidl_typesupport_introspection_c
-- Using all available rosidl_typesupport_cpp: rosidl_typesupport_fastrtps_cpp;rosidl_typesupport_introspection_cpp
-- Found rmw_implementation_cmake: 6.1.1 (/opt/ros/humble/share/rmw_implementation_cmake/cmake)
-- Found rmw_cyclonedds_cpp: 1.3.4 (/opt/ros/humble/share/rmw_cyclonedds_cpp/cmake)
-- Using RMW implementation 'rmw_cyclonedds_cpp' as default
-- Found crp_msgs: 0.0.0 (/home/gfigneczi1/ros2_ws/src/CooperativeResearchPlatform/install/crp_msgs/share/crp_msgs/cmake)
-- Found autoware_map_msgs: 1.1.0 (/home/gfigneczi1/autoware/install/autoware_map_msgs/share/autoware_map_msgs/cmake)
-- Found autoware_localization_msgs: 1.1.0 (/home/gfigneczi1/autoware/install/autoware_localization_msgs/share/autoware_localization_msgs/cmake)
-- Configuring done
-- Generating done
-- Build files have been written to: /home/gfigneczi1/ros2_ws/src/CooperativeResearchPlatform/build/prcp_situation_analysis
[35m[1mConsolidate compiler generated dependencies of target input_fusion[0m
[ 50%] [32mBuilding CXX object CMakeFiles/input_fusion.dir/src/inputFusion.cpp.o[0m
[100%] [32m[1mLinking CXX executable input_fusion[0m
[100%] Built target input_fusion
-- Install configuration: ""
-- Installing: /home/gfigneczi1/ros2_ws/src/CooperativeResearchPlatform/install/prcp_situation_analysis/lib/prcp_situation_analysis/input_fusion
-- Set runtime path of "/home/gfigneczi1/ros2_ws/src/CooperativeResearchPlatform/install/prcp_situation_analysis/lib/prcp_situation_analysis/input_fusion" to ""
-- Installing: /home/gfigneczi1/ros2_ws/src/CooperativeResearchPlatform/install/prcp_situation_analysis/share/ament_index/resource_index/package_run_dependencies/prcp_situation_analysis
-- Installing: /home/gfigneczi1/ros2_ws/src/CooperativeResearchPlatform/install/prcp_situation_analysis/share/ament_index/resource_index/parent_prefix_path/prcp_situation_analysis
-- Installing: /home/gfigneczi1/ros2_ws/src/CooperativeResearchPlatform/install/prcp_situation_analysis/share/prcp_situation_analysis/environment/ament_prefix_path.sh
-- Installing: /home/gfigneczi1/ros2_ws/src/CooperativeResearchPlatform/install/prcp_situation_analysis/share/prcp_situation_analysis/environment/ament_prefix_path.dsv
-- Installing: /home/gfigneczi1/ros2_ws/src/CooperativeResearchPlatform/install/prcp_situation_analysis/share/prcp_situation_analysis/environment/path.sh
-- Installing: /home/gfigneczi1/ros2_ws/src/CooperativeResearchPlatform/install/prcp_situation_analysis/share/prcp_situation_analysis/environment/path.dsv
-- Installing: /home/gfigneczi1/ros2_ws/src/CooperativeResearchPlatform/install/prcp_situation_analysis/share/prcp_situation_analysis/local_setup.bash
-- Installing: /home/gfigneczi1/ros2_ws/src/CooperativeResearchPlatform/install/prcp_situation_analysis/share/prcp_situation_analysis/local_setup.sh
-- Installing: /home/gfigneczi1/ros2_ws/src/CooperativeResearchPlatform/install/prcp_situation_analysis/share/prcp_situation_analysis/local_setup.zsh
-- Installing: /home/gfigneczi1/ros2_ws/src/CooperativeResearchPlatform/install/prcp_situation_analysis/share/prcp_situation_analysis/local_setup.dsv
-- Installing: /home/gfigneczi1/ros2_ws/src/CooperativeResearchPlatform/install/prcp_situation_analysis/share/prcp_situation_analysis/package.dsv
-- Installing: /home/gfigneczi1/ros2_ws/src/CooperativeResearchPlatform/install/prcp_situation_analysis/share/ament_index/resource_index/packages/prcp_situation_analysis
-- Installing: /home/gfigneczi1/ros2_ws/src/CooperativeResearchPlatform/install/prcp_situation_analysis/share/prcp_situation_analysis/cmake/prcp_situation_analysisConfig.cmake
-- Installing: /home/gfigneczi1/ros2_ws/src/CooperativeResearchPlatform/install/prcp_situation_analysis/share/prcp_situation_analysis/cmake/prcp_situation_analysisConfig-version.cmake
-- Installing: /home/gfigneczi1/ros2_ws/src/CooperativeResearchPlatform/install/prcp_situation_analysis/share/prcp_situation_analysis/package.xml
