[ 50%] Built target ego_abstraction
[ 66%] Built target world_abstraction
[100%] Built target scenario_abstraction
-- Install configuration: ""
-- Up-to-date: /home/gfigneczi1/ros2_ws/src/CooperativeResearchPlatform/install/prcp_sensor_abstraction/lib/prcp_sensor_abstraction/world_abstraction
-- Up-to-date: /home/gfigneczi1/ros2_ws/src/CooperativeResearchPlatform/install/prcp_sensor_abstraction/lib/prcp_sensor_abstraction/scenario_abstraction
-- Up-to-date: /home/gfigneczi1/ros2_ws/src/CooperativeResearchPlatform/install/prcp_sensor_abstraction/lib/prcp_sensor_abstraction/ego_abstraction
-- Up-to-date: /home/gfigneczi1/ros2_ws/src/CooperativeResearchPlatform/install/prcp_sensor_abstraction/share/ament_index/resource_index/package_run_dependencies/prcp_sensor_abstraction
-- Up-to-date: /home/gfigneczi1/ros2_ws/src/CooperativeResearchPlatform/install/prcp_sensor_abstraction/share/ament_index/resource_index/parent_prefix_path/prcp_sensor_abstraction
-- Up-to-date: /home/gfigneczi1/ros2_ws/src/CooperativeResearchPlatform/install/prcp_sensor_abstraction/share/prcp_sensor_abstraction/environment/ament_prefix_path.sh
-- Up-to-date: /home/gfigneczi1/ros2_ws/src/CooperativeResearchPlatform/install/prcp_sensor_abstraction/share/prcp_sensor_abstraction/environment/ament_prefix_path.dsv
-- Up-to-date: /home/gfigneczi1/ros2_ws/src/CooperativeResearchPlatform/install/prcp_sensor_abstraction/share/prcp_sensor_abstraction/environment/path.sh
-- Up-to-date: /home/gfigneczi1/ros2_ws/src/CooperativeResearchPlatform/install/prcp_sensor_abstraction/share/prcp_sensor_abstraction/environment/path.dsv
-- Up-to-date: /home/gfigneczi1/ros2_ws/src/CooperativeResearchPlatform/install/prcp_sensor_abstraction/share/prcp_sensor_abstraction/local_setup.bash
-- Up-to-date: /home/gfigneczi1/ros2_ws/src/CooperativeResearchPlatform/install/prcp_sensor_abstraction/share/prcp_sensor_abstraction/local_setup.sh
-- Up-to-date: /home/gfigneczi1/ros2_ws/src/CooperativeResearchPlatform/install/prcp_sensor_abstraction/share/prcp_sensor_abstraction/local_setup.zsh
-- Up-to-date: /home/gfigneczi1/ros2_ws/src/CooperativeResearchPlatform/install/prcp_sensor_abstraction/share/prcp_sensor_abstraction/local_setup.dsv
-- Installing: /home/gfigneczi1/ros2_ws/src/CooperativeResearchPlatform/install/prcp_sensor_abstraction/share/prcp_sensor_abstraction/package.dsv
-- Up-to-date: /home/gfigneczi1/ros2_ws/src/CooperativeResearchPlatform/install/prcp_sensor_abstraction/share/ament_index/resource_index/packages/prcp_sensor_abstraction
-- Up-to-date: /home/gfigneczi1/ros2_ws/src/CooperativeResearchPlatform/install/prcp_sensor_abstraction/share/prcp_sensor_abstraction/cmake/prcp_sensor_abstractionConfig.cmake
-- Up-to-date: /home/gfigneczi1/ros2_ws/src/CooperativeResearchPlatform/install/prcp_sensor_abstraction/share/prcp_sensor_abstraction/cmake/prcp_sensor_abstractionConfig-version.cmake
-- Up-to-date: /home/gfigneczi1/ros2_ws/src/CooperativeResearchPlatform/install/prcp_sensor_abstraction/share/prcp_sensor_abstraction/package.xml
