[  1%] Built target crp_msgs__cpp
[ 12%] Built target crp_msgs__rosidl_generator_c
[ 12%] Built target ament_cmake_python_copy_crp_msgs
[ 24%] Built target crp_msgs__rosidl_typesupport_introspection_cpp
[ 35%] Built target crp_msgs__rosidl_typesupport_fastrtps_cpp
[ 46%] Built target crp_msgs__rosidl_typesupport_cpp
[ 58%] Built target crp_msgs__rosidl_typesupport_fastrtps_c
[ 70%] Built target crp_msgs__rosidl_typesupport_c
[ 81%] Built target crp_msgs__rosidl_typesupport_introspection_c
[ 81%] Built target crp_msgs
[ 82%] Built target crp_msgs__py
[ 92%] Built target crp_msgs__rosidl_generator_py
[ 94%] Built target crp_msgs__rosidl_typesupport_fastrtps_c__pyext
[ 97%] Built target crp_msgs__rosidl_typesupport_introspection_c__pyext
running egg_info
writing crp_msgs.egg-info/PKG-INFO
writing dependency_links to crp_msgs.egg-info/dependency_links.txt
writing top-level names to crp_msgs.egg-info/top_level.txt
reading manifest file 'crp_msgs.egg-info/SOURCES.txt'
writing manifest file 'crp_msgs.egg-info/SOURCES.txt'
[100%] Built target crp_msgs__rosidl_typesupport_c__pyext
[100%] Built target ament_cmake_python_build_crp_msgs_egg
-- Install configuration: ""
-- Up-to-date: /home/gfigneczi1/ros2_ws/src/CooperativeResearchPlatform/install/crp_msgs/share/ament_index/resource_index/rosidl_interfaces/crp_msgs
-- Up-to-date: /home/gfigneczi1/ros2_ws/src/CooperativeResearchPlatform/install/crp_msgs/include/crp_msgs/crp_msgs
-- Up-to-date: /home/gfigneczi1/ros2_ws/src/CooperativeResearchPlatform/install/crp_msgs/include/crp_msgs/crp_msgs/msg
-- Up-to-date: /home/gfigneczi1/ros2_ws/src/CooperativeResearchPlatform/install/crp_msgs/include/crp_msgs/crp_msgs/msg/ego_status.h
-- Up-to-date: /home/gfigneczi1/ros2_ws/src/CooperativeResearchPlatform/install/crp_msgs/include/crp_msgs/crp_msgs/msg/world.h
-- Up-to-date: /home/gfigneczi1/ros2_ws/src/CooperativeResearchPlatform/install/crp_msgs/include/crp_msgs/crp_msgs/msg/target_space.h
-- Up-to-date: /home/gfigneczi1/ros2_ws/src/CooperativeResearchPlatform/install/crp_msgs/include/crp_msgs/crp_msgs/msg/rosidl_generator_c__visibility_control.h
-- Up-to-date: /home/gfigneczi1/ros2_ws/src/CooperativeResearchPlatform/install/crp_msgs/include/crp_msgs/crp_msgs/msg/detail
-- Up-to-date: /home/gfigneczi1/ros2_ws/src/CooperativeResearchPlatform/install/crp_msgs/include/crp_msgs/crp_msgs/msg/detail/target_space__functions.c
-- Up-to-date: /home/gfigneczi1/ros2_ws/src/CooperativeResearchPlatform/install/crp_msgs/include/crp_msgs/crp_msgs/msg/detail/scenario__functions.h
-- Up-to-date: /home/gfigneczi1/ros2_ws/src/CooperativeResearchPlatform/install/crp_msgs/include/crp_msgs/crp_msgs/msg/detail/world__functions.c
-- Up-to-date: /home/gfigneczi1/ros2_ws/src/CooperativeResearchPlatform/install/crp_msgs/include/crp_msgs/crp_msgs/msg/detail/ego_status__struct.h
-- Up-to-date: /home/gfigneczi1/ros2_ws/src/CooperativeResearchPlatform/install/crp_msgs/include/crp_msgs/crp_msgs/msg/detail/path_with_traffic_rules__functions.c
-- Up-to-date: /home/gfigneczi1/ros2_ws/src/CooperativeResearchPlatform/install/crp_msgs/include/crp_msgs/crp_msgs/msg/detail/target_space__struct.h
-- Up-to-date: /home/gfigneczi1/ros2_ws/src/CooperativeResearchPlatform/install/crp_msgs/include/crp_msgs/crp_msgs/msg/detail/path_with_traffic_rules__type_support.h
-- Up-to-date: /home/gfigneczi1/ros2_ws/src/CooperativeResearchPlatform/install/crp_msgs/include/crp_msgs/crp_msgs/msg/detail/traffic_rule__functions.h
-- Up-to-date: /home/gfigneczi1/ros2_ws/src/CooperativeResearchPlatform/install/crp_msgs/include/crp_msgs/crp_msgs/msg/detail/ego__struct.h
-- Up-to-date: /home/gfigneczi1/ros2_ws/src/CooperativeResearchPlatform/install/crp_msgs/include/crp_msgs/crp_msgs/msg/detail/world__struct.h
-- Up-to-date: /home/gfigneczi1/ros2_ws/src/CooperativeResearchPlatform/install/crp_msgs/include/crp_msgs/crp_msgs/msg/detail/world__functions.h
-- Up-to-date: /home/gfigneczi1/ros2_ws/src/CooperativeResearchPlatform/install/crp_msgs/include/crp_msgs/crp_msgs/msg/detail/ego_status__type_support.h
-- Up-to-date: /home/gfigneczi1/ros2_ws/src/CooperativeResearchPlatform/install/crp_msgs/include/crp_msgs/crp_msgs/msg/detail/ego__functions.h
-- Up-to-date: /home/gfigneczi1/ros2_ws/src/CooperativeResearchPlatform/install/crp_msgs/include/crp_msgs/crp_msgs/msg/detail/traffic_rule__struct.h
-- Up-to-date: /home/gfigneczi1/ros2_ws/src/CooperativeResearchPlatform/install/crp_msgs/include/crp_msgs/crp_msgs/msg/detail/target_space__functions.h
-- Up-to-date: /home/gfigneczi1/ros2_ws/src/CooperativeResearchPlatform/install/crp_msgs/include/crp_msgs/crp_msgs/msg/detail/ego__functions.c
-- Up-to-date: /home/gfigneczi1/ros2_ws/src/CooperativeResearchPlatform/install/crp_msgs/include/crp_msgs/crp_msgs/msg/detail/path_with_traffic_rules__functions.h
-- Up-to-date: /home/gfigneczi1/ros2_ws/src/CooperativeResearchPlatform/install/crp_msgs/include/crp_msgs/crp_msgs/msg/detail/target_space__type_support.h
-- Up-to-date: /home/gfigneczi1/ros2_ws/src/CooperativeResearchPlatform/install/crp_msgs/include/crp_msgs/crp_msgs/msg/detail/traffic_rule__functions.c
-- Up-to-date: /home/gfigneczi1/ros2_ws/src/CooperativeResearchPlatform/install/crp_msgs/include/crp_msgs/crp_msgs/msg/detail/ego_status__functions.h
-- Up-to-date: /home/gfigneczi1/ros2_ws/src/CooperativeResearchPlatform/install/crp_msgs/include/crp_msgs/crp_msgs/msg/detail/traffic_rule__type_support.h
-- Up-to-date: /home/gfigneczi1/ros2_ws/src/CooperativeResearchPlatform/install/crp_msgs/include/crp_msgs/crp_msgs/msg/detail/scenario__struct.h
-- Up-to-date: /home/gfigneczi1/ros2_ws/src/CooperativeResearchPlatform/install/crp_msgs/include/crp_msgs/crp_msgs/msg/detail/path_with_traffic_rules__struct.h
-- Up-to-date: /home/gfigneczi1/ros2_ws/src/CooperativeResearchPlatform/install/crp_msgs/include/crp_msgs/crp_msgs/msg/detail/world__type_support.h
-- Up-to-date: /home/gfigneczi1/ros2_ws/src/CooperativeResearchPlatform/install/crp_msgs/include/crp_msgs/crp_msgs/msg/detail/scenario__type_support.h
-- Up-to-date: /home/gfigneczi1/ros2_ws/src/CooperativeResearchPlatform/install/crp_msgs/include/crp_msgs/crp_msgs/msg/detail/scenario__functions.c
-- Up-to-date: /home/gfigneczi1/ros2_ws/src/CooperativeResearchPlatform/install/crp_msgs/include/crp_msgs/crp_msgs/msg/detail/ego_status__functions.c
-- Up-to-date: /home/gfigneczi1/ros2_ws/src/CooperativeResearchPlatform/install/crp_msgs/include/crp_msgs/crp_msgs/msg/detail/ego__type_support.h
-- Up-to-date: /home/gfigneczi1/ros2_ws/src/CooperativeResearchPlatform/install/crp_msgs/include/crp_msgs/crp_msgs/msg/scenario.h
-- Up-to-date: /home/gfigneczi1/ros2_ws/src/CooperativeResearchPlatform/install/crp_msgs/include/crp_msgs/crp_msgs/msg/traffic_rule.h
-- Up-to-date: /home/gfigneczi1/ros2_ws/src/CooperativeResearchPlatform/install/crp_msgs/include/crp_msgs/crp_msgs/msg/path_with_traffic_rules.h
-- Up-to-date: /home/gfigneczi1/ros2_ws/src/CooperativeResearchPlatform/install/crp_msgs/include/crp_msgs/crp_msgs/msg/ego.h
-- Up-to-date: /home/gfigneczi1/ros2_ws/src/CooperativeResearchPlatform/install/crp_msgs/share/crp_msgs/environment/library_path.sh
-- Up-to-date: /home/gfigneczi1/ros2_ws/src/CooperativeResearchPlatform/install/crp_msgs/share/crp_msgs/environment/library_path.dsv
-- Up-to-date: /home/gfigneczi1/ros2_ws/src/CooperativeResearchPlatform/install/crp_msgs/lib/libcrp_msgs__rosidl_generator_c.so
-- Up-to-date: /home/gfigneczi1/ros2_ws/src/CooperativeResearchPlatform/install/crp_msgs/include/crp_msgs/crp_msgs
-- Up-to-date: /home/gfigneczi1/ros2_ws/src/CooperativeResearchPlatform/install/crp_msgs/include/crp_msgs/crp_msgs/msg
-- Up-to-date: /home/gfigneczi1/ros2_ws/src/CooperativeResearchPlatform/install/crp_msgs/include/crp_msgs/crp_msgs/msg/detail
-- Up-to-date: /home/gfigneczi1/ros2_ws/src/CooperativeResearchPlatform/install/crp_msgs/include/crp_msgs/crp_msgs/msg/detail/ego__rosidl_typesupport_fastrtps_c.h
-- Up-to-date: /home/gfigneczi1/ros2_ws/src/CooperativeResearchPlatform/install/crp_msgs/include/crp_msgs/crp_msgs/msg/detail/ego_status__rosidl_typesupport_fastrtps_c.h
-- Up-to-date: /home/gfigneczi1/ros2_ws/src/CooperativeResearchPlatform/install/crp_msgs/include/crp_msgs/crp_msgs/msg/detail/traffic_rule__rosidl_typesupport_fastrtps_c.h
-- Up-to-date: /home/gfigneczi1/ros2_ws/src/CooperativeResearchPlatform/install/crp_msgs/include/crp_msgs/crp_msgs/msg/detail/path_with_traffic_rules__rosidl_typesupport_fastrtps_c.h
-- Up-to-date: /home/gfigneczi1/ros2_ws/src/CooperativeResearchPlatform/install/crp_msgs/include/crp_msgs/crp_msgs/msg/detail/world__rosidl_typesupport_fastrtps_c.h
-- Up-to-date: /home/gfigneczi1/ros2_ws/src/CooperativeResearchPlatform/install/crp_msgs/include/crp_msgs/crp_msgs/msg/detail/scenario__rosidl_typesupport_fastrtps_c.h
-- Up-to-date: /home/gfigneczi1/ros2_ws/src/CooperativeResearchPlatform/install/crp_msgs/include/crp_msgs/crp_msgs/msg/detail/target_space__rosidl_typesupport_fastrtps_c.h
-- Up-to-date: /home/gfigneczi1/ros2_ws/src/CooperativeResearchPlatform/install/crp_msgs/include/crp_msgs/crp_msgs/msg/rosidl_typesupport_fastrtps_c__visibility_control.h
-- Up-to-date: /home/gfigneczi1/ros2_ws/src/CooperativeResearchPlatform/install/crp_msgs/lib/libcrp_msgs__rosidl_typesupport_fastrtps_c.so
-- Up-to-date: /home/gfigneczi1/ros2_ws/src/CooperativeResearchPlatform/install/crp_msgs/include/crp_msgs/crp_msgs
-- Up-to-date: /home/gfigneczi1/ros2_ws/src/CooperativeResearchPlatform/install/crp_msgs/include/crp_msgs/crp_msgs/msg
-- Up-to-date: /home/gfigneczi1/ros2_ws/src/CooperativeResearchPlatform/install/crp_msgs/include/crp_msgs/crp_msgs/msg/ego_status.hpp
-- Up-to-date: /home/gfigneczi1/ros2_ws/src/CooperativeResearchPlatform/install/crp_msgs/include/crp_msgs/crp_msgs/msg/ego.hpp
-- Up-to-date: /home/gfigneczi1/ros2_ws/src/CooperativeResearchPlatform/install/crp_msgs/include/crp_msgs/crp_msgs/msg/world.hpp
-- Up-to-date: /home/gfigneczi1/ros2_ws/src/CooperativeResearchPlatform/install/crp_msgs/include/crp_msgs/crp_msgs/msg/path_with_traffic_rules.hpp
-- Up-to-date: /home/gfigneczi1/ros2_ws/src/CooperativeResearchPlatform/install/crp_msgs/include/crp_msgs/crp_msgs/msg/traffic_rule.hpp
-- Up-to-date: /home/gfigneczi1/ros2_ws/src/CooperativeResearchPlatform/install/crp_msgs/include/crp_msgs/crp_msgs/msg/detail
-- Up-to-date: /home/gfigneczi1/ros2_ws/src/CooperativeResearchPlatform/install/crp_msgs/include/crp_msgs/crp_msgs/msg/detail/ego__traits.hpp
-- Up-to-date: /home/gfigneczi1/ros2_ws/src/CooperativeResearchPlatform/install/crp_msgs/include/crp_msgs/crp_msgs/msg/detail/ego_status__struct.hpp
-- Up-to-date: /home/gfigneczi1/ros2_ws/src/CooperativeResearchPlatform/install/crp_msgs/include/crp_msgs/crp_msgs/msg/detail/traffic_rule__traits.hpp
-- Up-to-date: /home/gfigneczi1/ros2_ws/src/CooperativeResearchPlatform/install/crp_msgs/include/crp_msgs/crp_msgs/msg/detail/path_with_traffic_rules__struct.hpp
-- Up-to-date: /home/gfigneczi1/ros2_ws/src/CooperativeResearchPlatform/install/crp_msgs/include/crp_msgs/crp_msgs/msg/detail/traffic_rule__builder.hpp
-- Up-to-date: /home/gfigneczi1/ros2_ws/src/CooperativeResearchPlatform/install/crp_msgs/include/crp_msgs/crp_msgs/msg/detail/path_with_traffic_rules__traits.hpp
-- Up-to-date: /home/gfigneczi1/ros2_ws/src/CooperativeResearchPlatform/install/crp_msgs/include/crp_msgs/crp_msgs/msg/detail/target_space__traits.hpp
-- Up-to-date: /home/gfigneczi1/ros2_ws/src/CooperativeResearchPlatform/install/crp_msgs/include/crp_msgs/crp_msgs/msg/detail/ego_status__builder.hpp
-- Up-to-date: /home/gfigneczi1/ros2_ws/src/CooperativeResearchPlatform/install/crp_msgs/include/crp_msgs/crp_msgs/msg/detail/target_space__builder.hpp
-- Up-to-date: /home/gfigneczi1/ros2_ws/src/CooperativeResearchPlatform/install/crp_msgs/include/crp_msgs/crp_msgs/msg/detail/scenario__traits.hpp
-- Up-to-date: /home/gfigneczi1/ros2_ws/src/CooperativeResearchPlatform/install/crp_msgs/include/crp_msgs/crp_msgs/msg/detail/ego_status__traits.hpp
-- Up-to-date: /home/gfigneczi1/ros2_ws/src/CooperativeResearchPlatform/install/crp_msgs/include/crp_msgs/crp_msgs/msg/detail/ego__builder.hpp
-- Up-to-date: /home/gfigneczi1/ros2_ws/src/CooperativeResearchPlatform/install/crp_msgs/include/crp_msgs/crp_msgs/msg/detail/world__traits.hpp
-- Up-to-date: /home/gfigneczi1/ros2_ws/src/CooperativeResearchPlatform/install/crp_msgs/include/crp_msgs/crp_msgs/msg/detail/path_with_traffic_rules__builder.hpp
-- Up-to-date: /home/gfigneczi1/ros2_ws/src/CooperativeResearchPlatform/install/crp_msgs/include/crp_msgs/crp_msgs/msg/detail/world__struct.hpp
-- Up-to-date: /home/gfigneczi1/ros2_ws/src/CooperativeResearchPlatform/install/crp_msgs/include/crp_msgs/crp_msgs/msg/detail/scenario__struct.hpp
-- Up-to-date: /home/gfigneczi1/ros2_ws/src/CooperativeResearchPlatform/install/crp_msgs/include/crp_msgs/crp_msgs/msg/detail/world__builder.hpp
-- Up-to-date: /home/gfigneczi1/ros2_ws/src/CooperativeResearchPlatform/install/crp_msgs/include/crp_msgs/crp_msgs/msg/detail/scenario__builder.hpp
-- Up-to-date: /home/gfigneczi1/ros2_ws/src/CooperativeResearchPlatform/install/crp_msgs/include/crp_msgs/crp_msgs/msg/detail/ego__struct.hpp
-- Up-to-date: /home/gfigneczi1/ros2_ws/src/CooperativeResearchPlatform/install/crp_msgs/include/crp_msgs/crp_msgs/msg/detail/traffic_rule__struct.hpp
-- Up-to-date: /home/gfigneczi1/ros2_ws/src/CooperativeResearchPlatform/install/crp_msgs/include/crp_msgs/crp_msgs/msg/detail/target_space__struct.hpp
-- Up-to-date: /home/gfigneczi1/ros2_ws/src/CooperativeResearchPlatform/install/crp_msgs/include/crp_msgs/crp_msgs/msg/target_space.hpp
-- Up-to-date: /home/gfigneczi1/ros2_ws/src/CooperativeResearchPlatform/install/crp_msgs/include/crp_msgs/crp_msgs/msg/scenario.hpp
-- Up-to-date: /home/gfigneczi1/ros2_ws/src/CooperativeResearchPlatform/install/crp_msgs/include/crp_msgs/crp_msgs
-- Up-to-date: /home/gfigneczi1/ros2_ws/src/CooperativeResearchPlatform/install/crp_msgs/include/crp_msgs/crp_msgs/msg
-- Up-to-date: /home/gfigneczi1/ros2_ws/src/CooperativeResearchPlatform/install/crp_msgs/include/crp_msgs/crp_msgs/msg/rosidl_typesupport_fastrtps_cpp__visibility_control.h
-- Up-to-date: /home/gfigneczi1/ros2_ws/src/CooperativeResearchPlatform/install/crp_msgs/include/crp_msgs/crp_msgs/msg/detail
-- Up-to-date: /home/gfigneczi1/ros2_ws/src/CooperativeResearchPlatform/install/crp_msgs/include/crp_msgs/crp_msgs/msg/detail/world__rosidl_typesupport_fastrtps_cpp.hpp
-- Up-to-date: /home/gfigneczi1/ros2_ws/src/CooperativeResearchPlatform/install/crp_msgs/include/crp_msgs/crp_msgs/msg/detail/ego__rosidl_typesupport_fastrtps_cpp.hpp
-- Up-to-date: /home/gfigneczi1/ros2_ws/src/CooperativeResearchPlatform/install/crp_msgs/include/crp_msgs/crp_msgs/msg/detail/ego_status__rosidl_typesupport_fastrtps_cpp.hpp
-- Up-to-date: /home/gfigneczi1/ros2_ws/src/CooperativeResearchPlatform/install/crp_msgs/include/crp_msgs/crp_msgs/msg/detail/traffic_rule__rosidl_typesupport_fastrtps_cpp.hpp
-- Up-to-date: /home/gfigneczi1/ros2_ws/src/CooperativeResearchPlatform/install/crp_msgs/include/crp_msgs/crp_msgs/msg/detail/scenario__rosidl_typesupport_fastrtps_cpp.hpp
-- Up-to-date: /home/gfigneczi1/ros2_ws/src/CooperativeResearchPlatform/install/crp_msgs/include/crp_msgs/crp_msgs/msg/detail/target_space__rosidl_typesupport_fastrtps_cpp.hpp
-- Up-to-date: /home/gfigneczi1/ros2_ws/src/CooperativeResearchPlatform/install/crp_msgs/include/crp_msgs/crp_msgs/msg/detail/dds_fastrtps
-- Up-to-date: /home/gfigneczi1/ros2_ws/src/CooperativeResearchPlatform/install/crp_msgs/include/crp_msgs/crp_msgs/msg/detail/path_with_traffic_rules__rosidl_typesupport_fastrtps_cpp.hpp
-- Up-to-date: /home/gfigneczi1/ros2_ws/src/CooperativeResearchPlatform/install/crp_msgs/lib/libcrp_msgs__rosidl_typesupport_fastrtps_cpp.so
-- Up-to-date: /home/gfigneczi1/ros2_ws/src/CooperativeResearchPlatform/install/crp_msgs/include/crp_msgs/crp_msgs
-- Up-to-date: /home/gfigneczi1/ros2_ws/src/CooperativeResearchPlatform/install/crp_msgs/include/crp_msgs/crp_msgs/msg
-- Up-to-date: /home/gfigneczi1/ros2_ws/src/CooperativeResearchPlatform/install/crp_msgs/include/crp_msgs/crp_msgs/msg/detail
-- Up-to-date: /home/gfigneczi1/ros2_ws/src/CooperativeResearchPlatform/install/crp_msgs/include/crp_msgs/crp_msgs/msg/detail/ego_status__rosidl_typesupport_introspection_c.h
-- Up-to-date: /home/gfigneczi1/ros2_ws/src/CooperativeResearchPlatform/install/crp_msgs/include/crp_msgs/crp_msgs/msg/detail/ego__rosidl_typesupport_introspection_c.h
-- Up-to-date: /home/gfigneczi1/ros2_ws/src/CooperativeResearchPlatform/install/crp_msgs/include/crp_msgs/crp_msgs/msg/detail/traffic_rule__type_support.c
-- Up-to-date: /home/gfigneczi1/ros2_ws/src/CooperativeResearchPlatform/install/crp_msgs/include/crp_msgs/crp_msgs/msg/detail/ego_status__type_support.c
-- Up-to-date: /home/gfigneczi1/ros2_ws/src/CooperativeResearchPlatform/install/crp_msgs/include/crp_msgs/crp_msgs/msg/detail/scenario__rosidl_typesupport_introspection_c.h
-- Up-to-date: /home/gfigneczi1/ros2_ws/src/CooperativeResearchPlatform/install/crp_msgs/include/crp_msgs/crp_msgs/msg/detail/ego__type_support.c
-- Up-to-date: /home/gfigneczi1/ros2_ws/src/CooperativeResearchPlatform/install/crp_msgs/include/crp_msgs/crp_msgs/msg/detail/path_with_traffic_rules__rosidl_typesupport_introspection_c.h
-- Up-to-date: /home/gfigneczi1/ros2_ws/src/CooperativeResearchPlatform/install/crp_msgs/include/crp_msgs/crp_msgs/msg/detail/scenario__type_support.c
-- Up-to-date: /home/gfigneczi1/ros2_ws/src/CooperativeResearchPlatform/install/crp_msgs/include/crp_msgs/crp_msgs/msg/detail/target_space__rosidl_typesupport_introspection_c.h
-- Up-to-date: /home/gfigneczi1/ros2_ws/src/CooperativeResearchPlatform/install/crp_msgs/include/crp_msgs/crp_msgs/msg/detail/traffic_rule__rosidl_typesupport_introspection_c.h
-- Up-to-date: /home/gfigneczi1/ros2_ws/src/CooperativeResearchPlatform/install/crp_msgs/include/crp_msgs/crp_msgs/msg/detail/world__type_support.c
-- Up-to-date: /home/gfigneczi1/ros2_ws/src/CooperativeResearchPlatform/install/crp_msgs/include/crp_msgs/crp_msgs/msg/detail/path_with_traffic_rules__type_support.c
-- Up-to-date: /home/gfigneczi1/ros2_ws/src/CooperativeResearchPlatform/install/crp_msgs/include/crp_msgs/crp_msgs/msg/detail/world__rosidl_typesupport_introspection_c.h
-- Up-to-date: /home/gfigneczi1/ros2_ws/src/CooperativeResearchPlatform/install/crp_msgs/include/crp_msgs/crp_msgs/msg/detail/target_space__type_support.c
-- Up-to-date: /home/gfigneczi1/ros2_ws/src/CooperativeResearchPlatform/install/crp_msgs/include/crp_msgs/crp_msgs/msg/rosidl_typesupport_introspection_c__visibility_control.h
-- Up-to-date: /home/gfigneczi1/ros2_ws/src/CooperativeResearchPlatform/install/crp_msgs/lib/libcrp_msgs__rosidl_typesupport_introspection_c.so
-- Up-to-date: /home/gfigneczi1/ros2_ws/src/CooperativeResearchPlatform/install/crp_msgs/lib/libcrp_msgs__rosidl_typesupport_c.so
-- Up-to-date: /home/gfigneczi1/ros2_ws/src/CooperativeResearchPlatform/install/crp_msgs/include/crp_msgs/crp_msgs
-- Up-to-date: /home/gfigneczi1/ros2_ws/src/CooperativeResearchPlatform/install/crp_msgs/include/crp_msgs/crp_msgs/msg
-- Up-to-date: /home/gfigneczi1/ros2_ws/src/CooperativeResearchPlatform/install/crp_msgs/include/crp_msgs/crp_msgs/msg/detail
-- Up-to-date: /home/gfigneczi1/ros2_ws/src/CooperativeResearchPlatform/install/crp_msgs/include/crp_msgs/crp_msgs/msg/detail/target_space__rosidl_typesupport_introspection_cpp.hpp
-- Up-to-date: /home/gfigneczi1/ros2_ws/src/CooperativeResearchPlatform/install/crp_msgs/include/crp_msgs/crp_msgs/msg/detail/scenario__type_support.cpp
-- Up-to-date: /home/gfigneczi1/ros2_ws/src/CooperativeResearchPlatform/install/crp_msgs/include/crp_msgs/crp_msgs/msg/detail/world__type_support.cpp
-- Up-to-date: /home/gfigneczi1/ros2_ws/src/CooperativeResearchPlatform/install/crp_msgs/include/crp_msgs/crp_msgs/msg/detail/path_with_traffic_rules__rosidl_typesupport_introspection_cpp.hpp
-- Up-to-date: /home/gfigneczi1/ros2_ws/src/CooperativeResearchPlatform/install/crp_msgs/include/crp_msgs/crp_msgs/msg/detail/traffic_rule__type_support.cpp
-- Up-to-date: /home/gfigneczi1/ros2_ws/src/CooperativeResearchPlatform/install/crp_msgs/include/crp_msgs/crp_msgs/msg/detail/scenario__rosidl_typesupport_introspection_cpp.hpp
-- Up-to-date: /home/gfigneczi1/ros2_ws/src/CooperativeResearchPlatform/install/crp_msgs/include/crp_msgs/crp_msgs/msg/detail/ego__type_support.cpp
-- Up-to-date: /home/gfigneczi1/ros2_ws/src/CooperativeResearchPlatform/install/crp_msgs/include/crp_msgs/crp_msgs/msg/detail/traffic_rule__rosidl_typesupport_introspection_cpp.hpp
-- Up-to-date: /home/gfigneczi1/ros2_ws/src/CooperativeResearchPlatform/install/crp_msgs/include/crp_msgs/crp_msgs/msg/detail/ego__rosidl_typesupport_introspection_cpp.hpp
-- Up-to-date: /home/gfigneczi1/ros2_ws/src/CooperativeResearchPlatform/install/crp_msgs/include/crp_msgs/crp_msgs/msg/detail/path_with_traffic_rules__type_support.cpp
-- Up-to-date: /home/gfigneczi1/ros2_ws/src/CooperativeResearchPlatform/install/crp_msgs/include/crp_msgs/crp_msgs/msg/detail/target_space__type_support.cpp
-- Up-to-date: /home/gfigneczi1/ros2_ws/src/CooperativeResearchPlatform/install/crp_msgs/include/crp_msgs/crp_msgs/msg/detail/world__rosidl_typesupport_introspection_cpp.hpp
-- Up-to-date: /home/gfigneczi1/ros2_ws/src/CooperativeResearchPlatform/install/crp_msgs/include/crp_msgs/crp_msgs/msg/detail/ego_status__type_support.cpp
-- Up-to-date: /home/gfigneczi1/ros2_ws/src/CooperativeResearchPlatform/install/crp_msgs/include/crp_msgs/crp_msgs/msg/detail/ego_status__rosidl_typesupport_introspection_cpp.hpp
-- Up-to-date: /home/gfigneczi1/ros2_ws/src/CooperativeResearchPlatform/install/crp_msgs/lib/libcrp_msgs__rosidl_typesupport_introspection_cpp.so
-- Up-to-date: /home/gfigneczi1/ros2_ws/src/CooperativeResearchPlatform/install/crp_msgs/lib/libcrp_msgs__rosidl_typesupport_cpp.so
-- Up-to-date: /home/gfigneczi1/ros2_ws/src/CooperativeResearchPlatform/install/crp_msgs/share/crp_msgs/environment/pythonpath.sh
-- Up-to-date: /home/gfigneczi1/ros2_ws/src/CooperativeResearchPlatform/install/crp_msgs/share/crp_msgs/environment/pythonpath.dsv
-- Up-to-date: /home/gfigneczi1/ros2_ws/src/CooperativeResearchPlatform/install/crp_msgs/local/lib/python3.10/dist-packages/crp_msgs-0.0.0-py3.10.egg-info
-- Installing: /home/gfigneczi1/ros2_ws/src/CooperativeResearchPlatform/install/crp_msgs/local/lib/python3.10/dist-packages/crp_msgs-0.0.0-py3.10.egg-info/SOURCES.txt
-- Installing: /home/gfigneczi1/ros2_ws/src/CooperativeResearchPlatform/install/crp_msgs/local/lib/python3.10/dist-packages/crp_msgs-0.0.0-py3.10.egg-info/PKG-INFO
-- Installing: /home/gfigneczi1/ros2_ws/src/CooperativeResearchPlatform/install/crp_msgs/local/lib/python3.10/dist-packages/crp_msgs-0.0.0-py3.10.egg-info/top_level.txt
-- Installing: /home/gfigneczi1/ros2_ws/src/CooperativeResearchPlatform/install/crp_msgs/local/lib/python3.10/dist-packages/crp_msgs-0.0.0-py3.10.egg-info/dependency_links.txt
-- Up-to-date: /home/gfigneczi1/ros2_ws/src/CooperativeResearchPlatform/install/crp_msgs/local/lib/python3.10/dist-packages/crp_msgs
-- Up-to-date: /home/gfigneczi1/ros2_ws/src/CooperativeResearchPlatform/install/crp_msgs/local/lib/python3.10/dist-packages/crp_msgs/__init__.py
-- Up-to-date: /home/gfigneczi1/ros2_ws/src/CooperativeResearchPlatform/install/crp_msgs/local/lib/python3.10/dist-packages/crp_msgs/_crp_msgs_s.ep.rosidl_typesupport_fastrtps_c.c
-- Up-to-date: /home/gfigneczi1/ros2_ws/src/CooperativeResearchPlatform/install/crp_msgs/local/lib/python3.10/dist-packages/crp_msgs/crp_msgs_s__rosidl_typesupport_c.cpython-310-aarch64-linux-gnu.so
-- Up-to-date: /home/gfigneczi1/ros2_ws/src/CooperativeResearchPlatform/install/crp_msgs/local/lib/python3.10/dist-packages/crp_msgs/crp_msgs_s__rosidl_typesupport_fastrtps_c.cpython-310-aarch64-linux-gnu.so
-- Up-to-date: /home/gfigneczi1/ros2_ws/src/CooperativeResearchPlatform/install/crp_msgs/local/lib/python3.10/dist-packages/crp_msgs/_crp_msgs_s.ep.rosidl_typesupport_introspection_c.c
-- Up-to-date: /home/gfigneczi1/ros2_ws/src/CooperativeResearchPlatform/install/crp_msgs/local/lib/python3.10/dist-packages/crp_msgs/msg
-- Up-to-date: /home/gfigneczi1/ros2_ws/src/CooperativeResearchPlatform/install/crp_msgs/local/lib/python3.10/dist-packages/crp_msgs/msg/__init__.py
-- Up-to-date: /home/gfigneczi1/ros2_ws/src/CooperativeResearchPlatform/install/crp_msgs/local/lib/python3.10/dist-packages/crp_msgs/msg/_world_s.c
-- Up-to-date: /home/gfigneczi1/ros2_ws/src/CooperativeResearchPlatform/install/crp_msgs/local/lib/python3.10/dist-packages/crp_msgs/msg/_traffic_rule.py
-- Up-to-date: /home/gfigneczi1/ros2_ws/src/CooperativeResearchPlatform/install/crp_msgs/local/lib/python3.10/dist-packages/crp_msgs/msg/_target_space.py
-- Up-to-date: /home/gfigneczi1/ros2_ws/src/CooperativeResearchPlatform/install/crp_msgs/local/lib/python3.10/dist-packages/crp_msgs/msg/_traffic_rule_s.c
-- Up-to-date: /home/gfigneczi1/ros2_ws/src/CooperativeResearchPlatform/install/crp_msgs/local/lib/python3.10/dist-packages/crp_msgs/msg/_ego.py
-- Up-to-date: /home/gfigneczi1/ros2_ws/src/CooperativeResearchPlatform/install/crp_msgs/local/lib/python3.10/dist-packages/crp_msgs/msg/_world.py
-- Up-to-date: /home/gfigneczi1/ros2_ws/src/CooperativeResearchPlatform/install/crp_msgs/local/lib/python3.10/dist-packages/crp_msgs/msg/_ego_status_s.c
-- Up-to-date: /home/gfigneczi1/ros2_ws/src/CooperativeResearchPlatform/install/crp_msgs/local/lib/python3.10/dist-packages/crp_msgs/msg/_target_space_s.c
-- Up-to-date: /home/gfigneczi1/ros2_ws/src/CooperativeResearchPlatform/install/crp_msgs/local/lib/python3.10/dist-packages/crp_msgs/msg/_ego_s.c
-- Up-to-date: /home/gfigneczi1/ros2_ws/src/CooperativeResearchPlatform/install/crp_msgs/local/lib/python3.10/dist-packages/crp_msgs/msg/_scenario.py
-- Up-to-date: /home/gfigneczi1/ros2_ws/src/CooperativeResearchPlatform/install/crp_msgs/local/lib/python3.10/dist-packages/crp_msgs/msg/_ego_status.py
-- Up-to-date: /home/gfigneczi1/ros2_ws/src/CooperativeResearchPlatform/install/crp_msgs/local/lib/python3.10/dist-packages/crp_msgs/msg/_path_with_traffic_rules_s.c
-- Up-to-date: /home/gfigneczi1/ros2_ws/src/CooperativeResearchPlatform/install/crp_msgs/local/lib/python3.10/dist-packages/crp_msgs/msg/_path_with_traffic_rules.py
-- Up-to-date: /home/gfigneczi1/ros2_ws/src/CooperativeResearchPlatform/install/crp_msgs/local/lib/python3.10/dist-packages/crp_msgs/msg/_scenario_s.c
-- Up-to-date: /home/gfigneczi1/ros2_ws/src/CooperativeResearchPlatform/install/crp_msgs/local/lib/python3.10/dist-packages/crp_msgs/_crp_msgs_s.ep.rosidl_typesupport_c.c
-- Up-to-date: /home/gfigneczi1/ros2_ws/src/CooperativeResearchPlatform/install/crp_msgs/local/lib/python3.10/dist-packages/crp_msgs/libcrp_msgs__rosidl_generator_py.so
-- Up-to-date: /home/gfigneczi1/ros2_ws/src/CooperativeResearchPlatform/install/crp_msgs/local/lib/python3.10/dist-packages/crp_msgs/crp_msgs_s__rosidl_typesupport_introspection_c.cpython-310-aarch64-linux-gnu.so
Listing '/home/gfigneczi1/ros2_ws/src/CooperativeResearchPlatform/install/crp_msgs/local/lib/python3.10/dist-packages/crp_msgs'...
Listing '/home/gfigneczi1/ros2_ws/src/CooperativeResearchPlatform/install/crp_msgs/local/lib/python3.10/dist-packages/crp_msgs/msg'...
-- Up-to-date: /home/gfigneczi1/ros2_ws/src/CooperativeResearchPlatform/install/crp_msgs/local/lib/python3.10/dist-packages/crp_msgs/crp_msgs_s__rosidl_typesupport_fastrtps_c.cpython-310-aarch64-linux-gnu.so
-- Up-to-date: /home/gfigneczi1/ros2_ws/src/CooperativeResearchPlatform/install/crp_msgs/local/lib/python3.10/dist-packages/crp_msgs/crp_msgs_s__rosidl_typesupport_introspection_c.cpython-310-aarch64-linux-gnu.so
-- Up-to-date: /home/gfigneczi1/ros2_ws/src/CooperativeResearchPlatform/install/crp_msgs/local/lib/python3.10/dist-packages/crp_msgs/crp_msgs_s__rosidl_typesupport_c.cpython-310-aarch64-linux-gnu.so
-- Up-to-date: /home/gfigneczi1/ros2_ws/src/CooperativeResearchPlatform/install/crp_msgs/lib/libcrp_msgs__rosidl_generator_py.so
-- Up-to-date: /home/gfigneczi1/ros2_ws/src/CooperativeResearchPlatform/install/crp_msgs/share/crp_msgs/msg/TrafficRule.idl
-- Up-to-date: /home/gfigneczi1/ros2_ws/src/CooperativeResearchPlatform/install/crp_msgs/share/crp_msgs/msg/PathWithTrafficRules.idl
-- Up-to-date: /home/gfigneczi1/ros2_ws/src/CooperativeResearchPlatform/install/crp_msgs/share/crp_msgs/msg/World.idl
-- Up-to-date: /home/gfigneczi1/ros2_ws/src/CooperativeResearchPlatform/install/crp_msgs/share/crp_msgs/msg/TargetSpace.idl
-- Up-to-date: /home/gfigneczi1/ros2_ws/src/CooperativeResearchPlatform/install/crp_msgs/share/crp_msgs/msg/Scenario.idl
-- Up-to-date: /home/gfigneczi1/ros2_ws/src/CooperativeResearchPlatform/install/crp_msgs/share/crp_msgs/msg/Ego.idl
-- Up-to-date: /home/gfigneczi1/ros2_ws/src/CooperativeResearchPlatform/install/crp_msgs/share/crp_msgs/msg/EgoStatus.idl
-- Up-to-date: /home/gfigneczi1/ros2_ws/src/CooperativeResearchPlatform/install/crp_msgs/share/crp_msgs/msg/TrafficRule.msg
-- Up-to-date: /home/gfigneczi1/ros2_ws/src/CooperativeResearchPlatform/install/crp_msgs/share/crp_msgs/msg/PathWithTrafficRules.msg
-- Up-to-date: /home/gfigneczi1/ros2_ws/src/CooperativeResearchPlatform/install/crp_msgs/share/crp_msgs/msg/World.msg
-- Up-to-date: /home/gfigneczi1/ros2_ws/src/CooperativeResearchPlatform/install/crp_msgs/share/crp_msgs/msg/TargetSpace.msg
-- Up-to-date: /home/gfigneczi1/ros2_ws/src/CooperativeResearchPlatform/install/crp_msgs/share/crp_msgs/msg/Scenario.msg
-- Up-to-date: /home/gfigneczi1/ros2_ws/src/CooperativeResearchPlatform/install/crp_msgs/share/crp_msgs/msg/Ego.msg
-- Up-to-date: /home/gfigneczi1/ros2_ws/src/CooperativeResearchPlatform/install/crp_msgs/share/crp_msgs/msg/EgoStatus.msg
-- Up-to-date: /home/gfigneczi1/ros2_ws/src/CooperativeResearchPlatform/install/crp_msgs/share/ament_index/resource_index/package_run_dependencies/crp_msgs
-- Up-to-date: /home/gfigneczi1/ros2_ws/src/CooperativeResearchPlatform/install/crp_msgs/share/ament_index/resource_index/parent_prefix_path/crp_msgs
-- Up-to-date: /home/gfigneczi1/ros2_ws/src/CooperativeResearchPlatform/install/crp_msgs/share/crp_msgs/environment/ament_prefix_path.sh
-- Up-to-date: /home/gfigneczi1/ros2_ws/src/CooperativeResearchPlatform/install/crp_msgs/share/crp_msgs/environment/ament_prefix_path.dsv
-- Up-to-date: /home/gfigneczi1/ros2_ws/src/CooperativeResearchPlatform/install/crp_msgs/share/crp_msgs/environment/path.sh
-- Up-to-date: /home/gfigneczi1/ros2_ws/src/CooperativeResearchPlatform/install/crp_msgs/share/crp_msgs/environment/path.dsv
-- Up-to-date: /home/gfigneczi1/ros2_ws/src/CooperativeResearchPlatform/install/crp_msgs/share/crp_msgs/local_setup.bash
-- Up-to-date: /home/gfigneczi1/ros2_ws/src/CooperativeResearchPlatform/install/crp_msgs/share/crp_msgs/local_setup.sh
-- Up-to-date: /home/gfigneczi1/ros2_ws/src/CooperativeResearchPlatform/install/crp_msgs/share/crp_msgs/local_setup.zsh
-- Up-to-date: /home/gfigneczi1/ros2_ws/src/CooperativeResearchPlatform/install/crp_msgs/share/crp_msgs/local_setup.dsv
-- Installing: /home/gfigneczi1/ros2_ws/src/CooperativeResearchPlatform/install/crp_msgs/share/crp_msgs/package.dsv
-- Up-to-date: /home/gfigneczi1/ros2_ws/src/CooperativeResearchPlatform/install/crp_msgs/share/ament_index/resource_index/packages/crp_msgs
-- Up-to-date: /home/gfigneczi1/ros2_ws/src/CooperativeResearchPlatform/install/crp_msgs/share/crp_msgs/cmake/export_crp_msgs__rosidl_generator_cExport.cmake
-- Up-to-date: /home/gfigneczi1/ros2_ws/src/CooperativeResearchPlatform/install/crp_msgs/share/crp_msgs/cmake/export_crp_msgs__rosidl_generator_cExport-noconfig.cmake
-- Up-to-date: /home/gfigneczi1/ros2_ws/src/CooperativeResearchPlatform/install/crp_msgs/share/crp_msgs/cmake/export_crp_msgs__rosidl_typesupport_fastrtps_cExport.cmake
-- Up-to-date: /home/gfigneczi1/ros2_ws/src/CooperativeResearchPlatform/install/crp_msgs/share/crp_msgs/cmake/export_crp_msgs__rosidl_typesupport_fastrtps_cExport-noconfig.cmake
-- Up-to-date: /home/gfigneczi1/ros2_ws/src/CooperativeResearchPlatform/install/crp_msgs/share/crp_msgs/cmake/export_crp_msgs__rosidl_generator_cppExport.cmake
-- Up-to-date: /home/gfigneczi1/ros2_ws/src/CooperativeResearchPlatform/install/crp_msgs/share/crp_msgs/cmake/export_crp_msgs__rosidl_typesupport_fastrtps_cppExport.cmake
-- Up-to-date: /home/gfigneczi1/ros2_ws/src/CooperativeResearchPlatform/install/crp_msgs/share/crp_msgs/cmake/export_crp_msgs__rosidl_typesupport_fastrtps_cppExport-noconfig.cmake
-- Up-to-date: /home/gfigneczi1/ros2_ws/src/CooperativeResearchPlatform/install/crp_msgs/share/crp_msgs/cmake/crp_msgs__rosidl_typesupport_introspection_cExport.cmake
-- Up-to-date: /home/gfigneczi1/ros2_ws/src/CooperativeResearchPlatform/install/crp_msgs/share/crp_msgs/cmake/crp_msgs__rosidl_typesupport_introspection_cExport-noconfig.cmake
-- Up-to-date: /home/gfigneczi1/ros2_ws/src/CooperativeResearchPlatform/install/crp_msgs/share/crp_msgs/cmake/crp_msgs__rosidl_typesupport_cExport.cmake
-- Up-to-date: /home/gfigneczi1/ros2_ws/src/CooperativeResearchPlatform/install/crp_msgs/share/crp_msgs/cmake/crp_msgs__rosidl_typesupport_cExport-noconfig.cmake
-- Up-to-date: /home/gfigneczi1/ros2_ws/src/CooperativeResearchPlatform/install/crp_msgs/share/crp_msgs/cmake/crp_msgs__rosidl_typesupport_introspection_cppExport.cmake
-- Up-to-date: /home/gfigneczi1/ros2_ws/src/CooperativeResearchPlatform/install/crp_msgs/share/crp_msgs/cmake/crp_msgs__rosidl_typesupport_introspection_cppExport-noconfig.cmake
-- Up-to-date: /home/gfigneczi1/ros2_ws/src/CooperativeResearchPlatform/install/crp_msgs/share/crp_msgs/cmake/crp_msgs__rosidl_typesupport_cppExport.cmake
-- Up-to-date: /home/gfigneczi1/ros2_ws/src/CooperativeResearchPlatform/install/crp_msgs/share/crp_msgs/cmake/crp_msgs__rosidl_typesupport_cppExport-noconfig.cmake
-- Up-to-date: /home/gfigneczi1/ros2_ws/src/CooperativeResearchPlatform/install/crp_msgs/share/crp_msgs/cmake/export_crp_msgs__rosidl_generator_pyExport.cmake
-- Up-to-date: /home/gfigneczi1/ros2_ws/src/CooperativeResearchPlatform/install/crp_msgs/share/crp_msgs/cmake/export_crp_msgs__rosidl_generator_pyExport-noconfig.cmake
-- Up-to-date: /home/gfigneczi1/ros2_ws/src/CooperativeResearchPlatform/install/crp_msgs/share/crp_msgs/cmake/rosidl_cmake-extras.cmake
-- Up-to-date: /home/gfigneczi1/ros2_ws/src/CooperativeResearchPlatform/install/crp_msgs/share/crp_msgs/cmake/ament_cmake_export_dependencies-extras.cmake
-- Up-to-date: /home/gfigneczi1/ros2_ws/src/CooperativeResearchPlatform/install/crp_msgs/share/crp_msgs/cmake/ament_cmake_export_include_directories-extras.cmake
-- Up-to-date: /home/gfigneczi1/ros2_ws/src/CooperativeResearchPlatform/install/crp_msgs/share/crp_msgs/cmake/ament_cmake_export_libraries-extras.cmake
-- Up-to-date: /home/gfigneczi1/ros2_ws/src/CooperativeResearchPlatform/install/crp_msgs/share/crp_msgs/cmake/ament_cmake_export_targets-extras.cmake
-- Up-to-date: /home/gfigneczi1/ros2_ws/src/CooperativeResearchPlatform/install/crp_msgs/share/crp_msgs/cmake/rosidl_cmake_export_typesupport_targets-extras.cmake
-- Up-to-date: /home/gfigneczi1/ros2_ws/src/CooperativeResearchPlatform/install/crp_msgs/share/crp_msgs/cmake/rosidl_cmake_export_typesupport_libraries-extras.cmake
-- Up-to-date: /home/gfigneczi1/ros2_ws/src/CooperativeResearchPlatform/install/crp_msgs/share/crp_msgs/cmake/crp_msgsConfig.cmake
-- Up-to-date: /home/gfigneczi1/ros2_ws/src/CooperativeResearchPlatform/install/crp_msgs/share/crp_msgs/cmake/crp_msgsConfig-version.cmake
-- Up-to-date: /home/gfigneczi1/ros2_ws/src/CooperativeResearchPlatform/install/crp_msgs/share/crp_msgs/package.xml
