[01m[K/home/gfigneczi1/ros2_ws/src/CooperativeResearchPlatform/crp_APL/planners/plan_lat_lane_follow_ldm/src/wrapperPlanLatLaneFollowLdm.cpp:[m[K In member function ‘[01m[Kvirtual void crp::apl::PlanLatLaneFollowHandler::plan(const crp::apl::PlannerInput&, crp::apl::PlannerOutput&)[m[K’:
[01m[K/home/gfigneczi1/ros2_ws/src/CooperativeResearchPlatform/crp_APL/planners/plan_lat_lane_follow_ldm/src/wrapperPlanLatLaneFollowLdm.cpp:15:5:[m[K [01;31m[Kerror: [m[K‘[01m[Kvoid crp::apl::WrapperBase::inputPlausibilityCheck(const crp::apl::PlannerInput&)[m[K’ is private within this context
   15 |     [01;31m[KinputPlausibilityCheck[m[K(input);
      |     [01;31m[K^~~~~~~~~~~~~~~~~~~~~~[m[K
In file included from [01m[K/home/gfigneczi1/ros2_ws/src/CooperativeResearchPlatform/crp_APL/planners/plan_lat_lane_follow_ldm/src/../include/wrapperPlanLatLaneFollowLdm.hpp:4[m[K,
                 from [01m[K/home/gfigneczi1/ros2_ws/src/CooperativeResearchPlatform/crp_APL/planners/plan_lat_lane_follow_ldm/src/wrapperPlanLatLaneFollowLdm.cpp:1[m[K:
[01m[K/home/gfigneczi1/ros2_ws/src/CooperativeResearchPlatform/install/planner_base/include/planner_base/wrapperBase.hpp:43:10:[m[K [01;36m[Knote: [m[Kdeclared private here
   43 |     void [01;36m[KinputPlausibilityCheck[m[K(const PlannerInput & input);
      |          [01;36m[K^~~~~~~~~~~~~~~~~~~~~~[m[K
[01m[K/home/gfigneczi1/ros2_ws/src/CooperativeResearchPlatform/crp_APL/planners/plan_lat_lane_follow_ldm/src/wrapperPlanLatLaneFollowLdm.cpp:15:27:[m[K [01;31m[Kerror: [m[K‘[01m[Kvoid crp::apl::WrapperBase::inputPlausibilityCheck(const crp::apl::PlannerInput&)[m[K’ is private within this context
   15 |     [01;31m[KinputPlausibilityCheck(input)[m[K;
      |     [01;31m[K~~~~~~~~~~~~~~~~~~~~~~^~~~~~~[m[K
In file included from [01m[K/home/gfigneczi1/ros2_ws/src/CooperativeResearchPlatform/crp_APL/planners/plan_lat_lane_follow_ldm/src/../include/wrapperPlanLatLaneFollowLdm.hpp:4[m[K,
                 from [01m[K/home/gfigneczi1/ros2_ws/src/CooperativeResearchPlatform/crp_APL/planners/plan_lat_lane_follow_ldm/src/wrapperPlanLatLaneFollowLdm.cpp:1[m[K:
[01m[K/home/gfigneczi1/ros2_ws/src/CooperativeResearchPlatform/install/planner_base/include/planner_base/wrapperBase.hpp:43:10:[m[K [01;36m[Knote: [m[Kdeclared private here
   43 |     void [01;36m[KinputPlausibilityCheck[m[K(const PlannerInput & input);
      |          [01;36m[K^~~~~~~~~~~~~~~~~~~~~~[m[K
[01m[K/home/gfigneczi1/ros2_ws/src/CooperativeResearchPlatform/crp_APL/planners/plan_lat_lane_follow_ldm/src/wrapperPlanLatLaneFollowLdm.cpp:17:9:[m[K [01;31m[Kerror: [m[K‘[01m[Kbool crp::apl::WrapperBase::m_inputPlausible[m[K’ is private within this context
   17 |     if ([01;31m[Km_inputPlausible[m[K)
      |         [01;31m[K^~~~~~~~~~~~~~~~[m[K
In file included from [01m[K/home/gfigneczi1/ros2_ws/src/CooperativeResearchPlatform/crp_APL/planners/plan_lat_lane_follow_ldm/src/../include/wrapperPlanLatLaneFollowLdm.hpp:4[m[K,
                 from [01m[K/home/gfigneczi1/ros2_ws/src/CooperativeResearchPlatform/crp_APL/planners/plan_lat_lane_follow_ldm/src/wrapperPlanLatLaneFollowLdm.cpp:1[m[K:
[01m[K/home/gfigneczi1/ros2_ws/src/CooperativeResearchPlatform/install/planner_base/include/planner_base/wrapperBase.hpp:56:10:[m[K [01;36m[Knote: [m[Kdeclared private here
   56 |     bool [01;36m[Km_inputPlausible[m[K = false;
      |          [01;36m[K^~~~~~~~~~~~~~~~[m[K
gmake[2]: *** [CMakeFiles/plan_lat_lane_follow_ldm.dir/build.make:76: CMakeFiles/plan_lat_lane_follow_ldm.dir/src/wrapperPlanLatLaneFollowLdm.cpp.o] Error 1
gmake[1]: *** [CMakeFiles/Makefile2:137: CMakeFiles/plan_lat_lane_follow_ldm.dir/all] Error 2
gmake: *** [Makefile:146: all] Error 2
