[ 12%] [32mBuilding CXX object CMakeFiles/plan_lat_lane_follow_ldm.dir/src/wrapper.cpp.o[0m
[ 25%] [32mBuilding CXX object CMakeFiles/plan_lat_lane_follow_ldm.dir/src/functionCode/src/linearDriverModel.cpp.o[0m
[ 37%] [32mBuilding CXX object CMakeFiles/plan_lat_lane_follow_ldm.dir/src/functionCode/src/linearDriverModel_controlLogic.cpp.o[0m
[ 50%] [32mBuilding CXX object CMakeFiles/plan_lat_lane_follow_ldm.dir/src/functionCode/src/linearDriverModelDriverModel/linearDriverModel_driverModel.cpp.o[0m
[ 62%] [32mBuilding CXX object CMakeFiles/plan_lat_lane_follow_ldm.dir/src/functionCode/src/linearDriverModelUtilities/linearDriverModel_coordinateTransforms.cpp.o[0m
[ 75%] [32mBuilding CXX object CMakeFiles/plan_lat_lane_follow_ldm.dir/src/functionCode/src/linearDriverModelPlanner/linearDriverModel_segmentPlanner.cpp.o[0m
[ 87%] [32mBuilding CXX object CMakeFiles/plan_lat_lane_follow_ldm.dir/src/functionCode/src/linearDriverModelUtilities/linearDriverModel_polynomialSubfunctions.cpp.o[0m
[100%] [32m[1mLinking CXX executable plan_lat_lane_follow_ldm[0m
[100%] Built target plan_lat_lane_follow_ldm
-- Install configuration: ""
-- Installing: /home/gfigneczi1/ros2_ws/src/CooperativeResearchPlatform/install/plan_lat_lane_follow_ldm/lib/plan_lat_lane_follow_ldm/plan_lat_lane_follow_ldm
-- Set runtime path of "/home/gfigneczi1/ros2_ws/src/CooperativeResearchPlatform/install/plan_lat_lane_follow_ldm/lib/plan_lat_lane_follow_ldm/plan_lat_lane_follow_ldm" to ""
-- Installing: /home/gfigneczi1/ros2_ws/src/CooperativeResearchPlatform/install/plan_lat_lane_follow_ldm/share/ament_index/resource_index/package_run_dependencies/plan_lat_lane_follow_ldm
-- Installing: /home/gfigneczi1/ros2_ws/src/CooperativeResearchPlatform/install/plan_lat_lane_follow_ldm/share/ament_index/resource_index/parent_prefix_path/plan_lat_lane_follow_ldm
-- Installing: /home/gfigneczi1/ros2_ws/src/CooperativeResearchPlatform/install/plan_lat_lane_follow_ldm/share/plan_lat_lane_follow_ldm/environment/ament_prefix_path.sh
-- Installing: /home/gfigneczi1/ros2_ws/src/CooperativeResearchPlatform/install/plan_lat_lane_follow_ldm/share/plan_lat_lane_follow_ldm/environment/ament_prefix_path.dsv
-- Installing: /home/gfigneczi1/ros2_ws/src/CooperativeResearchPlatform/install/plan_lat_lane_follow_ldm/share/plan_lat_lane_follow_ldm/environment/path.sh
-- Installing: /home/gfigneczi1/ros2_ws/src/CooperativeResearchPlatform/install/plan_lat_lane_follow_ldm/share/plan_lat_lane_follow_ldm/environment/path.dsv
-- Installing: /home/gfigneczi1/ros2_ws/src/CooperativeResearchPlatform/install/plan_lat_lane_follow_ldm/share/plan_lat_lane_follow_ldm/local_setup.bash
-- Installing: /home/gfigneczi1/ros2_ws/src/CooperativeResearchPlatform/install/plan_lat_lane_follow_ldm/share/plan_lat_lane_follow_ldm/local_setup.sh
-- Installing: /home/gfigneczi1/ros2_ws/src/CooperativeResearchPlatform/install/plan_lat_lane_follow_ldm/share/plan_lat_lane_follow_ldm/local_setup.zsh
-- Installing: /home/gfigneczi1/ros2_ws/src/CooperativeResearchPlatform/install/plan_lat_lane_follow_ldm/share/plan_lat_lane_follow_ldm/local_setup.dsv
-- Installing: /home/gfigneczi1/ros2_ws/src/CooperativeResearchPlatform/install/plan_lat_lane_follow_ldm/share/plan_lat_lane_follow_ldm/package.dsv
-- Installing: /home/gfigneczi1/ros2_ws/src/CooperativeResearchPlatform/install/plan_lat_lane_follow_ldm/share/ament_index/resource_index/packages/plan_lat_lane_follow_ldm
-- Installing: /home/gfigneczi1/ros2_ws/src/CooperativeResearchPlatform/install/plan_lat_lane_follow_ldm/share/plan_lat_lane_follow_ldm/cmake/plan_lat_lane_follow_ldmConfig.cmake
-- Installing: /home/gfigneczi1/ros2_ws/src/CooperativeResearchPlatform/install/plan_lat_lane_follow_ldm/share/plan_lat_lane_follow_ldm/cmake/plan_lat_lane_follow_ldmConfig-version.cmake
-- Installing: /home/gfigneczi1/ros2_ws/src/CooperativeResearchPlatform/install/plan_lat_lane_follow_ldm/share/plan_lat_lane_follow_ldm/package.xml
