\BOOKMARK [1][]{section.1}{\376\377\000G\000o\000a\000l\000\040\000o\000f\000\040\000t\000h\000e\000\040\000d\000o\000c\000u\000m\000e\000n\000t}{}% 1
\BOOKMARK [1][]{section.2}{\376\377\000S\000u\000p\000p\000l\000e\000m\000e\000n\000t\000s}{}% 2
\BOOKMARK [2][]{subsection.2.1}{\376\377\000C\000o\000r\000r\000e\000s\000p\000o\000n\000d\000i\000n\000g\000\040\000t\000e\000r\000m\000i\000n\000o\000l\000o\000g\000y}{section.2}% 3
\BOOKMARK [2][]{subsection.2.2}{\376\377\000C\000o\000o\000r\000d\000i\000n\000a\000t\000e\000\040\000F\000r\000a\000m\000e\000s}{section.2}% 4
\BOOKMARK [2][]{subsection.2.3}{\376\377\000N\000o\000m\000e\000n\000c\000l\000a\000t\000u\000r\000e}{section.2}% 5
\BOOKMARK [2][]{subsection.2.4}{\376\377\000T\000e\000s\000t\000i\000n\000g\000\040\000C\000o\000n\000c\000e\000p\000t}{section.2}% 6
\BOOKMARK [1][]{section.3}{\376\377\000F\000u\000n\000c\000t\000i\000o\000n\000\040\000S\000p\000e\000c\000i\000f\000i\000c\000a\000t\000i\000o\000n}{}% 7
\BOOKMARK [2][]{subsection.3.1}{\376\377\000I\000n\000t\000e\000l\000l\000i\000g\000e\000n\000t\000\040\000S\000p\000e\000e\000d\000\040\000A\000d\000j\000u\000s\000t\000m\000e\000n\000t}{section.3}% 8
\BOOKMARK [2][]{subsection.3.2}{\376\377\000L\000o\000n\000g\000i\000t\000u\000d\000i\000n\000a\000l\000\040\000E\000m\000e\000r\000g\000e\000n\000c\000y\000\040\000F\000u\000n\000c\000t\000i\000o\000n}{section.3}% 9
\BOOKMARK [2][]{subsection.3.3}{\376\377\000L\000a\000n\000e\000\040\000F\000o\000l\000l\000o\000w}{section.3}% 10
\BOOKMARK [1][]{section.4}{\376\377\000A\000r\000c\000h\000i\000t\000e\000c\000t\000u\000r\000e\000\040\000S\000p\000e\000c\000i\000f\000i\000c\000a\000t\000i\000o\000n}{}% 11
\BOOKMARK [2][]{subsection.4.1}{\376\377\000C\000o\000m\000p\000r\000e\000h\000e\000n\000s\000i\000v\000e\000\040\000n\000o\000t\000e\000s}{section.4}% 12
\BOOKMARK [2][]{subsection.4.2}{\376\377\000G\000e\000n\000e\000r\000a\000l\000\040\000A\000r\000c\000h\000i\000t\000e\000c\000t\000u\000r\000e}{section.4}% 13
\BOOKMARK [3][]{subsubsection.4.2.1}{\376\377\000H\000i\000g\000h\000-\000l\000e\000v\000e\000l\000\040\000B\000l\000a\000c\000k\000-\000b\000o\000x\000\040\000a\000r\000c\000h\000i\000t\000e\000c\000t\000u\000r\000e}{subsection.4.2}% 14
\BOOKMARK [3][]{subsubsection.4.2.2}{\376\377\000G\000r\000a\000y\000-\000b\000o\000x\000\040\000a\000r\000c\000h\000i\000t\000e\000c\000t\000u\000r\000e}{subsection.4.2}% 15
\BOOKMARK [3][]{subsubsection.4.2.3}{\376\377\000F\000u\000n\000c\000t\000i\000o\000n\000a\000l\000\040\000\050\000R\000O\000S\0002\000\051\000\040\000a\000r\000c\000h\000i\000t\000e\000c\000t\000u\000r\000e}{subsection.4.2}% 16
\BOOKMARK [2][]{subsection.4.3}{\376\377\000F\000u\000n\000c\000t\000i\000o\000n\000\040\000A\000r\000c\000h\000i\000t\000e\000c\000t\000u\000r\000e\000\040\000S\000p\000e\000c\000i\000f\000i\000c\000a\000t\000i\000o\000n}{section.4}% 17
\BOOKMARK [3][]{subsubsection.4.3.1}{\376\377\000I\000n\000t\000e\000l\000l\000i\000g\000e\000n\000t\000\040\000S\000p\000e\000e\000d\000\040\000A\000d\000j\000u\000s\000t\000m\000e\000n\000t}{subsection.4.3}% 18
\BOOKMARK [3][]{subsubsection.4.3.2}{\376\377\000L\000o\000n\000g\000i\000t\000u\000d\000i\000n\000a\000l\000\040\000e\000m\000e\000r\000g\000e\000n\000c\000y\000\040\000f\000u\000n\000c\000t\000i\000o\000n}{subsection.4.3}% 19
\BOOKMARK [3][]{subsubsection.4.3.3}{\376\377\000L\000a\000n\000e\000\040\000F\000o\000l\000l\000o\000w}{subsection.4.3}% 20
\BOOKMARK [1][]{section.5}{\376\377\000M\000e\000s\000s\000a\000g\000e\000\040\000D\000e\000f\000i\000n\000i\000t\000i\000o\000n\000s}{}% 21
\BOOKMARK [2][]{subsection.5.1}{\376\377\000C\000R\000P\000\040\000m\000e\000s\000s\000a\000g\000e\000s}{section.5}% 22
\BOOKMARK [3][]{subsubsection.5.1.1}{\376\377\000c\000r\000p\000\137\000m\000s\000g\000s\000/\000m\000s\000g\000/\000s\000c\000e\000n\000a\000r\000i\000o}{subsection.5.1}% 23
\BOOKMARK [3][]{subsubsection.5.1.2}{\376\377\000c\000r\000p\000\137\000m\000s\000g\000s\000/\000m\000s\000g\000/\000w\000o\000r\000l\000d}{subsection.5.1}% 24
\BOOKMARK [3][]{subsubsection.5.1.3}{\376\377\000c\000r\000p\000\137\000m\000s\000g\000s\000/\000m\000s\000g\000/\000e\000g\000o}{subsection.5.1}% 25
\BOOKMARK [2][]{subsection.5.2}{\376\377\000T\000i\000e\000r\0004\000\040\000m\000e\000s\000s\000a\000g\000e\000s\000\040\000i\000n\000\040\000u\000s\000e}{section.5}% 26
\BOOKMARK [3][]{subsubsection.5.2.1}{\376\377\000P\000a\000t\000h}{subsection.5.2}% 27
\BOOKMARK [3][]{subsubsection.5.2.2}{\376\377\000P\000a\000t\000h\000\040\000p\000o\000i\000n\000t}{subsection.5.2}% 28
\BOOKMARK [3][]{subsubsection.5.2.3}{\376\377\000T\000r\000a\000j\000e\000c\000t\000o\000r\000y}{subsection.5.2}% 29
\BOOKMARK [3][]{subsubsection.5.2.4}{\376\377\000T\000r\000a\000j\000e\000c\000t\000o\000r\000y\000\040\000p\000o\000i\000n\000t}{subsection.5.2}% 30
\BOOKMARK [1][]{section.6}{\376\377\000U\000s\000i\000n\000g\000\040\000t\000h\000e\000\040\000P\000l\000a\000t\000f\000o\000r\000m}{}% 31
\BOOKMARK [2][]{subsection.6.1}{\376\377\000I\000n\000s\000t\000a\000l\000l\000a\000t\000i\000o\000n\000\040\000\050\000s\000o\000u\000r\000c\000e\000\051}{section.6}% 32
\BOOKMARK [2][]{subsection.6.2}{\376\377\000U\000s\000i\000n\000g\000\040\000i\000t\000\040\000i\000n\000\040\000a\000\040\000d\000o\000c\000k\000e\000r\000\040\000c\000o\000n\000t\000a\000i\000n\000e\000r}{section.6}% 33
\BOOKMARK [3][]{subsubsection.6.2.1}{\376\377\000D\000o\000c\000k\000e\000r\000\040\000c\000o\000n\000t\000a\000i\000n\000e\000r}{subsection.6.2}% 34
\BOOKMARK [3][]{subsubsection.6.2.2}{\376\377\000B\000u\000i\000l\000d\000i\000n\000g\000\040\000t\000h\000e\000\040\000d\000o\000c\000k\000e\000r}{subsection.6.2}% 35
\BOOKMARK [3][]{subsubsection.6.2.3}{\376\377\000R\000u\000n\000n\000i\000n\000g\000\040\000t\000h\000e\000\040\000d\000o\000c\000k\000e\000r}{subsection.6.2}% 36
\BOOKMARK [1][]{section.7}{\376\377\000C\000o\000d\000i\000n\000g\000\040\000r\000u\000l\000e\000s}{}% 37
\BOOKMARK [2][]{subsection.7.1}{\376\377\000N\000a\000m\000i\000n\000g\000\040\000c\000o\000n\000v\000e\000n\000t\000i\000o\000n}{section.7}% 38
\BOOKMARK [2][]{subsection.7.2}{\376\377\000C\000p\000l\000u\000s\000p\000l\000u\000s}{section.7}% 39
\BOOKMARK [3][]{subsubsection.7.2.1}{\376\377\000G\000e\000n\000e\000r\000a\000l}{subsection.7.2}% 40
\BOOKMARK [3][]{subsubsection.7.2.2}{\376\377\000H\000e\000a\000d\000e\000r\000\040\000f\000i\000l\000e\000s}{subsection.7.2}% 41
\BOOKMARK [3][]{subsubsection.7.2.3}{\376\377\000S\000o\000u\000r\000c\000e\000\040\000f\000i\000l\000e\000s}{subsection.7.2}% 42
\BOOKMARK [2][]{subsection.7.3}{\376\377\000R\000O\000S\0002}{section.7}% 43
\BOOKMARK [3][]{subsubsection.7.3.1}{\376\377\000P\000a\000c\000k\000a\000g\000e\000s}{subsection.7.3}% 44
\BOOKMARK [1][]{section.8}{\376\377\000P\000a\000c\000k\000a\000g\000e\000\040\000d\000o\000c\000u\000m\000e\000n\000t\000a\000t\000i\000o\000n\000s}{}% 45
\BOOKMARK [2][]{subsection.8.1}{\376\377\000p\000a\000c\000m\000o\000d\000\137\000e\000x\000t\000e\000n\000d\000e\000r}{section.8}% 46
\BOOKMARK [3][]{subsubsection.8.1.1}{\376\377\000P\000u\000r\000p\000o\000s\000e}{subsection.8.1}% 47
\BOOKMARK [3][]{subsubsection.8.1.2}{\376\377\000U\000s\000a\000g\000e}{subsection.8.1}% 48
\BOOKMARK [3][]{subsubsection.8.1.3}{\376\377\000I\000O}{subsection.8.1}% 49
\BOOKMARK [3][]{subsubsection.8.1.4}{\376\377\000I\000n\000n\000e\000r\000\040\000w\000o\000r\000k\000i\000n\000g\000s}{subsection.8.1}% 50
\BOOKMARK [2][]{subsection.8.2}{\376\377\000d\000u\000r\000o\000\137\000g\000p\000s\000\137\000l\000a\000u\000n\000c\000h\000e\000r}{section.8}% 51
\BOOKMARK [3][]{subsubsection.8.2.1}{\376\377\000P\000u\000r\000p\000o\000s\000e}{subsection.8.2}% 52
\BOOKMARK [3][]{subsubsection.8.2.2}{\376\377\000U\000s\000a\000g\000e}{subsection.8.2}% 53
\BOOKMARK [3][]{subsubsection.8.2.3}{\376\377\000L\000a\000u\000n\000c\000h\000\040\000p\000a\000r\000a\000m\000e\000t\000e\000r\000s}{subsection.8.2}% 54
\BOOKMARK [2][]{subsection.8.3}{\376\377\000n\000o\000v\000a\000t\000e\000l\000\137\000g\000p\000s\000\137\000l\000a\000u\000n\000c\000h\000e\000r}{section.8}% 55
\BOOKMARK [3][]{subsubsection.8.3.1}{\376\377\000P\000u\000r\000p\000o\000s\000e}{subsection.8.3}% 56
\BOOKMARK [3][]{subsubsection.8.3.2}{\376\377\000U\000s\000a\000g\000e}{subsection.8.3}% 57
\BOOKMARK [3][]{subsubsection.8.3.3}{\376\377\000L\000a\000u\000n\000c\000h\000\040\000p\000a\000r\000a\000m\000e\000t\000e\000r\000s}{subsection.8.3}% 58
\BOOKMARK [2][]{subsection.8.4}{\376\377\000l\000a\000n\000e\000l\000e\000t\000\137\000h\000a\000n\000d\000l\000e\000r}{section.8}% 59
\BOOKMARK [3][]{subsubsection.8.4.1}{\376\377\000P\000u\000r\000p\000o\000s\000e}{subsection.8.4}% 60
\BOOKMARK [3][]{subsubsection.8.4.2}{\376\377\000U\000s\000a\000g\000e}{subsection.8.4}% 61
\BOOKMARK [3][]{subsubsection.8.4.3}{\376\377\000L\000a\000u\000n\000c\000h\000\040\000p\000a\000r\000a\000m\000e\000t\000e\000r\000s}{subsection.8.4}% 62
\BOOKMARK [2][]{subsection.8.5}{\376\377\000m\000c\000a\000p\000\137\000r\000e\000c}{section.8}% 63
\BOOKMARK [3][]{subsubsection.8.5.1}{\376\377\000P\000u\000r\000p\000o\000s\000e}{subsection.8.5}% 64
\BOOKMARK [3][]{subsubsection.8.5.2}{\376\377\000U\000s\000a\000g\000e}{subsection.8.5}% 65
\BOOKMARK [3][]{subsubsection.8.5.3}{\376\377\000R\000e\000c\000o\000r\000d\000e\000d\000\040\000p\000a\000r\000a\000m\000s}{subsection.8.5}% 66
\BOOKMARK [2][]{subsection.8.6}{\376\377\000n\000i\000s\000s\000a\000n\000\137\000c\000a\000n\000\137\000d\000r\000i\000v\000e\000r}{section.8}% 67
\BOOKMARK [3][]{subsubsection.8.6.1}{\376\377\000P\000u\000r\000p\000o\000s\000e}{subsection.8.6}% 68
\BOOKMARK [3][]{subsubsection.8.6.2}{\376\377\000U\000s\000a\000g\000e}{subsection.8.6}% 69
\BOOKMARK [3][]{subsubsection.8.6.3}{\376\377\000L\000a\000u\000n\000c\000h\000\040\000p\000a\000r\000a\000m\000e\000t\000e\000r\000s}{subsection.8.6}% 70
\BOOKMARK [3][]{subsubsection.8.6.4}{\376\377\000I\000O}{subsection.8.6}% 71
\BOOKMARK [1][]{section.9}{\376\377\000M\000a\000p\000\040\000C\000r\000e\000a\000t\000i\000o\000n}{}% 72
\BOOKMARK [2][]{subsection.9.1}{\376\377\000D\000a\000t\000a\000\040\000P\000r\000o\000c\000e\000s\000s}{section.9}% 73
\BOOKMARK [2][]{subsection.9.2}{\376\377\000A\000l\000g\000o\000r\000i\000t\000h\000m\000\040\000s\000t\000e\000p\000s}{section.9}% 74
\BOOKMARK [2][]{subsection.9.3}{\376\377\000M\000a\000n\000u\000a\000l\000\040\000R\000e\000f\000e\000r\000e\000n\000c\000e\000\040\000P\000h\000a\000s\000e}{section.9}% 75
\BOOKMARK [3][]{subsubsection.9.3.1}{\376\377\000S\000t\000r\000i\000c\000t\000l\000y\000\040\000M\000o\000n\000o\000t\000o\000n\000i\000c\000\040\000I\000n\000c\000r\000e\000a\000s\000i\000n\000g\000\040\000C\000o\000o\000r\000d\000i\000n\000a\000t\000e\000s}{subsection.9.3}% 76
\BOOKMARK [3][]{subsubsection.9.3.2}{\376\377\000B\000o\000u\000n\000d\000i\000n\000g\000\040\000B\000o\000x\000\040\000C\000r\000e\000a\000t\000i\000o\000n}{subsection.9.3}% 77
\BOOKMARK [2][]{subsection.9.4}{\376\377\000A\000c\000c\000u\000r\000a\000t\000e\000\040\000P\000h\000a\000s\000e}{section.9}% 78
\BOOKMARK [3][]{subsubsection.9.4.1}{\376\377\000R\000e\000g\000r\000e\000s\000s\000i\000o\000n}{subsection.9.4}% 79
\BOOKMARK [2][]{subsection.9.5}{\376\377\000R\000e\000s\000u\000l\000t\000s}{section.9}% 80
