[35m[1mConsolidate compiler generated dependencies of target plan_lat_lane_follow_ldm[0m
[ 11%] [32mBuilding CXX object CMakeFiles/plan_lat_lane_follow_ldm.dir/src/functionCode/src/linearDriverModel_controlLogic.cpp.o[0m
[01m[K/home/gfigneczi1/ros2_ws/src/CooperativeResearchPlatform/crp_APL/planners/plan_lat_lane_follow_ldm/src/functionCode/src/linearDriverModel_controlLogic.cpp:[m[K In member function ‘[01m[Kvoid ControlLogic::corridorValidityCalc(const ScenarioPolynomials&, const Pose2D&)[m[K’:
[01m[K/home/gfigneczi1/ros2_ws/src/CooperativeResearchPlatform/crp_APL/planners/plan_lat_lane_follow_ldm/src/functionCode/src/linearDriverModel_controlLogic.cpp:26:10:[m[K [01;35m[Kwarning: [m[Kunused variable ‘[01m[KinvalidEgoPose[m[K’ [[01;35m[K]8;;https://gcc.gnu.org/onlinedocs/gcc/Warning-Options.html#index-Wunused-variable-Wunused-variable]8;;[m[K]
   26 |    bool  [01;35m[KinvalidEgoPose[m[K{false};
      |          [01;35m[K^~~~~~~~~~~~~~[m[K
[01m[K/home/gfigneczi1/ros2_ws/src/CooperativeResearchPlatform/crp_APL/planners/plan_lat_lane_follow_ldm/src/functionCode/src/linearDriverModel_controlLogic.cpp:18:31:[m[K [01;35m[Kwarning: [m[Kunused parameter ‘[01m[KcorridorCoefficients[m[K’ [[01;35m[K]8;;https://gcc.gnu.org/onlinedocs/gcc/Warning-Options.html#index-Wunused-parameter-Wunused-parameter]8;;[m[K]
   18 |    [01;35m[Kconst ScenarioPolynomials& corridorCoefficients[m[K, const Pose2D& egoPoseGlobal)
      |    [01;35m[K~~~~~~~~~~~~~~~~~~~~~~~~~~~^~~~~~~~~~~~~~~~~~~~[m[K
[ 22%] [32m[1mLinking CXX executable plan_lat_lane_follow_ldm[0m
[100%] Built target plan_lat_lane_follow_ldm
-- Install configuration: ""
-- Installing: /home/gfigneczi1/ros2_ws/src/CooperativeResearchPlatform/install/plan_lat_lane_follow_ldm/lib/plan_lat_lane_follow_ldm/plan_lat_lane_follow_ldm
-- Set runtime path of "/home/gfigneczi1/ros2_ws/src/CooperativeResearchPlatform/install/plan_lat_lane_follow_ldm/lib/plan_lat_lane_follow_ldm/plan_lat_lane_follow_ldm" to ""
-- Up-to-date: /home/gfigneczi1/ros2_ws/src/CooperativeResearchPlatform/install/plan_lat_lane_follow_ldm/share/ament_index/resource_index/package_run_dependencies/plan_lat_lane_follow_ldm
-- Up-to-date: /home/gfigneczi1/ros2_ws/src/CooperativeResearchPlatform/install/plan_lat_lane_follow_ldm/share/ament_index/resource_index/parent_prefix_path/plan_lat_lane_follow_ldm
-- Up-to-date: /home/gfigneczi1/ros2_ws/src/CooperativeResearchPlatform/install/plan_lat_lane_follow_ldm/share/plan_lat_lane_follow_ldm/environment/ament_prefix_path.sh
-- Up-to-date: /home/gfigneczi1/ros2_ws/src/CooperativeResearchPlatform/install/plan_lat_lane_follow_ldm/share/plan_lat_lane_follow_ldm/environment/ament_prefix_path.dsv
-- Up-to-date: /home/gfigneczi1/ros2_ws/src/CooperativeResearchPlatform/install/plan_lat_lane_follow_ldm/share/plan_lat_lane_follow_ldm/environment/path.sh
-- Up-to-date: /home/gfigneczi1/ros2_ws/src/CooperativeResearchPlatform/install/plan_lat_lane_follow_ldm/share/plan_lat_lane_follow_ldm/environment/path.dsv
-- Up-to-date: /home/gfigneczi1/ros2_ws/src/CooperativeResearchPlatform/install/plan_lat_lane_follow_ldm/share/plan_lat_lane_follow_ldm/local_setup.bash
-- Up-to-date: /home/gfigneczi1/ros2_ws/src/CooperativeResearchPlatform/install/plan_lat_lane_follow_ldm/share/plan_lat_lane_follow_ldm/local_setup.sh
-- Up-to-date: /home/gfigneczi1/ros2_ws/src/CooperativeResearchPlatform/install/plan_lat_lane_follow_ldm/share/plan_lat_lane_follow_ldm/local_setup.zsh
-- Up-to-date: /home/gfigneczi1/ros2_ws/src/CooperativeResearchPlatform/install/plan_lat_lane_follow_ldm/share/plan_lat_lane_follow_ldm/local_setup.dsv
-- Installing: /home/gfigneczi1/ros2_ws/src/CooperativeResearchPlatform/install/plan_lat_lane_follow_ldm/share/plan_lat_lane_follow_ldm/package.dsv
-- Up-to-date: /home/gfigneczi1/ros2_ws/src/CooperativeResearchPlatform/install/plan_lat_lane_follow_ldm/share/ament_index/resource_index/packages/plan_lat_lane_follow_ldm
-- Up-to-date: /home/gfigneczi1/ros2_ws/src/CooperativeResearchPlatform/install/plan_lat_lane_follow_ldm/share/plan_lat_lane_follow_ldm/cmake/plan_lat_lane_follow_ldmConfig.cmake
-- Up-to-date: /home/gfigneczi1/ros2_ws/src/CooperativeResearchPlatform/install/plan_lat_lane_follow_ldm/share/plan_lat_lane_follow_ldm/cmake/plan_lat_lane_follow_ldmConfig-version.cmake
-- Up-to-date: /home/gfigneczi1/ros2_ws/src/CooperativeResearchPlatform/install/plan_lat_lane_follow_ldm/share/plan_lat_lane_follow_ldm/package.xml
