[35m[1mConsolidate compiler generated dependencies of target plan_lat_lane_follow[0m
[ 50%] [32mBuilding CXX object CMakeFiles/plan_lat_lane_follow.dir/src/wrapperPlanLatLaneFollow.cpp.o[0m
[01m[K/home/gfigneczi1/ros2_ws/src/CooperativeResearchPlatform/crp_APL/planners/plan_lat_lane_follow/src/wrapperPlanLatLaneFollow.cpp:[m[K In member function ‘[01m[Kvirtual void crp::apl::WrapperPlanLatLaneFollow::plan(const crp::apl::PlannerInput&, crp::apl::PlannerOutput&)[m[K’:
[01m[K/home/gfigneczi1/ros2_ws/src/CooperativeResearchPlatform/crp_APL/planners/plan_lat_lane_follow/src/wrapperPlanLatLaneFollow.cpp:9:68:[m[K [01;35m[Kwarning: [m[Kunused parameter ‘[01m[Kinput[m[K’ [[01;35m[K]8;;https://gcc.gnu.org/onlinedocs/gcc/Warning-Options.html#index-Wunused-parameter-Wunused-parameter]8;;[m[K]
    9 | void crp::apl::WrapperPlanLatLaneFollow::plan([01;35m[Kconst PlannerInput & input[m[K, PlannerOutput & output)
      |                                               [01;35m[K~~~~~~~~~~~~~~~~~~~~~^~~~~[m[K
[01m[K/home/gfigneczi1/ros2_ws/src/CooperativeResearchPlatform/crp_APL/planners/plan_lat_lane_follow/src/wrapperPlanLatLaneFollow.cpp:9:91:[m[K [01;35m[Kwarning: [m[Kunused parameter ‘[01m[Koutput[m[K’ [[01;35m[K]8;;https://gcc.gnu.org/onlinedocs/gcc/Warning-Options.html#index-Wunused-parameter-Wunused-parameter]8;;[m[K]
    9 | void crp::apl::WrapperPlanLatLaneFollow::plan(const PlannerInput & input, [01;35m[KPlannerOutput & output[m[K)
      |                                                                           [01;35m[K~~~~~~~~~~~~~~~~^~~~~~[m[K
[100%] [32m[1mLinking CXX executable plan_lat_lane_follow[0m
[100%] Built target plan_lat_lane_follow
-- Install configuration: ""
-- Installing: /home/gfigneczi1/ros2_ws/src/CooperativeResearchPlatform/install/plan_lat_lane_follow/lib/plan_lat_lane_follow/plan_lat_lane_follow
-- Set runtime path of "/home/gfigneczi1/ros2_ws/src/CooperativeResearchPlatform/install/plan_lat_lane_follow/lib/plan_lat_lane_follow/plan_lat_lane_follow" to ""
-- Installing: /home/gfigneczi1/ros2_ws/src/CooperativeResearchPlatform/install/plan_lat_lane_follow/share/ament_index/resource_index/package_run_dependencies/plan_lat_lane_follow
-- Installing: /home/gfigneczi1/ros2_ws/src/CooperativeResearchPlatform/install/plan_lat_lane_follow/share/ament_index/resource_index/parent_prefix_path/plan_lat_lane_follow
-- Installing: /home/gfigneczi1/ros2_ws/src/CooperativeResearchPlatform/install/plan_lat_lane_follow/share/plan_lat_lane_follow/environment/ament_prefix_path.sh
-- Installing: /home/gfigneczi1/ros2_ws/src/CooperativeResearchPlatform/install/plan_lat_lane_follow/share/plan_lat_lane_follow/environment/ament_prefix_path.dsv
-- Installing: /home/gfigneczi1/ros2_ws/src/CooperativeResearchPlatform/install/plan_lat_lane_follow/share/plan_lat_lane_follow/environment/path.sh
-- Installing: /home/gfigneczi1/ros2_ws/src/CooperativeResearchPlatform/install/plan_lat_lane_follow/share/plan_lat_lane_follow/environment/path.dsv
-- Installing: /home/gfigneczi1/ros2_ws/src/CooperativeResearchPlatform/install/plan_lat_lane_follow/share/plan_lat_lane_follow/local_setup.bash
-- Installing: /home/gfigneczi1/ros2_ws/src/CooperativeResearchPlatform/install/plan_lat_lane_follow/share/plan_lat_lane_follow/local_setup.sh
-- Installing: /home/gfigneczi1/ros2_ws/src/CooperativeResearchPlatform/install/plan_lat_lane_follow/share/plan_lat_lane_follow/local_setup.zsh
-- Installing: /home/gfigneczi1/ros2_ws/src/CooperativeResearchPlatform/install/plan_lat_lane_follow/share/plan_lat_lane_follow/local_setup.dsv
-- Installing: /home/gfigneczi1/ros2_ws/src/CooperativeResearchPlatform/install/plan_lat_lane_follow/share/plan_lat_lane_follow/package.dsv
-- Installing: /home/gfigneczi1/ros2_ws/src/CooperativeResearchPlatform/install/plan_lat_lane_follow/share/ament_index/resource_index/packages/plan_lat_lane_follow
-- Installing: /home/gfigneczi1/ros2_ws/src/CooperativeResearchPlatform/install/plan_lat_lane_follow/share/plan_lat_lane_follow/cmake/plan_lat_lane_followConfig.cmake
-- Installing: /home/gfigneczi1/ros2_ws/src/CooperativeResearchPlatform/install/plan_lat_lane_follow/share/plan_lat_lane_follow/cmake/plan_lat_lane_followConfig-version.cmake
-- Installing: /home/gfigneczi1/ros2_ws/src/CooperativeResearchPlatform/install/plan_lat_lane_follow/share/plan_lat_lane_follow/package.xml
