-- Found ament_cmake: 1.3.7 (/home/gfigneczi1/autoware/install/ament_cmake/share/ament_cmake/cmake)
-- Found rclcpp: 16.0.8 (/opt/ros/humble/share/rclcpp/cmake)
-- Found rosidl_generator_c: 3.1.5 (/opt/ros/humble/share/rosidl_generator_c/cmake)
-- Found rosidl_adapter: 3.1.5 (/opt/ros/humble/share/rosidl_adapter/cmake)
-- Found rosidl_generator_cpp: 3.1.5 (/opt/ros/humble/share/rosidl_generator_cpp/cmake)
-- Using all available rosidl_typesupport_c: rosidl_typesupport_fastrtps_c;rosidl_typesupport_introspection_c
-- Using all available rosidl_typesupport_cpp: rosidl_typesupport_fastrtps_cpp;rosidl_typesupport_introspection_cpp
-- Found rmw_implementation_cmake: 6.1.1 (/opt/ros/humble/share/rmw_implementation_cmake/cmake)
-- Found rmw_cyclonedds_cpp: 1.3.4 (/opt/ros/humble/share/rmw_cyclonedds_cpp/cmake)
-- Using RMW implementation 'rmw_cyclonedds_cpp' as default
-- Found crp_msgs: 0.0.0 (/home/gfigneczi1/ros2_ws/src/CooperativeResearchPlatform/install/crp_msgs/share/crp_msgs/cmake)
-- Found tf2: 0.25.6 (/opt/ros/humble/share/tf2/cmake)
-- Found tf2_geometry_msgs: 0.25.6 (/opt/ros/humble/share/tf2_geometry_msgs/cmake)
-- Found eigen3_cmake_module: 0.1.1 (/opt/ros/humble/share/eigen3_cmake_module/cmake)
-- Found Eigen3: TRUE (found version "3.4.0") 
-- Ensuring Eigen3 include directory is part of orocos-kdl CMake target
-- Configuring done
-- Generating done
-- Build files have been written to: /home/gfigneczi1/ros2_ws/src/CooperativeResearchPlatform/build/planner_base
[35m[1mConsolidate compiler generated dependencies of target wrapper_base[0m
[ 50%] [32mBuilding CXX object CMakeFiles/wrapper_base.dir/src/wrapperBase.cpp.o[0m
[100%] [32m[1mLinking CXX shared library libwrapper_base.so[0m
[100%] Built target wrapper_base
-- Install configuration: ""
-- Up-to-date: /home/gfigneczi1/ros2_ws/src/CooperativeResearchPlatform/install/planner_base/include/
-- Up-to-date: /home/gfigneczi1/ros2_ws/src/CooperativeResearchPlatform/install/planner_base/include//planner_base
-- Installing: /home/gfigneczi1/ros2_ws/src/CooperativeResearchPlatform/install/planner_base/include//planner_base/wrapperBase.hpp
-- Installing: /home/gfigneczi1/ros2_ws/src/CooperativeResearchPlatform/install/planner_base/lib/libwrapper_base.so
-- Set runtime path of "/home/gfigneczi1/ros2_ws/src/CooperativeResearchPlatform/install/planner_base/lib/libwrapper_base.so" to ""
-- Installing: /home/gfigneczi1/ros2_ws/src/CooperativeResearchPlatform/install/planner_base/share/planner_base/environment/library_path.sh
-- Installing: /home/gfigneczi1/ros2_ws/src/CooperativeResearchPlatform/install/planner_base/share/planner_base/environment/library_path.dsv
-- Installing: /home/gfigneczi1/ros2_ws/src/CooperativeResearchPlatform/install/planner_base/share/ament_index/resource_index/package_run_dependencies/planner_base
-- Installing: /home/gfigneczi1/ros2_ws/src/CooperativeResearchPlatform/install/planner_base/share/ament_index/resource_index/parent_prefix_path/planner_base
-- Installing: /home/gfigneczi1/ros2_ws/src/CooperativeResearchPlatform/install/planner_base/share/planner_base/environment/ament_prefix_path.sh
-- Installing: /home/gfigneczi1/ros2_ws/src/CooperativeResearchPlatform/install/planner_base/share/planner_base/environment/ament_prefix_path.dsv
-- Installing: /home/gfigneczi1/ros2_ws/src/CooperativeResearchPlatform/install/planner_base/share/planner_base/environment/path.sh
-- Installing: /home/gfigneczi1/ros2_ws/src/CooperativeResearchPlatform/install/planner_base/share/planner_base/environment/path.dsv
-- Up-to-date: /home/gfigneczi1/ros2_ws/src/CooperativeResearchPlatform/install/planner_base/share/planner_base/local_setup.bash
-- Up-to-date: /home/gfigneczi1/ros2_ws/src/CooperativeResearchPlatform/install/planner_base/share/planner_base/local_setup.sh
-- Up-to-date: /home/gfigneczi1/ros2_ws/src/CooperativeResearchPlatform/install/planner_base/share/planner_base/local_setup.zsh
-- Installing: /home/gfigneczi1/ros2_ws/src/CooperativeResearchPlatform/install/planner_base/share/planner_base/local_setup.dsv
-- Installing: /home/gfigneczi1/ros2_ws/src/CooperativeResearchPlatform/install/planner_base/share/planner_base/package.dsv
-- Up-to-date: /home/gfigneczi1/ros2_ws/src/CooperativeResearchPlatform/install/planner_base/share/ament_index/resource_index/packages/planner_base
-- Old export file "/home/gfigneczi1/ros2_ws/src/CooperativeResearchPlatform/install/planner_base/share/planner_base/cmake/wrapper_baseExport.cmake" will be replaced.  Removing files [/home/gfigneczi1/ros2_ws/src/CooperativeResearchPlatform/install/planner_base/share/planner_base/cmake/wrapper_baseExport-noconfig.cmake].
-- Installing: /home/gfigneczi1/ros2_ws/src/CooperativeResearchPlatform/install/planner_base/share/planner_base/cmake/wrapper_baseExport.cmake
-- Installing: /home/gfigneczi1/ros2_ws/src/CooperativeResearchPlatform/install/planner_base/share/planner_base/cmake/wrapper_baseExport-noconfig.cmake
-- Installing: /home/gfigneczi1/ros2_ws/src/CooperativeResearchPlatform/install/planner_base/share/planner_base/cmake/ament_cmake_export_include_directories-extras.cmake
-- Up-to-date: /home/gfigneczi1/ros2_ws/src/CooperativeResearchPlatform/install/planner_base/share/planner_base/cmake/ament_cmake_export_targets-extras.cmake
-- Installing: /home/gfigneczi1/ros2_ws/src/CooperativeResearchPlatform/install/planner_base/share/planner_base/cmake/ament_cmake_export_dependencies-extras.cmake
-- Installing: /home/gfigneczi1/ros2_ws/src/CooperativeResearchPlatform/install/planner_base/share/planner_base/cmake/planner_baseConfig.cmake
-- Up-to-date: /home/gfigneczi1/ros2_ws/src/CooperativeResearchPlatform/install/planner_base/share/planner_base/cmake/planner_baseConfig-version.cmake
-- Installing: /home/gfigneczi1/ros2_ws/src/CooperativeResearchPlatform/install/planner_base/share/planner_base/package.xml
