-- The C compiler identification is GNU 11.4.0
-- The CXX compiler identification is GNU 11.4.0
-- Detecting C compiler ABI info
-- Detecting C compiler ABI info - done
-- Check for working C compiler: /usr/bin/cc - skipped
-- Detecting C compile features
-- Detecting C compile features - done
-- Detecting CXX compiler ABI info
-- Detecting CXX compiler ABI info - done
-- Check for working CXX compiler: /usr/bin/c++ - skipped
-- Detecting CXX compile features
-- Detecting CXX compile features - done
-- Found ament_cmake: 1.3.7 (/home/gfigneczi1/autoware/install/ament_cmake/share/ament_cmake/cmake)
-- Found Python3: /usr/bin/python3.10 (found version "3.10.12") found components: Interpreter 
-- Found rclcpp: 16.0.8 (/opt/ros/humble/share/rclcpp/cmake)
-- Found rosidl_generator_c: 3.1.5 (/opt/ros/humble/share/rosidl_generator_c/cmake)
-- Found rosidl_adapter: 3.1.5 (/opt/ros/humble/share/rosidl_adapter/cmake)
-- Found rosidl_generator_cpp: 3.1.5 (/opt/ros/humble/share/rosidl_generator_cpp/cmake)
-- Using all available rosidl_typesupport_c: rosidl_typesupport_fastrtps_c;rosidl_typesupport_introspection_c
-- Using all available rosidl_typesupport_cpp: rosidl_typesupport_fastrtps_cpp;rosidl_typesupport_introspection_cpp
-- Found rmw_implementation_cmake: 6.1.1 (/opt/ros/humble/share/rmw_implementation_cmake/cmake)
-- Found rmw_cyclonedds_cpp: 1.3.4 (/opt/ros/humble/share/rmw_cyclonedds_cpp/cmake)
-- Using RMW implementation 'rmw_cyclonedds_cpp' as default
-- Looking for pthread.h
-- Looking for pthread.h - found
-- Performing Test CMAKE_HAVE_LIBC_PTHREAD
-- Performing Test CMAKE_HAVE_LIBC_PTHREAD - Success
-- Found Threads: TRUE  
-- Found nav_msgs: 4.2.3 (/opt/ros/humble/share/nav_msgs/cmake)
-- Found autoware_perception_msgs: 1.1.0 (/home/gfigneczi1/autoware/install/autoware_perception_msgs/share/autoware_perception_msgs/cmake)
-- Found autoware_localization_msgs: 1.1.0 (/home/gfigneczi1/autoware/install/autoware_localization_msgs/share/autoware_localization_msgs/cmake)
-- Found autoware_map_msgs: 1.1.0 (/home/gfigneczi1/autoware/install/autoware_map_msgs/share/autoware_map_msgs/cmake)
-- Found tier4_planning_msgs: 0.1.0 (/home/gfigneczi1/autoware/install/tier4_planning_msgs/share/tier4_planning_msgs/cmake)
-- Configuring done
-- Generating done
-- Build files have been written to: /home/gfigneczi1/ros2_ws/src/CooperativeResearchPlatform/build/prcp_sensor_abstraction
[ 16%] [32mBuilding CXX object CMakeFiles/world_abstraction.dir/src/worldAbstraction.cpp.o[0m
[ 33%] [32mBuilding CXX object CMakeFiles/scenario_abstraction.dir/src/scenarioAbstraction.cpp.o[0m
[ 50%] [32mBuilding CXX object CMakeFiles/ego_abstraction.dir/src/egoAbstraction.cpp.o[0m
[ 66%] [32m[1mLinking CXX executable ego_abstraction[0m
[ 83%] [32m[1mLinking CXX executable world_abstraction[0m
[ 83%] Built target ego_abstraction
[100%] [32m[1mLinking CXX executable scenario_abstraction[0m
[100%] Built target world_abstraction
[100%] Built target scenario_abstraction
-- Install configuration: ""
-- Installing: /home/gfigneczi1/ros2_ws/src/CooperativeResearchPlatform/install/prcp_sensor_abstraction/lib/prcp_sensor_abstraction/world_abstraction
-- Set runtime path of "/home/gfigneczi1/ros2_ws/src/CooperativeResearchPlatform/install/prcp_sensor_abstraction/lib/prcp_sensor_abstraction/world_abstraction" to ""
-- Installing: /home/gfigneczi1/ros2_ws/src/CooperativeResearchPlatform/install/prcp_sensor_abstraction/lib/prcp_sensor_abstraction/scenario_abstraction
-- Set runtime path of "/home/gfigneczi1/ros2_ws/src/CooperativeResearchPlatform/install/prcp_sensor_abstraction/lib/prcp_sensor_abstraction/scenario_abstraction" to ""
-- Installing: /home/gfigneczi1/ros2_ws/src/CooperativeResearchPlatform/install/prcp_sensor_abstraction/lib/prcp_sensor_abstraction/ego_abstraction
-- Set runtime path of "/home/gfigneczi1/ros2_ws/src/CooperativeResearchPlatform/install/prcp_sensor_abstraction/lib/prcp_sensor_abstraction/ego_abstraction" to ""
-- Installing: /home/gfigneczi1/ros2_ws/src/CooperativeResearchPlatform/install/prcp_sensor_abstraction/share/ament_index/resource_index/package_run_dependencies/prcp_sensor_abstraction
-- Installing: /home/gfigneczi1/ros2_ws/src/CooperativeResearchPlatform/install/prcp_sensor_abstraction/share/ament_index/resource_index/parent_prefix_path/prcp_sensor_abstraction
-- Installing: /home/gfigneczi1/ros2_ws/src/CooperativeResearchPlatform/install/prcp_sensor_abstraction/share/prcp_sensor_abstraction/environment/ament_prefix_path.sh
-- Installing: /home/gfigneczi1/ros2_ws/src/CooperativeResearchPlatform/install/prcp_sensor_abstraction/share/prcp_sensor_abstraction/environment/ament_prefix_path.dsv
-- Installing: /home/gfigneczi1/ros2_ws/src/CooperativeResearchPlatform/install/prcp_sensor_abstraction/share/prcp_sensor_abstraction/environment/path.sh
-- Installing: /home/gfigneczi1/ros2_ws/src/CooperativeResearchPlatform/install/prcp_sensor_abstraction/share/prcp_sensor_abstraction/environment/path.dsv
-- Installing: /home/gfigneczi1/ros2_ws/src/CooperativeResearchPlatform/install/prcp_sensor_abstraction/share/prcp_sensor_abstraction/local_setup.bash
-- Installing: /home/gfigneczi1/ros2_ws/src/CooperativeResearchPlatform/install/prcp_sensor_abstraction/share/prcp_sensor_abstraction/local_setup.sh
-- Installing: /home/gfigneczi1/ros2_ws/src/CooperativeResearchPlatform/install/prcp_sensor_abstraction/share/prcp_sensor_abstraction/local_setup.zsh
-- Installing: /home/gfigneczi1/ros2_ws/src/CooperativeResearchPlatform/install/prcp_sensor_abstraction/share/prcp_sensor_abstraction/local_setup.dsv
-- Installing: /home/gfigneczi1/ros2_ws/src/CooperativeResearchPlatform/install/prcp_sensor_abstraction/share/prcp_sensor_abstraction/package.dsv
-- Installing: /home/gfigneczi1/ros2_ws/src/CooperativeResearchPlatform/install/prcp_sensor_abstraction/share/ament_index/resource_index/packages/prcp_sensor_abstraction
-- Installing: /home/gfigneczi1/ros2_ws/src/CooperativeResearchPlatform/install/prcp_sensor_abstraction/share/prcp_sensor_abstraction/cmake/prcp_sensor_abstractionConfig.cmake
-- Installing: /home/gfigneczi1/ros2_ws/src/CooperativeResearchPlatform/install/prcp_sensor_abstraction/share/prcp_sensor_abstraction/cmake/prcp_sensor_abstractionConfig-version.cmake
-- Installing: /home/gfigneczi1/ros2_ws/src/CooperativeResearchPlatform/install/prcp_sensor_abstraction/share/prcp_sensor_abstraction/package.xml
