[0.124s] Invoking command in '/home/gfigneczi1/ros2_ws/src/CooperativeResearchPlatform/build/prcp_sensor_abstraction': CMAKE_PREFIX_PATH=${CMAKE_PREFIX_PATH}:/home/gfigneczi1/autoware/install/simulator_compatibility_test:/home/gfigneczi1/autoware/install/ad_api_visualizers:/opt/ros/humble /usr/bin/cmake /home/gfigneczi1/ros2_ws/src/CooperativeResearchPlatform/crp_CIL/prcp_sensor_abstraction -DCMAKE_INSTALL_PREFIX=/home/gfigneczi1/ros2_ws/src/CooperativeResearchPlatform/install/prcp_sensor_abstraction
[0.324s] -- The C compiler identification is GNU 11.4.0
[0.411s] -- The CXX compiler identification is GNU 11.4.0
[0.426s] -- Detecting C compiler ABI info
[0.546s] -- Detecting C compiler ABI info - done
[0.552s] -- Check for working C compiler: /usr/bin/cc - skipped
[0.553s] -- Detecting C compile features
[0.555s] -- Detecting C compile features - done
[0.558s] -- Detecting CXX compiler ABI info
[0.684s] -- Detecting CXX compiler ABI info - done
[0.688s] -- Check for working CXX compiler: /usr/bin/c++ - skipped
[0.688s] -- Detecting CXX compile features
[0.688s] -- Detecting CXX compile features - done
[0.699s] -- Found ament_cmake: 1.3.7 (/home/gfigneczi1/autoware/install/ament_cmake/share/ament_cmake/cmake)
[0.964s] -- Found Python3: /usr/bin/python3.10 (found version "3.10.12") found components: Interpreter 
[1.195s] -- Found rclcpp: 16.0.8 (/opt/ros/humble/share/rclcpp/cmake)
[1.361s] -- Found rosidl_generator_c: 3.1.5 (/opt/ros/humble/share/rosidl_generator_c/cmake)
[1.394s] -- Found rosidl_adapter: 3.1.5 (/opt/ros/humble/share/rosidl_adapter/cmake)
[1.422s] -- Found rosidl_generator_cpp: 3.1.5 (/opt/ros/humble/share/rosidl_generator_cpp/cmake)
[1.496s] -- Using all available rosidl_typesupport_c: rosidl_typesupport_fastrtps_c;rosidl_typesupport_introspection_c
[1.577s] -- Using all available rosidl_typesupport_cpp: rosidl_typesupport_fastrtps_cpp;rosidl_typesupport_introspection_cpp
[1.770s] -- Found rmw_implementation_cmake: 6.1.1 (/opt/ros/humble/share/rmw_implementation_cmake/cmake)
[1.823s] -- Found rmw_cyclonedds_cpp: 1.3.4 (/opt/ros/humble/share/rmw_cyclonedds_cpp/cmake)
[1.948s] -- Using RMW implementation 'rmw_cyclonedds_cpp' as default
[1.991s] -- Looking for pthread.h
[2.112s] -- Looking for pthread.h - found
[2.112s] -- Performing Test CMAKE_HAVE_LIBC_PTHREAD
[2.220s] -- Performing Test CMAKE_HAVE_LIBC_PTHREAD - Success
[2.221s] -- Found Threads: TRUE  
[2.339s] -- Found nav_msgs: 4.2.3 (/opt/ros/humble/share/nav_msgs/cmake)
[2.396s] -- Found autoware_perception_msgs: 1.1.0 (/home/gfigneczi1/autoware/install/autoware_perception_msgs/share/autoware_perception_msgs/cmake)
[2.445s] -- Found autoware_localization_msgs: 1.1.0 (/home/gfigneczi1/autoware/install/autoware_localization_msgs/share/autoware_localization_msgs/cmake)
[2.484s] -- Found autoware_map_msgs: 1.1.0 (/home/gfigneczi1/autoware/install/autoware_map_msgs/share/autoware_map_msgs/cmake)
[2.540s] -- Found tier4_planning_msgs: 0.1.0 (/home/gfigneczi1/autoware/install/tier4_planning_msgs/share/tier4_planning_msgs/cmake)
[3.045s] -- Configuring done
[3.062s] -- Generating done
[3.064s] -- Build files have been written to: /home/gfigneczi1/ros2_ws/src/CooperativeResearchPlatform/build/prcp_sensor_abstraction
[3.074s] Invoked command in '/home/gfigneczi1/ros2_ws/src/CooperativeResearchPlatform/build/prcp_sensor_abstraction' returned '0': CMAKE_PREFIX_PATH=${CMAKE_PREFIX_PATH}:/home/gfigneczi1/autoware/install/simulator_compatibility_test:/home/gfigneczi1/autoware/install/ad_api_visualizers:/opt/ros/humble /usr/bin/cmake /home/gfigneczi1/ros2_ws/src/CooperativeResearchPlatform/crp_CIL/prcp_sensor_abstraction -DCMAKE_INSTALL_PREFIX=/home/gfigneczi1/ros2_ws/src/CooperativeResearchPlatform/install/prcp_sensor_abstraction
[3.074s] Invoking command in '/home/gfigneczi1/ros2_ws/src/CooperativeResearchPlatform/build/prcp_sensor_abstraction': CMAKE_PREFIX_PATH=${CMAKE_PREFIX_PATH}:/home/gfigneczi1/autoware/install/simulator_compatibility_test:/home/gfigneczi1/autoware/install/ad_api_visualizers:/opt/ros/humble /usr/bin/cmake --build /home/gfigneczi1/ros2_ws/src/CooperativeResearchPlatform/build/prcp_sensor_abstraction -- -j4 -l4
[3.203s] [ 16%] [32mBuilding CXX object CMakeFiles/world_abstraction.dir/src/worldAbstraction.cpp.o[0m
[3.289s] [ 33%] [32mBuilding CXX object CMakeFiles/scenario_abstraction.dir/src/scenarioAbstraction.cpp.o[0m
[3.297s] [ 50%] [32mBuilding CXX object CMakeFiles/ego_abstraction.dir/src/egoAbstraction.cpp.o[0m
[16.104s] [ 66%] [32m[1mLinking CXX executable ego_abstraction[0m
[16.662s] [ 83%] [32m[1mLinking CXX executable world_abstraction[0m
[16.904s] [ 83%] Built target ego_abstraction
[16.937s] [100%] [32m[1mLinking CXX executable scenario_abstraction[0m
[17.330s] [100%] Built target world_abstraction
[17.426s] [100%] Built target scenario_abstraction
[17.466s] Invoked command in '/home/gfigneczi1/ros2_ws/src/CooperativeResearchPlatform/build/prcp_sensor_abstraction' returned '0': CMAKE_PREFIX_PATH=${CMAKE_PREFIX_PATH}:/home/gfigneczi1/autoware/install/simulator_compatibility_test:/home/gfigneczi1/autoware/install/ad_api_visualizers:/opt/ros/humble /usr/bin/cmake --build /home/gfigneczi1/ros2_ws/src/CooperativeResearchPlatform/build/prcp_sensor_abstraction -- -j4 -l4
[17.773s] Invoking command in '/home/gfigneczi1/ros2_ws/src/CooperativeResearchPlatform/build/prcp_sensor_abstraction': CMAKE_PREFIX_PATH=${CMAKE_PREFIX_PATH}:/home/gfigneczi1/autoware/install/simulator_compatibility_test:/home/gfigneczi1/autoware/install/ad_api_visualizers:/opt/ros/humble /usr/bin/cmake --install /home/gfigneczi1/ros2_ws/src/CooperativeResearchPlatform/build/prcp_sensor_abstraction
[17.793s] -- Install configuration: ""
[17.793s] -- Installing: /home/gfigneczi1/ros2_ws/src/CooperativeResearchPlatform/install/prcp_sensor_abstraction/lib/prcp_sensor_abstraction/world_abstraction
[17.794s] -- Set runtime path of "/home/gfigneczi1/ros2_ws/src/CooperativeResearchPlatform/install/prcp_sensor_abstraction/lib/prcp_sensor_abstraction/world_abstraction" to ""
[17.794s] -- Installing: /home/gfigneczi1/ros2_ws/src/CooperativeResearchPlatform/install/prcp_sensor_abstraction/lib/prcp_sensor_abstraction/scenario_abstraction
[17.797s] -- Set runtime path of "/home/gfigneczi1/ros2_ws/src/CooperativeResearchPlatform/install/prcp_sensor_abstraction/lib/prcp_sensor_abstraction/scenario_abstraction" to ""
[17.797s] -- Installing: /home/gfigneczi1/ros2_ws/src/CooperativeResearchPlatform/install/prcp_sensor_abstraction/lib/prcp_sensor_abstraction/ego_abstraction
[17.798s] -- Set runtime path of "/home/gfigneczi1/ros2_ws/src/CooperativeResearchPlatform/install/prcp_sensor_abstraction/lib/prcp_sensor_abstraction/ego_abstraction" to ""
[17.811s] -- Installing: /home/gfigneczi1/ros2_ws/src/CooperativeResearchPlatform/install/prcp_sensor_abstraction/share/ament_index/resource_index/package_run_dependencies/prcp_sensor_abstraction
[17.811s] -- Installing: /home/gfigneczi1/ros2_ws/src/CooperativeResearchPlatform/install/prcp_sensor_abstraction/share/ament_index/resource_index/parent_prefix_path/prcp_sensor_abstraction
[17.813s] -- Installing: /home/gfigneczi1/ros2_ws/src/CooperativeResearchPlatform/install/prcp_sensor_abstraction/share/prcp_sensor_abstraction/environment/ament_prefix_path.sh
[17.813s] -- Installing: /home/gfigneczi1/ros2_ws/src/CooperativeResearchPlatform/install/prcp_sensor_abstraction/share/prcp_sensor_abstraction/environment/ament_prefix_path.dsv
[17.815s] -- Installing: /home/gfigneczi1/ros2_ws/src/CooperativeResearchPlatform/install/prcp_sensor_abstraction/share/prcp_sensor_abstraction/environment/path.sh
[17.816s] -- Installing: /home/gfigneczi1/ros2_ws/src/CooperativeResearchPlatform/install/prcp_sensor_abstraction/share/prcp_sensor_abstraction/environment/path.dsv
[17.817s] -- Installing: /home/gfigneczi1/ros2_ws/src/CooperativeResearchPlatform/install/prcp_sensor_abstraction/share/prcp_sensor_abstraction/local_setup.bash
[17.817s] -- Installing: /home/gfigneczi1/ros2_ws/src/CooperativeResearchPlatform/install/prcp_sensor_abstraction/share/prcp_sensor_abstraction/local_setup.sh
[17.818s] -- Installing: /home/gfigneczi1/ros2_ws/src/CooperativeResearchPlatform/install/prcp_sensor_abstraction/share/prcp_sensor_abstraction/local_setup.zsh
[17.819s] -- Installing: /home/gfigneczi1/ros2_ws/src/CooperativeResearchPlatform/install/prcp_sensor_abstraction/share/prcp_sensor_abstraction/local_setup.dsv
[17.820s] -- Installing: /home/gfigneczi1/ros2_ws/src/CooperativeResearchPlatform/install/prcp_sensor_abstraction/share/prcp_sensor_abstraction/package.dsv
[17.821s] -- Installing: /home/gfigneczi1/ros2_ws/src/CooperativeResearchPlatform/install/prcp_sensor_abstraction/share/ament_index/resource_index/packages/prcp_sensor_abstraction
[17.822s] -- Installing: /home/gfigneczi1/ros2_ws/src/CooperativeResearchPlatform/install/prcp_sensor_abstraction/share/prcp_sensor_abstraction/cmake/prcp_sensor_abstractionConfig.cmake
[17.824s] -- Installing: /home/gfigneczi1/ros2_ws/src/CooperativeResearchPlatform/install/prcp_sensor_abstraction/share/prcp_sensor_abstraction/cmake/prcp_sensor_abstractionConfig-version.cmake
[17.826s] -- Installing: /home/gfigneczi1/ros2_ws/src/CooperativeResearchPlatform/install/prcp_sensor_abstraction/share/prcp_sensor_abstraction/package.xml
[17.831s] Invoked command in '/home/gfigneczi1/ros2_ws/src/CooperativeResearchPlatform/build/prcp_sensor_abstraction' returned '0': CMAKE_PREFIX_PATH=${CMAKE_PREFIX_PATH}:/home/gfigneczi1/autoware/install/simulator_compatibility_test:/home/gfigneczi1/autoware/install/ad_api_visualizers:/opt/ros/humble /usr/bin/cmake --install /home/gfigneczi1/ros2_ws/src/CooperativeResearchPlatform/build/prcp_sensor_abstraction
