[0.229s] Invoking command in '/home/gfigneczi1/ros2_ws/src/CooperativeResearchPlatform/build/crp_msgs': CMAKE_PREFIX_PATH=${CMAKE_PREFIX_PATH}:/home/gfigneczi1/autoware/install/simulator_compatibility_test:/home/gfigneczi1/autoware/install/ad_api_visualizers:/opt/ros/humble /usr/bin/cmake --build /home/gfigneczi1/ros2_ws/src/CooperativeResearchPlatform/build/crp_msgs -- -j4 -l4
[0.466s] [  1%] Built target crp_msgs__cpp
[0.483s] [ 12%] Built target crp_msgs__rosidl_generator_c
[0.533s] [ 12%] Built target ament_cmake_python_copy_crp_msgs
[0.605s] [ 24%] Built target crp_msgs__rosidl_typesupport_cpp
[0.663s] [ 35%] Built target crp_msgs__rosidl_typesupport_introspection_c
[0.684s] [ 46%] Built target crp_msgs__rosidl_typesupport_fastrtps_cpp
[0.721s] [ 58%] Built target crp_msgs__rosidl_typesupport_c
[0.737s] [ 69%] Built target crp_msgs__rosidl_typesupport_introspection_cpp
[0.817s] [ 81%] Built target crp_msgs__rosidl_typesupport_fastrtps_c
[0.862s] [ 81%] Built target crp_msgs
[0.918s] [ 82%] Built target crp_msgs__py
[0.986s] [ 92%] Built target crp_msgs__rosidl_generator_py
[1.054s] running egg_info
[1.055s] writing crp_msgs.egg-info/PKG-INFO
[1.055s] writing dependency_links to crp_msgs.egg-info/dependency_links.txt
[1.055s] writing top-level names to crp_msgs.egg-info/top_level.txt
[1.058s] reading manifest file 'crp_msgs.egg-info/SOURCES.txt'
[1.059s] writing manifest file 'crp_msgs.egg-info/SOURCES.txt'
[1.089s] [ 94%] Built target crp_msgs__rosidl_typesupport_fastrtps_c__pyext
[1.097s] [ 97%] Built target crp_msgs__rosidl_typesupport_introspection_c__pyext
[1.115s] [ 97%] Built target ament_cmake_python_build_crp_msgs_egg
[1.120s] [100%] Built target crp_msgs__rosidl_typesupport_c__pyext
[1.144s] Invoked command in '/home/gfigneczi1/ros2_ws/src/CooperativeResearchPlatform/build/crp_msgs' returned '0': CMAKE_PREFIX_PATH=${CMAKE_PREFIX_PATH}:/home/gfigneczi1/autoware/install/simulator_compatibility_test:/home/gfigneczi1/autoware/install/ad_api_visualizers:/opt/ros/humble /usr/bin/cmake --build /home/gfigneczi1/ros2_ws/src/CooperativeResearchPlatform/build/crp_msgs -- -j4 -l4
[2.008s] Invoking command in '/home/gfigneczi1/ros2_ws/src/CooperativeResearchPlatform/build/crp_msgs': CMAKE_PREFIX_PATH=${CMAKE_PREFIX_PATH}:/home/gfigneczi1/autoware/install/simulator_compatibility_test:/home/gfigneczi1/autoware/install/ad_api_visualizers:/opt/ros/humble /usr/bin/cmake --install /home/gfigneczi1/ros2_ws/src/CooperativeResearchPlatform/build/crp_msgs
[2.034s] -- Install configuration: ""
[2.034s] -- Up-to-date: /home/gfigneczi1/ros2_ws/src/CooperativeResearchPlatform/install/crp_msgs/share/ament_index/resource_index/rosidl_interfaces/crp_msgs
[2.034s] -- Up-to-date: /home/gfigneczi1/ros2_ws/src/CooperativeResearchPlatform/install/crp_msgs/include/crp_msgs/crp_msgs
[2.034s] -- Up-to-date: /home/gfigneczi1/ros2_ws/src/CooperativeResearchPlatform/install/crp_msgs/include/crp_msgs/crp_msgs/msg
[2.035s] -- Up-to-date: /home/gfigneczi1/ros2_ws/src/CooperativeResearchPlatform/install/crp_msgs/include/crp_msgs/crp_msgs/msg/ego_status.h
[2.035s] -- Up-to-date: /home/gfigneczi1/ros2_ws/src/CooperativeResearchPlatform/install/crp_msgs/include/crp_msgs/crp_msgs/msg/world.h
[2.035s] -- Up-to-date: /home/gfigneczi1/ros2_ws/src/CooperativeResearchPlatform/install/crp_msgs/include/crp_msgs/crp_msgs/msg/target_space.h
[2.035s] -- Up-to-date: /home/gfigneczi1/ros2_ws/src/CooperativeResearchPlatform/install/crp_msgs/include/crp_msgs/crp_msgs/msg/rosidl_generator_c__visibility_control.h
[2.035s] -- Up-to-date: /home/gfigneczi1/ros2_ws/src/CooperativeResearchPlatform/install/crp_msgs/include/crp_msgs/crp_msgs/msg/detail
[2.035s] -- Up-to-date: /home/gfigneczi1/ros2_ws/src/CooperativeResearchPlatform/install/crp_msgs/include/crp_msgs/crp_msgs/msg/detail/target_space__functions.c
[2.035s] -- Up-to-date: /home/gfigneczi1/ros2_ws/src/CooperativeResearchPlatform/install/crp_msgs/include/crp_msgs/crp_msgs/msg/detail/scenario__functions.h
[2.035s] -- Up-to-date: /home/gfigneczi1/ros2_ws/src/CooperativeResearchPlatform/install/crp_msgs/include/crp_msgs/crp_msgs/msg/detail/world__functions.c
[2.035s] -- Up-to-date: /home/gfigneczi1/ros2_ws/src/CooperativeResearchPlatform/install/crp_msgs/include/crp_msgs/crp_msgs/msg/detail/ego_status__struct.h
[2.035s] -- Up-to-date: /home/gfigneczi1/ros2_ws/src/CooperativeResearchPlatform/install/crp_msgs/include/crp_msgs/crp_msgs/msg/detail/path_with_traffic_rules__functions.c
[2.035s] -- Up-to-date: /home/gfigneczi1/ros2_ws/src/CooperativeResearchPlatform/install/crp_msgs/include/crp_msgs/crp_msgs/msg/detail/target_space__struct.h
[2.035s] -- Up-to-date: /home/gfigneczi1/ros2_ws/src/CooperativeResearchPlatform/install/crp_msgs/include/crp_msgs/crp_msgs/msg/detail/path_with_traffic_rules__type_support.h
[2.035s] -- Up-to-date: /home/gfigneczi1/ros2_ws/src/CooperativeResearchPlatform/install/crp_msgs/include/crp_msgs/crp_msgs/msg/detail/traffic_rule__functions.h
[2.035s] -- Up-to-date: /home/gfigneczi1/ros2_ws/src/CooperativeResearchPlatform/install/crp_msgs/include/crp_msgs/crp_msgs/msg/detail/ego__struct.h
[2.035s] -- Up-to-date: /home/gfigneczi1/ros2_ws/src/CooperativeResearchPlatform/install/crp_msgs/include/crp_msgs/crp_msgs/msg/detail/world__struct.h
[2.035s] -- Up-to-date: /home/gfigneczi1/ros2_ws/src/CooperativeResearchPlatform/install/crp_msgs/include/crp_msgs/crp_msgs/msg/detail/world__functions.h
[2.035s] -- Up-to-date: /home/gfigneczi1/ros2_ws/src/CooperativeResearchPlatform/install/crp_msgs/include/crp_msgs/crp_msgs/msg/detail/ego_status__type_support.h
[2.035s] -- Up-to-date: /home/gfigneczi1/ros2_ws/src/CooperativeResearchPlatform/install/crp_msgs/include/crp_msgs/crp_msgs/msg/detail/ego__functions.h
[2.035s] -- Up-to-date: /home/gfigneczi1/ros2_ws/src/CooperativeResearchPlatform/install/crp_msgs/include/crp_msgs/crp_msgs/msg/detail/traffic_rule__struct.h
[2.035s] -- Up-to-date: /home/gfigneczi1/ros2_ws/src/CooperativeResearchPlatform/install/crp_msgs/include/crp_msgs/crp_msgs/msg/detail/target_space__functions.h
[2.035s] -- Up-to-date: /home/gfigneczi1/ros2_ws/src/CooperativeResearchPlatform/install/crp_msgs/include/crp_msgs/crp_msgs/msg/detail/ego__functions.c
[2.035s] -- Up-to-date: /home/gfigneczi1/ros2_ws/src/CooperativeResearchPlatform/install/crp_msgs/include/crp_msgs/crp_msgs/msg/detail/path_with_traffic_rules__functions.h
[2.035s] -- Up-to-date: /home/gfigneczi1/ros2_ws/src/CooperativeResearchPlatform/install/crp_msgs/include/crp_msgs/crp_msgs/msg/detail/target_space__type_support.h
[2.035s] -- Up-to-date: /home/gfigneczi1/ros2_ws/src/CooperativeResearchPlatform/install/crp_msgs/include/crp_msgs/crp_msgs/msg/detail/traffic_rule__functions.c
[2.035s] -- Up-to-date: /home/gfigneczi1/ros2_ws/src/CooperativeResearchPlatform/install/crp_msgs/include/crp_msgs/crp_msgs/msg/detail/ego_status__functions.h
[2.035s] -- Up-to-date: /home/gfigneczi1/ros2_ws/src/CooperativeResearchPlatform/install/crp_msgs/include/crp_msgs/crp_msgs/msg/detail/traffic_rule__type_support.h
[2.035s] -- Up-to-date: /home/gfigneczi1/ros2_ws/src/CooperativeResearchPlatform/install/crp_msgs/include/crp_msgs/crp_msgs/msg/detail/scenario__struct.h
[2.035s] -- Up-to-date: /home/gfigneczi1/ros2_ws/src/CooperativeResearchPlatform/install/crp_msgs/include/crp_msgs/crp_msgs/msg/detail/path_with_traffic_rules__struct.h
[2.035s] -- Up-to-date: /home/gfigneczi1/ros2_ws/src/CooperativeResearchPlatform/install/crp_msgs/include/crp_msgs/crp_msgs/msg/detail/world__type_support.h
[2.035s] -- Up-to-date: /home/gfigneczi1/ros2_ws/src/CooperativeResearchPlatform/install/crp_msgs/include/crp_msgs/crp_msgs/msg/detail/scenario__type_support.h
[2.036s] -- Up-to-date: /home/gfigneczi1/ros2_ws/src/CooperativeResearchPlatform/install/crp_msgs/include/crp_msgs/crp_msgs/msg/detail/scenario__functions.c
[2.036s] -- Up-to-date: /home/gfigneczi1/ros2_ws/src/CooperativeResearchPlatform/install/crp_msgs/include/crp_msgs/crp_msgs/msg/detail/ego_status__functions.c
[2.036s] -- Up-to-date: /home/gfigneczi1/ros2_ws/src/CooperativeResearchPlatform/install/crp_msgs/include/crp_msgs/crp_msgs/msg/detail/ego__type_support.h
[2.036s] -- Up-to-date: /home/gfigneczi1/ros2_ws/src/CooperativeResearchPlatform/install/crp_msgs/include/crp_msgs/crp_msgs/msg/scenario.h
[2.036s] -- Up-to-date: /home/gfigneczi1/ros2_ws/src/CooperativeResearchPlatform/install/crp_msgs/include/crp_msgs/crp_msgs/msg/traffic_rule.h
[2.036s] -- Up-to-date: /home/gfigneczi1/ros2_ws/src/CooperativeResearchPlatform/install/crp_msgs/include/crp_msgs/crp_msgs/msg/path_with_traffic_rules.h
[2.036s] -- Up-to-date: /home/gfigneczi1/ros2_ws/src/CooperativeResearchPlatform/install/crp_msgs/include/crp_msgs/crp_msgs/msg/ego.h
[2.036s] -- Up-to-date: /home/gfigneczi1/ros2_ws/src/CooperativeResearchPlatform/install/crp_msgs/share/crp_msgs/environment/library_path.sh
[2.036s] -- Up-to-date: /home/gfigneczi1/ros2_ws/src/CooperativeResearchPlatform/install/crp_msgs/share/crp_msgs/environment/library_path.dsv
[2.036s] -- Up-to-date: /home/gfigneczi1/ros2_ws/src/CooperativeResearchPlatform/install/crp_msgs/lib/libcrp_msgs__rosidl_generator_c.so
[2.036s] -- Up-to-date: /home/gfigneczi1/ros2_ws/src/CooperativeResearchPlatform/install/crp_msgs/include/crp_msgs/crp_msgs
[2.036s] -- Up-to-date: /home/gfigneczi1/ros2_ws/src/CooperativeResearchPlatform/install/crp_msgs/include/crp_msgs/crp_msgs/msg
[2.036s] -- Up-to-date: /home/gfigneczi1/ros2_ws/src/CooperativeResearchPlatform/install/crp_msgs/include/crp_msgs/crp_msgs/msg/detail
[2.036s] -- Up-to-date: /home/gfigneczi1/ros2_ws/src/CooperativeResearchPlatform/install/crp_msgs/include/crp_msgs/crp_msgs/msg/detail/ego__rosidl_typesupport_fastrtps_c.h
[2.036s] -- Up-to-date: /home/gfigneczi1/ros2_ws/src/CooperativeResearchPlatform/install/crp_msgs/include/crp_msgs/crp_msgs/msg/detail/ego_status__rosidl_typesupport_fastrtps_c.h
[2.036s] -- Up-to-date: /home/gfigneczi1/ros2_ws/src/CooperativeResearchPlatform/install/crp_msgs/include/crp_msgs/crp_msgs/msg/detail/traffic_rule__rosidl_typesupport_fastrtps_c.h
[2.036s] -- Up-to-date: /home/gfigneczi1/ros2_ws/src/CooperativeResearchPlatform/install/crp_msgs/include/crp_msgs/crp_msgs/msg/detail/path_with_traffic_rules__rosidl_typesupport_fastrtps_c.h
[2.036s] -- Up-to-date: /home/gfigneczi1/ros2_ws/src/CooperativeResearchPlatform/install/crp_msgs/include/crp_msgs/crp_msgs/msg/detail/world__rosidl_typesupport_fastrtps_c.h
[2.036s] -- Up-to-date: /home/gfigneczi1/ros2_ws/src/CooperativeResearchPlatform/install/crp_msgs/include/crp_msgs/crp_msgs/msg/detail/scenario__rosidl_typesupport_fastrtps_c.h
[2.036s] -- Up-to-date: /home/gfigneczi1/ros2_ws/src/CooperativeResearchPlatform/install/crp_msgs/include/crp_msgs/crp_msgs/msg/detail/target_space__rosidl_typesupport_fastrtps_c.h
[2.036s] -- Up-to-date: /home/gfigneczi1/ros2_ws/src/CooperativeResearchPlatform/install/crp_msgs/include/crp_msgs/crp_msgs/msg/rosidl_typesupport_fastrtps_c__visibility_control.h
[2.036s] -- Up-to-date: /home/gfigneczi1/ros2_ws/src/CooperativeResearchPlatform/install/crp_msgs/lib/libcrp_msgs__rosidl_typesupport_fastrtps_c.so
[2.036s] -- Up-to-date: /home/gfigneczi1/ros2_ws/src/CooperativeResearchPlatform/install/crp_msgs/include/crp_msgs/crp_msgs
[2.036s] -- Up-to-date: /home/gfigneczi1/ros2_ws/src/CooperativeResearchPlatform/install/crp_msgs/include/crp_msgs/crp_msgs/msg
[2.036s] -- Up-to-date: /home/gfigneczi1/ros2_ws/src/CooperativeResearchPlatform/install/crp_msgs/include/crp_msgs/crp_msgs/msg/ego_status.hpp
[2.036s] -- Up-to-date: /home/gfigneczi1/ros2_ws/src/CooperativeResearchPlatform/install/crp_msgs/include/crp_msgs/crp_msgs/msg/ego.hpp
[2.036s] -- Up-to-date: /home/gfigneczi1/ros2_ws/src/CooperativeResearchPlatform/install/crp_msgs/include/crp_msgs/crp_msgs/msg/world.hpp
[2.036s] -- Up-to-date: /home/gfigneczi1/ros2_ws/src/CooperativeResearchPlatform/install/crp_msgs/include/crp_msgs/crp_msgs/msg/path_with_traffic_rules.hpp
[2.036s] -- Up-to-date: /home/gfigneczi1/ros2_ws/src/CooperativeResearchPlatform/install/crp_msgs/include/crp_msgs/crp_msgs/msg/traffic_rule.hpp
[2.036s] -- Up-to-date: /home/gfigneczi1/ros2_ws/src/CooperativeResearchPlatform/install/crp_msgs/include/crp_msgs/crp_msgs/msg/detail
[2.036s] -- Up-to-date: /home/gfigneczi1/ros2_ws/src/CooperativeResearchPlatform/install/crp_msgs/include/crp_msgs/crp_msgs/msg/detail/ego__traits.hpp
[2.037s] -- Up-to-date: /home/gfigneczi1/ros2_ws/src/CooperativeResearchPlatform/install/crp_msgs/include/crp_msgs/crp_msgs/msg/detail/ego_status__struct.hpp
[2.037s] -- Up-to-date: /home/gfigneczi1/ros2_ws/src/CooperativeResearchPlatform/install/crp_msgs/include/crp_msgs/crp_msgs/msg/detail/traffic_rule__traits.hpp
[2.037s] -- Up-to-date: /home/gfigneczi1/ros2_ws/src/CooperativeResearchPlatform/install/crp_msgs/include/crp_msgs/crp_msgs/msg/detail/path_with_traffic_rules__struct.hpp
[2.037s] -- Up-to-date: /home/gfigneczi1/ros2_ws/src/CooperativeResearchPlatform/install/crp_msgs/include/crp_msgs/crp_msgs/msg/detail/traffic_rule__builder.hpp
[2.037s] -- Up-to-date: /home/gfigneczi1/ros2_ws/src/CooperativeResearchPlatform/install/crp_msgs/include/crp_msgs/crp_msgs/msg/detail/path_with_traffic_rules__traits.hpp
[2.037s] -- Up-to-date: /home/gfigneczi1/ros2_ws/src/CooperativeResearchPlatform/install/crp_msgs/include/crp_msgs/crp_msgs/msg/detail/target_space__traits.hpp
[2.037s] -- Up-to-date: /home/gfigneczi1/ros2_ws/src/CooperativeResearchPlatform/install/crp_msgs/include/crp_msgs/crp_msgs/msg/detail/ego_status__builder.hpp
[2.037s] -- Up-to-date: /home/gfigneczi1/ros2_ws/src/CooperativeResearchPlatform/install/crp_msgs/include/crp_msgs/crp_msgs/msg/detail/target_space__builder.hpp
[2.037s] -- Up-to-date: /home/gfigneczi1/ros2_ws/src/CooperativeResearchPlatform/install/crp_msgs/include/crp_msgs/crp_msgs/msg/detail/scenario__traits.hpp
[2.037s] -- Up-to-date: /home/gfigneczi1/ros2_ws/src/CooperativeResearchPlatform/install/crp_msgs/include/crp_msgs/crp_msgs/msg/detail/ego_status__traits.hpp
[2.037s] -- Up-to-date: /home/gfigneczi1/ros2_ws/src/CooperativeResearchPlatform/install/crp_msgs/include/crp_msgs/crp_msgs/msg/detail/ego__builder.hpp
[2.037s] -- Up-to-date: /home/gfigneczi1/ros2_ws/src/CooperativeResearchPlatform/install/crp_msgs/include/crp_msgs/crp_msgs/msg/detail/world__traits.hpp
[2.037s] -- Up-to-date: /home/gfigneczi1/ros2_ws/src/CooperativeResearchPlatform/install/crp_msgs/include/crp_msgs/crp_msgs/msg/detail/path_with_traffic_rules__builder.hpp
[2.037s] -- Up-to-date: /home/gfigneczi1/ros2_ws/src/CooperativeResearchPlatform/install/crp_msgs/include/crp_msgs/crp_msgs/msg/detail/world__struct.hpp
[2.037s] -- Up-to-date: /home/gfigneczi1/ros2_ws/src/CooperativeResearchPlatform/install/crp_msgs/include/crp_msgs/crp_msgs/msg/detail/scenario__struct.hpp
[2.037s] -- Up-to-date: /home/gfigneczi1/ros2_ws/src/CooperativeResearchPlatform/install/crp_msgs/include/crp_msgs/crp_msgs/msg/detail/world__builder.hpp
[2.037s] -- Up-to-date: /home/gfigneczi1/ros2_ws/src/CooperativeResearchPlatform/install/crp_msgs/include/crp_msgs/crp_msgs/msg/detail/scenario__builder.hpp
[2.037s] -- Up-to-date: /home/gfigneczi1/ros2_ws/src/CooperativeResearchPlatform/install/crp_msgs/include/crp_msgs/crp_msgs/msg/detail/ego__struct.hpp
[2.037s] -- Up-to-date: /home/gfigneczi1/ros2_ws/src/CooperativeResearchPlatform/install/crp_msgs/include/crp_msgs/crp_msgs/msg/detail/traffic_rule__struct.hpp
[2.037s] -- Up-to-date: /home/gfigneczi1/ros2_ws/src/CooperativeResearchPlatform/install/crp_msgs/include/crp_msgs/crp_msgs/msg/detail/target_space__struct.hpp
[2.037s] -- Up-to-date: /home/gfigneczi1/ros2_ws/src/CooperativeResearchPlatform/install/crp_msgs/include/crp_msgs/crp_msgs/msg/target_space.hpp
[2.037s] -- Up-to-date: /home/gfigneczi1/ros2_ws/src/CooperativeResearchPlatform/install/crp_msgs/include/crp_msgs/crp_msgs/msg/scenario.hpp
[2.037s] -- Up-to-date: /home/gfigneczi1/ros2_ws/src/CooperativeResearchPlatform/install/crp_msgs/include/crp_msgs/crp_msgs
[2.037s] -- Up-to-date: /home/gfigneczi1/ros2_ws/src/CooperativeResearchPlatform/install/crp_msgs/include/crp_msgs/crp_msgs/msg
[2.037s] -- Up-to-date: /home/gfigneczi1/ros2_ws/src/CooperativeResearchPlatform/install/crp_msgs/include/crp_msgs/crp_msgs/msg/rosidl_typesupport_fastrtps_cpp__visibility_control.h
[2.037s] -- Up-to-date: /home/gfigneczi1/ros2_ws/src/CooperativeResearchPlatform/install/crp_msgs/include/crp_msgs/crp_msgs/msg/detail
[2.037s] -- Up-to-date: /home/gfigneczi1/ros2_ws/src/CooperativeResearchPlatform/install/crp_msgs/include/crp_msgs/crp_msgs/msg/detail/world__rosidl_typesupport_fastrtps_cpp.hpp
[2.037s] -- Up-to-date: /home/gfigneczi1/ros2_ws/src/CooperativeResearchPlatform/install/crp_msgs/include/crp_msgs/crp_msgs/msg/detail/ego__rosidl_typesupport_fastrtps_cpp.hpp
[2.037s] -- Up-to-date: /home/gfigneczi1/ros2_ws/src/CooperativeResearchPlatform/install/crp_msgs/include/crp_msgs/crp_msgs/msg/detail/ego_status__rosidl_typesupport_fastrtps_cpp.hpp
[2.038s] -- Up-to-date: /home/gfigneczi1/ros2_ws/src/CooperativeResearchPlatform/install/crp_msgs/include/crp_msgs/crp_msgs/msg/detail/traffic_rule__rosidl_typesupport_fastrtps_cpp.hpp
[2.038s] -- Up-to-date: /home/gfigneczi1/ros2_ws/src/CooperativeResearchPlatform/install/crp_msgs/include/crp_msgs/crp_msgs/msg/detail/scenario__rosidl_typesupport_fastrtps_cpp.hpp
[2.038s] -- Up-to-date: /home/gfigneczi1/ros2_ws/src/CooperativeResearchPlatform/install/crp_msgs/include/crp_msgs/crp_msgs/msg/detail/target_space__rosidl_typesupport_fastrtps_cpp.hpp
[2.038s] -- Up-to-date: /home/gfigneczi1/ros2_ws/src/CooperativeResearchPlatform/install/crp_msgs/include/crp_msgs/crp_msgs/msg/detail/dds_fastrtps
[2.038s] -- Up-to-date: /home/gfigneczi1/ros2_ws/src/CooperativeResearchPlatform/install/crp_msgs/include/crp_msgs/crp_msgs/msg/detail/path_with_traffic_rules__rosidl_typesupport_fastrtps_cpp.hpp
[2.038s] -- Up-to-date: /home/gfigneczi1/ros2_ws/src/CooperativeResearchPlatform/install/crp_msgs/lib/libcrp_msgs__rosidl_typesupport_fastrtps_cpp.so
[2.038s] -- Up-to-date: /home/gfigneczi1/ros2_ws/src/CooperativeResearchPlatform/install/crp_msgs/include/crp_msgs/crp_msgs
[2.038s] -- Up-to-date: /home/gfigneczi1/ros2_ws/src/CooperativeResearchPlatform/install/crp_msgs/include/crp_msgs/crp_msgs/msg
[2.038s] -- Up-to-date: /home/gfigneczi1/ros2_ws/src/CooperativeResearchPlatform/install/crp_msgs/include/crp_msgs/crp_msgs/msg/detail
[2.038s] -- Up-to-date: /home/gfigneczi1/ros2_ws/src/CooperativeResearchPlatform/install/crp_msgs/include/crp_msgs/crp_msgs/msg/detail/ego_status__rosidl_typesupport_introspection_c.h
[2.038s] -- Up-to-date: /home/gfigneczi1/ros2_ws/src/CooperativeResearchPlatform/install/crp_msgs/include/crp_msgs/crp_msgs/msg/detail/ego__rosidl_typesupport_introspection_c.h
[2.038s] -- Up-to-date: /home/gfigneczi1/ros2_ws/src/CooperativeResearchPlatform/install/crp_msgs/include/crp_msgs/crp_msgs/msg/detail/traffic_rule__type_support.c
[2.038s] -- Up-to-date: /home/gfigneczi1/ros2_ws/src/CooperativeResearchPlatform/install/crp_msgs/include/crp_msgs/crp_msgs/msg/detail/ego_status__type_support.c
[2.038s] -- Up-to-date: /home/gfigneczi1/ros2_ws/src/CooperativeResearchPlatform/install/crp_msgs/include/crp_msgs/crp_msgs/msg/detail/scenario__rosidl_typesupport_introspection_c.h
[2.038s] -- Up-to-date: /home/gfigneczi1/ros2_ws/src/CooperativeResearchPlatform/install/crp_msgs/include/crp_msgs/crp_msgs/msg/detail/ego__type_support.c
[2.038s] -- Up-to-date: /home/gfigneczi1/ros2_ws/src/CooperativeResearchPlatform/install/crp_msgs/include/crp_msgs/crp_msgs/msg/detail/path_with_traffic_rules__rosidl_typesupport_introspection_c.h
[2.038s] -- Up-to-date: /home/gfigneczi1/ros2_ws/src/CooperativeResearchPlatform/install/crp_msgs/include/crp_msgs/crp_msgs/msg/detail/scenario__type_support.c
[2.038s] -- Up-to-date: /home/gfigneczi1/ros2_ws/src/CooperativeResearchPlatform/install/crp_msgs/include/crp_msgs/crp_msgs/msg/detail/target_space__rosidl_typesupport_introspection_c.h
[2.038s] -- Up-to-date: /home/gfigneczi1/ros2_ws/src/CooperativeResearchPlatform/install/crp_msgs/include/crp_msgs/crp_msgs/msg/detail/traffic_rule__rosidl_typesupport_introspection_c.h
[2.038s] -- Up-to-date: /home/gfigneczi1/ros2_ws/src/CooperativeResearchPlatform/install/crp_msgs/include/crp_msgs/crp_msgs/msg/detail/world__type_support.c
[2.038s] -- Up-to-date: /home/gfigneczi1/ros2_ws/src/CooperativeResearchPlatform/install/crp_msgs/include/crp_msgs/crp_msgs/msg/detail/path_with_traffic_rules__type_support.c
[2.038s] -- Up-to-date: /home/gfigneczi1/ros2_ws/src/CooperativeResearchPlatform/install/crp_msgs/include/crp_msgs/crp_msgs/msg/detail/world__rosidl_typesupport_introspection_c.h
[2.038s] -- Up-to-date: /home/gfigneczi1/ros2_ws/src/CooperativeResearchPlatform/install/crp_msgs/include/crp_msgs/crp_msgs/msg/detail/target_space__type_support.c
[2.038s] -- Up-to-date: /home/gfigneczi1/ros2_ws/src/CooperativeResearchPlatform/install/crp_msgs/include/crp_msgs/crp_msgs/msg/rosidl_typesupport_introspection_c__visibility_control.h
[2.038s] -- Up-to-date: /home/gfigneczi1/ros2_ws/src/CooperativeResearchPlatform/install/crp_msgs/lib/libcrp_msgs__rosidl_typesupport_introspection_c.so
[2.038s] -- Up-to-date: /home/gfigneczi1/ros2_ws/src/CooperativeResearchPlatform/install/crp_msgs/lib/libcrp_msgs__rosidl_typesupport_c.so
[2.038s] -- Up-to-date: /home/gfigneczi1/ros2_ws/src/CooperativeResearchPlatform/install/crp_msgs/include/crp_msgs/crp_msgs
[2.038s] -- Up-to-date: /home/gfigneczi1/ros2_ws/src/CooperativeResearchPlatform/install/crp_msgs/include/crp_msgs/crp_msgs/msg
[2.038s] -- Up-to-date: /home/gfigneczi1/ros2_ws/src/CooperativeResearchPlatform/install/crp_msgs/include/crp_msgs/crp_msgs/msg/detail
[2.039s] -- Up-to-date: /home/gfigneczi1/ros2_ws/src/CooperativeResearchPlatform/install/crp_msgs/include/crp_msgs/crp_msgs/msg/detail/target_space__rosidl_typesupport_introspection_cpp.hpp
[2.039s] -- Up-to-date: /home/gfigneczi1/ros2_ws/src/CooperativeResearchPlatform/install/crp_msgs/include/crp_msgs/crp_msgs/msg/detail/scenario__type_support.cpp
[2.039s] -- Up-to-date: /home/gfigneczi1/ros2_ws/src/CooperativeResearchPlatform/install/crp_msgs/include/crp_msgs/crp_msgs/msg/detail/world__type_support.cpp
[2.039s] -- Up-to-date: /home/gfigneczi1/ros2_ws/src/CooperativeResearchPlatform/install/crp_msgs/include/crp_msgs/crp_msgs/msg/detail/path_with_traffic_rules__rosidl_typesupport_introspection_cpp.hpp
[2.039s] -- Up-to-date: /home/gfigneczi1/ros2_ws/src/CooperativeResearchPlatform/install/crp_msgs/include/crp_msgs/crp_msgs/msg/detail/traffic_rule__type_support.cpp
[2.039s] -- Up-to-date: /home/gfigneczi1/ros2_ws/src/CooperativeResearchPlatform/install/crp_msgs/include/crp_msgs/crp_msgs/msg/detail/scenario__rosidl_typesupport_introspection_cpp.hpp
[2.039s] -- Up-to-date: /home/gfigneczi1/ros2_ws/src/CooperativeResearchPlatform/install/crp_msgs/include/crp_msgs/crp_msgs/msg/detail/ego__type_support.cpp
[2.039s] -- Up-to-date: /home/gfigneczi1/ros2_ws/src/CooperativeResearchPlatform/install/crp_msgs/include/crp_msgs/crp_msgs/msg/detail/traffic_rule__rosidl_typesupport_introspection_cpp.hpp
[2.039s] -- Up-to-date: /home/gfigneczi1/ros2_ws/src/CooperativeResearchPlatform/install/crp_msgs/include/crp_msgs/crp_msgs/msg/detail/ego__rosidl_typesupport_introspection_cpp.hpp
[2.039s] -- Up-to-date: /home/gfigneczi1/ros2_ws/src/CooperativeResearchPlatform/install/crp_msgs/include/crp_msgs/crp_msgs/msg/detail/path_with_traffic_rules__type_support.cpp
[2.039s] -- Up-to-date: /home/gfigneczi1/ros2_ws/src/CooperativeResearchPlatform/install/crp_msgs/include/crp_msgs/crp_msgs/msg/detail/target_space__type_support.cpp
[2.039s] -- Up-to-date: /home/gfigneczi1/ros2_ws/src/CooperativeResearchPlatform/install/crp_msgs/include/crp_msgs/crp_msgs/msg/detail/world__rosidl_typesupport_introspection_cpp.hpp
[2.039s] -- Up-to-date: /home/gfigneczi1/ros2_ws/src/CooperativeResearchPlatform/install/crp_msgs/include/crp_msgs/crp_msgs/msg/detail/ego_status__type_support.cpp
[2.039s] -- Up-to-date: /home/gfigneczi1/ros2_ws/src/CooperativeResearchPlatform/install/crp_msgs/include/crp_msgs/crp_msgs/msg/detail/ego_status__rosidl_typesupport_introspection_cpp.hpp
[2.039s] -- Up-to-date: /home/gfigneczi1/ros2_ws/src/CooperativeResearchPlatform/install/crp_msgs/lib/libcrp_msgs__rosidl_typesupport_introspection_cpp.so
[2.039s] -- Up-to-date: /home/gfigneczi1/ros2_ws/src/CooperativeResearchPlatform/install/crp_msgs/lib/libcrp_msgs__rosidl_typesupport_cpp.so
[2.039s] -- Up-to-date: /home/gfigneczi1/ros2_ws/src/CooperativeResearchPlatform/install/crp_msgs/share/crp_msgs/environment/pythonpath.sh
[2.039s] -- Up-to-date: /home/gfigneczi1/ros2_ws/src/CooperativeResearchPlatform/install/crp_msgs/share/crp_msgs/environment/pythonpath.dsv
[2.039s] -- Up-to-date: /home/gfigneczi1/ros2_ws/src/CooperativeResearchPlatform/install/crp_msgs/local/lib/python3.10/dist-packages/crp_msgs-0.0.0-py3.10.egg-info
[2.039s] -- Installing: /home/gfigneczi1/ros2_ws/src/CooperativeResearchPlatform/install/crp_msgs/local/lib/python3.10/dist-packages/crp_msgs-0.0.0-py3.10.egg-info/SOURCES.txt
[2.039s] -- Installing: /home/gfigneczi1/ros2_ws/src/CooperativeResearchPlatform/install/crp_msgs/local/lib/python3.10/dist-packages/crp_msgs-0.0.0-py3.10.egg-info/PKG-INFO
[2.039s] -- Installing: /home/gfigneczi1/ros2_ws/src/CooperativeResearchPlatform/install/crp_msgs/local/lib/python3.10/dist-packages/crp_msgs-0.0.0-py3.10.egg-info/top_level.txt
[2.039s] -- Installing: /home/gfigneczi1/ros2_ws/src/CooperativeResearchPlatform/install/crp_msgs/local/lib/python3.10/dist-packages/crp_msgs-0.0.0-py3.10.egg-info/dependency_links.txt
[2.039s] -- Up-to-date: /home/gfigneczi1/ros2_ws/src/CooperativeResearchPlatform/install/crp_msgs/local/lib/python3.10/dist-packages/crp_msgs
[2.039s] -- Up-to-date: /home/gfigneczi1/ros2_ws/src/CooperativeResearchPlatform/install/crp_msgs/local/lib/python3.10/dist-packages/crp_msgs/__init__.py
[2.039s] -- Up-to-date: /home/gfigneczi1/ros2_ws/src/CooperativeResearchPlatform/install/crp_msgs/local/lib/python3.10/dist-packages/crp_msgs/_crp_msgs_s.ep.rosidl_typesupport_fastrtps_c.c
[2.039s] -- Up-to-date: /home/gfigneczi1/ros2_ws/src/CooperativeResearchPlatform/install/crp_msgs/local/lib/python3.10/dist-packages/crp_msgs/crp_msgs_s__rosidl_typesupport_c.cpython-310-aarch64-linux-gnu.so
[2.039s] -- Up-to-date: /home/gfigneczi1/ros2_ws/src/CooperativeResearchPlatform/install/crp_msgs/local/lib/python3.10/dist-packages/crp_msgs/crp_msgs_s__rosidl_typesupport_fastrtps_c.cpython-310-aarch64-linux-gnu.so
[2.039s] -- Up-to-date: /home/gfigneczi1/ros2_ws/src/CooperativeResearchPlatform/install/crp_msgs/local/lib/python3.10/dist-packages/crp_msgs/_crp_msgs_s.ep.rosidl_typesupport_introspection_c.c
[2.039s] -- Up-to-date: /home/gfigneczi1/ros2_ws/src/CooperativeResearchPlatform/install/crp_msgs/local/lib/python3.10/dist-packages/crp_msgs/msg
[2.039s] -- Up-to-date: /home/gfigneczi1/ros2_ws/src/CooperativeResearchPlatform/install/crp_msgs/local/lib/python3.10/dist-packages/crp_msgs/msg/__init__.py
[2.040s] -- Up-to-date: /home/gfigneczi1/ros2_ws/src/CooperativeResearchPlatform/install/crp_msgs/local/lib/python3.10/dist-packages/crp_msgs/msg/_world_s.c
[2.040s] -- Up-to-date: /home/gfigneczi1/ros2_ws/src/CooperativeResearchPlatform/install/crp_msgs/local/lib/python3.10/dist-packages/crp_msgs/msg/_traffic_rule.py
[2.040s] -- Up-to-date: /home/gfigneczi1/ros2_ws/src/CooperativeResearchPlatform/install/crp_msgs/local/lib/python3.10/dist-packages/crp_msgs/msg/_target_space.py
[2.040s] -- Up-to-date: /home/gfigneczi1/ros2_ws/src/CooperativeResearchPlatform/install/crp_msgs/local/lib/python3.10/dist-packages/crp_msgs/msg/_traffic_rule_s.c
[2.040s] -- Up-to-date: /home/gfigneczi1/ros2_ws/src/CooperativeResearchPlatform/install/crp_msgs/local/lib/python3.10/dist-packages/crp_msgs/msg/_ego.py
[2.040s] -- Up-to-date: /home/gfigneczi1/ros2_ws/src/CooperativeResearchPlatform/install/crp_msgs/local/lib/python3.10/dist-packages/crp_msgs/msg/_world.py
[2.040s] -- Up-to-date: /home/gfigneczi1/ros2_ws/src/CooperativeResearchPlatform/install/crp_msgs/local/lib/python3.10/dist-packages/crp_msgs/msg/_ego_status_s.c
[2.040s] -- Up-to-date: /home/gfigneczi1/ros2_ws/src/CooperativeResearchPlatform/install/crp_msgs/local/lib/python3.10/dist-packages/crp_msgs/msg/_target_space_s.c
[2.040s] -- Up-to-date: /home/gfigneczi1/ros2_ws/src/CooperativeResearchPlatform/install/crp_msgs/local/lib/python3.10/dist-packages/crp_msgs/msg/_ego_s.c
[2.040s] -- Up-to-date: /home/gfigneczi1/ros2_ws/src/CooperativeResearchPlatform/install/crp_msgs/local/lib/python3.10/dist-packages/crp_msgs/msg/_scenario.py
[2.040s] -- Up-to-date: /home/gfigneczi1/ros2_ws/src/CooperativeResearchPlatform/install/crp_msgs/local/lib/python3.10/dist-packages/crp_msgs/msg/_ego_status.py
[2.040s] -- Up-to-date: /home/gfigneczi1/ros2_ws/src/CooperativeResearchPlatform/install/crp_msgs/local/lib/python3.10/dist-packages/crp_msgs/msg/_path_with_traffic_rules_s.c
[2.040s] -- Up-to-date: /home/gfigneczi1/ros2_ws/src/CooperativeResearchPlatform/install/crp_msgs/local/lib/python3.10/dist-packages/crp_msgs/msg/_path_with_traffic_rules.py
[2.040s] -- Up-to-date: /home/gfigneczi1/ros2_ws/src/CooperativeResearchPlatform/install/crp_msgs/local/lib/python3.10/dist-packages/crp_msgs/msg/_scenario_s.c
[2.040s] -- Up-to-date: /home/gfigneczi1/ros2_ws/src/CooperativeResearchPlatform/install/crp_msgs/local/lib/python3.10/dist-packages/crp_msgs/_crp_msgs_s.ep.rosidl_typesupport_c.c
[2.040s] -- Up-to-date: /home/gfigneczi1/ros2_ws/src/CooperativeResearchPlatform/install/crp_msgs/local/lib/python3.10/dist-packages/crp_msgs/libcrp_msgs__rosidl_generator_py.so
[2.040s] -- Up-to-date: /home/gfigneczi1/ros2_ws/src/CooperativeResearchPlatform/install/crp_msgs/local/lib/python3.10/dist-packages/crp_msgs/crp_msgs_s__rosidl_typesupport_introspection_c.cpython-310-aarch64-linux-gnu.so
[2.067s] Listing '/home/gfigneczi1/ros2_ws/src/CooperativeResearchPlatform/install/crp_msgs/local/lib/python3.10/dist-packages/crp_msgs'...
[2.078s] Listing '/home/gfigneczi1/ros2_ws/src/CooperativeResearchPlatform/install/crp_msgs/local/lib/python3.10/dist-packages/crp_msgs/msg'...
[2.079s] -- Up-to-date: /home/gfigneczi1/ros2_ws/src/CooperativeResearchPlatform/install/crp_msgs/local/lib/python3.10/dist-packages/crp_msgs/crp_msgs_s__rosidl_typesupport_fastrtps_c.cpython-310-aarch64-linux-gnu.so
[2.079s] -- Up-to-date: /home/gfigneczi1/ros2_ws/src/CooperativeResearchPlatform/install/crp_msgs/local/lib/python3.10/dist-packages/crp_msgs/crp_msgs_s__rosidl_typesupport_introspection_c.cpython-310-aarch64-linux-gnu.so
[2.079s] -- Up-to-date: /home/gfigneczi1/ros2_ws/src/CooperativeResearchPlatform/install/crp_msgs/local/lib/python3.10/dist-packages/crp_msgs/crp_msgs_s__rosidl_typesupport_c.cpython-310-aarch64-linux-gnu.so
[2.079s] -- Up-to-date: /home/gfigneczi1/ros2_ws/src/CooperativeResearchPlatform/install/crp_msgs/lib/libcrp_msgs__rosidl_generator_py.so
[2.079s] -- Up-to-date: /home/gfigneczi1/ros2_ws/src/CooperativeResearchPlatform/install/crp_msgs/share/crp_msgs/msg/TrafficRule.idl
[2.079s] -- Up-to-date: /home/gfigneczi1/ros2_ws/src/CooperativeResearchPlatform/install/crp_msgs/share/crp_msgs/msg/PathWithTrafficRules.idl
[2.079s] -- Up-to-date: /home/gfigneczi1/ros2_ws/src/CooperativeResearchPlatform/install/crp_msgs/share/crp_msgs/msg/World.idl
[2.079s] -- Up-to-date: /home/gfigneczi1/ros2_ws/src/CooperativeResearchPlatform/install/crp_msgs/share/crp_msgs/msg/TargetSpace.idl
[2.079s] -- Up-to-date: /home/gfigneczi1/ros2_ws/src/CooperativeResearchPlatform/install/crp_msgs/share/crp_msgs/msg/Scenario.idl
[2.079s] -- Up-to-date: /home/gfigneczi1/ros2_ws/src/CooperativeResearchPlatform/install/crp_msgs/share/crp_msgs/msg/Ego.idl
[2.080s] -- Up-to-date: /home/gfigneczi1/ros2_ws/src/CooperativeResearchPlatform/install/crp_msgs/share/crp_msgs/msg/EgoStatus.idl
[2.080s] -- Up-to-date: /home/gfigneczi1/ros2_ws/src/CooperativeResearchPlatform/install/crp_msgs/share/crp_msgs/msg/TrafficRule.msg
[2.080s] -- Up-to-date: /home/gfigneczi1/ros2_ws/src/CooperativeResearchPlatform/install/crp_msgs/share/crp_msgs/msg/PathWithTrafficRules.msg
[2.080s] -- Up-to-date: /home/gfigneczi1/ros2_ws/src/CooperativeResearchPlatform/install/crp_msgs/share/crp_msgs/msg/World.msg
[2.080s] -- Up-to-date: /home/gfigneczi1/ros2_ws/src/CooperativeResearchPlatform/install/crp_msgs/share/crp_msgs/msg/TargetSpace.msg
[2.080s] -- Up-to-date: /home/gfigneczi1/ros2_ws/src/CooperativeResearchPlatform/install/crp_msgs/share/crp_msgs/msg/Scenario.msg
[2.080s] -- Up-to-date: /home/gfigneczi1/ros2_ws/src/CooperativeResearchPlatform/install/crp_msgs/share/crp_msgs/msg/Ego.msg
[2.080s] -- Up-to-date: /home/gfigneczi1/ros2_ws/src/CooperativeResearchPlatform/install/crp_msgs/share/crp_msgs/msg/EgoStatus.msg
[2.080s] -- Up-to-date: /home/gfigneczi1/ros2_ws/src/CooperativeResearchPlatform/install/crp_msgs/share/ament_index/resource_index/package_run_dependencies/crp_msgs
[2.080s] -- Up-to-date: /home/gfigneczi1/ros2_ws/src/CooperativeResearchPlatform/install/crp_msgs/share/ament_index/resource_index/parent_prefix_path/crp_msgs
[2.080s] -- Up-to-date: /home/gfigneczi1/ros2_ws/src/CooperativeResearchPlatform/install/crp_msgs/share/crp_msgs/environment/ament_prefix_path.sh
[2.080s] -- Up-to-date: /home/gfigneczi1/ros2_ws/src/CooperativeResearchPlatform/install/crp_msgs/share/crp_msgs/environment/ament_prefix_path.dsv
[2.081s] -- Up-to-date: /home/gfigneczi1/ros2_ws/src/CooperativeResearchPlatform/install/crp_msgs/share/crp_msgs/environment/path.sh
[2.081s] -- Up-to-date: /home/gfigneczi1/ros2_ws/src/CooperativeResearchPlatform/install/crp_msgs/share/crp_msgs/environment/path.dsv
[2.081s] -- Up-to-date: /home/gfigneczi1/ros2_ws/src/CooperativeResearchPlatform/install/crp_msgs/share/crp_msgs/local_setup.bash
[2.081s] -- Up-to-date: /home/gfigneczi1/ros2_ws/src/CooperativeResearchPlatform/install/crp_msgs/share/crp_msgs/local_setup.sh
[2.081s] -- Up-to-date: /home/gfigneczi1/ros2_ws/src/CooperativeResearchPlatform/install/crp_msgs/share/crp_msgs/local_setup.zsh
[2.081s] -- Up-to-date: /home/gfigneczi1/ros2_ws/src/CooperativeResearchPlatform/install/crp_msgs/share/crp_msgs/local_setup.dsv
[2.081s] -- Installing: /home/gfigneczi1/ros2_ws/src/CooperativeResearchPlatform/install/crp_msgs/share/crp_msgs/package.dsv
[2.081s] -- Up-to-date: /home/gfigneczi1/ros2_ws/src/CooperativeResearchPlatform/install/crp_msgs/share/ament_index/resource_index/packages/crp_msgs
[2.081s] -- Up-to-date: /home/gfigneczi1/ros2_ws/src/CooperativeResearchPlatform/install/crp_msgs/share/crp_msgs/cmake/export_crp_msgs__rosidl_generator_cExport.cmake
[2.081s] -- Up-to-date: /home/gfigneczi1/ros2_ws/src/CooperativeResearchPlatform/install/crp_msgs/share/crp_msgs/cmake/export_crp_msgs__rosidl_generator_cExport-noconfig.cmake
[2.081s] -- Up-to-date: /home/gfigneczi1/ros2_ws/src/CooperativeResearchPlatform/install/crp_msgs/share/crp_msgs/cmake/export_crp_msgs__rosidl_typesupport_fastrtps_cExport.cmake
[2.081s] -- Up-to-date: /home/gfigneczi1/ros2_ws/src/CooperativeResearchPlatform/install/crp_msgs/share/crp_msgs/cmake/export_crp_msgs__rosidl_typesupport_fastrtps_cExport-noconfig.cmake
[2.081s] -- Up-to-date: /home/gfigneczi1/ros2_ws/src/CooperativeResearchPlatform/install/crp_msgs/share/crp_msgs/cmake/export_crp_msgs__rosidl_generator_cppExport.cmake
[2.081s] -- Up-to-date: /home/gfigneczi1/ros2_ws/src/CooperativeResearchPlatform/install/crp_msgs/share/crp_msgs/cmake/export_crp_msgs__rosidl_typesupport_fastrtps_cppExport.cmake
[2.081s] -- Up-to-date: /home/gfigneczi1/ros2_ws/src/CooperativeResearchPlatform/install/crp_msgs/share/crp_msgs/cmake/export_crp_msgs__rosidl_typesupport_fastrtps_cppExport-noconfig.cmake
[2.081s] -- Up-to-date: /home/gfigneczi1/ros2_ws/src/CooperativeResearchPlatform/install/crp_msgs/share/crp_msgs/cmake/crp_msgs__rosidl_typesupport_introspection_cExport.cmake
[2.081s] -- Up-to-date: /home/gfigneczi1/ros2_ws/src/CooperativeResearchPlatform/install/crp_msgs/share/crp_msgs/cmake/crp_msgs__rosidl_typesupport_introspection_cExport-noconfig.cmake
[2.082s] -- Up-to-date: /home/gfigneczi1/ros2_ws/src/CooperativeResearchPlatform/install/crp_msgs/share/crp_msgs/cmake/crp_msgs__rosidl_typesupport_cExport.cmake
[2.082s] -- Up-to-date: /home/gfigneczi1/ros2_ws/src/CooperativeResearchPlatform/install/crp_msgs/share/crp_msgs/cmake/crp_msgs__rosidl_typesupport_cExport-noconfig.cmake
[2.082s] -- Up-to-date: /home/gfigneczi1/ros2_ws/src/CooperativeResearchPlatform/install/crp_msgs/share/crp_msgs/cmake/crp_msgs__rosidl_typesupport_introspection_cppExport.cmake
[2.082s] -- Up-to-date: /home/gfigneczi1/ros2_ws/src/CooperativeResearchPlatform/install/crp_msgs/share/crp_msgs/cmake/crp_msgs__rosidl_typesupport_introspection_cppExport-noconfig.cmake
[2.082s] -- Up-to-date: /home/gfigneczi1/ros2_ws/src/CooperativeResearchPlatform/install/crp_msgs/share/crp_msgs/cmake/crp_msgs__rosidl_typesupport_cppExport.cmake
[2.084s] -- Up-to-date: /home/gfigneczi1/ros2_ws/src/CooperativeResearchPlatform/install/crp_msgs/share/crp_msgs/cmake/crp_msgs__rosidl_typesupport_cppExport-noconfig.cmake
[2.084s] -- Up-to-date: /home/gfigneczi1/ros2_ws/src/CooperativeResearchPlatform/install/crp_msgs/share/crp_msgs/cmake/export_crp_msgs__rosidl_generator_pyExport.cmake
[2.084s] -- Up-to-date: /home/gfigneczi1/ros2_ws/src/CooperativeResearchPlatform/install/crp_msgs/share/crp_msgs/cmake/export_crp_msgs__rosidl_generator_pyExport-noconfig.cmake
[2.084s] -- Up-to-date: /home/gfigneczi1/ros2_ws/src/CooperativeResearchPlatform/install/crp_msgs/share/crp_msgs/cmake/rosidl_cmake-extras.cmake
[2.084s] -- Up-to-date: /home/gfigneczi1/ros2_ws/src/CooperativeResearchPlatform/install/crp_msgs/share/crp_msgs/cmake/ament_cmake_export_dependencies-extras.cmake
[2.084s] -- Up-to-date: /home/gfigneczi1/ros2_ws/src/CooperativeResearchPlatform/install/crp_msgs/share/crp_msgs/cmake/ament_cmake_export_include_directories-extras.cmake
[2.084s] -- Up-to-date: /home/gfigneczi1/ros2_ws/src/CooperativeResearchPlatform/install/crp_msgs/share/crp_msgs/cmake/ament_cmake_export_libraries-extras.cmake
[2.084s] -- Up-to-date: /home/gfigneczi1/ros2_ws/src/CooperativeResearchPlatform/install/crp_msgs/share/crp_msgs/cmake/ament_cmake_export_targets-extras.cmake
[2.085s] -- Up-to-date: /home/gfigneczi1/ros2_ws/src/CooperativeResearchPlatform/install/crp_msgs/share/crp_msgs/cmake/rosidl_cmake_export_typesupport_targets-extras.cmake
[2.085s] -- Up-to-date: /home/gfigneczi1/ros2_ws/src/CooperativeResearchPlatform/install/crp_msgs/share/crp_msgs/cmake/rosidl_cmake_export_typesupport_libraries-extras.cmake
[2.085s] -- Up-to-date: /home/gfigneczi1/ros2_ws/src/CooperativeResearchPlatform/install/crp_msgs/share/crp_msgs/cmake/crp_msgsConfig.cmake
[2.085s] -- Up-to-date: /home/gfigneczi1/ros2_ws/src/CooperativeResearchPlatform/install/crp_msgs/share/crp_msgs/cmake/crp_msgsConfig-version.cmake
[2.085s] -- Up-to-date: /home/gfigneczi1/ros2_ws/src/CooperativeResearchPlatform/install/crp_msgs/share/crp_msgs/package.xml
[2.085s] Invoked command in '/home/gfigneczi1/ros2_ws/src/CooperativeResearchPlatform/build/crp_msgs' returned '0': CMAKE_PREFIX_PATH=${CMAKE_PREFIX_PATH}:/home/gfigneczi1/autoware/install/simulator_compatibility_test:/home/gfigneczi1/autoware/install/ad_api_visualizers:/opt/ros/humble /usr/bin/cmake --install /home/gfigneczi1/ros2_ws/src/CooperativeResearchPlatform/build/crp_msgs
