[0.009s] Invoking command in '/home/dev/crp_ws/src/CooperativeResearchPlatform/build/crp_launcher': CMAKE_PREFIX_PATH=${CMAKE_PREFIX_PATH}:/opt/ros/humble /usr/bin/cmake /home/dev/crp_ws/src/CooperativeResearchPlatform/launch/crp_launcher -DCMAKE_INSTALL_PREFIX=/home/dev/crp_ws/src/CooperativeResearchPlatform/install/crp_launcher
[0.077s] -- The C compiler identification is GNU 11.4.0
[0.144s] -- The CXX compiler identification is GNU 11.4.0
[0.154s] -- Detecting C compiler ABI info
[0.205s] -- Detecting C compiler ABI info - done
[0.211s] -- Check for working C compiler: /usr/lib/ccache/gcc - skipped
[0.211s] -- Detecting C compile features
[0.212s] -- Detecting C compile features - done
[0.214s] -- Detecting CXX compiler ABI info
[0.278s] -- Detecting CXX compiler ABI info - done
[0.285s] -- Check for working CXX compiler: /usr/lib/ccache/g++ - skipped
[0.285s] -- Detecting CXX compile features
[0.285s] -- Detecting CXX compile features - done
[0.293s] -- Found ament_cmake: 1.3.11 (/opt/ros/humble/share/ament_cmake/cmake)
[0.912s] -- Found Python3: /usr/bin/python3 (found version "3.10.12") found components: Interpreter 
[1.098s] -- Configuring done
[1.100s] -- Generating done
[1.101s] -- Build files have been written to: /home/dev/crp_ws/src/CooperativeResearchPlatform/build/crp_launcher
[1.105s] Invoked command in '/home/dev/crp_ws/src/CooperativeResearchPlatform/build/crp_launcher' returned '0': CMAKE_PREFIX_PATH=${CMAKE_PREFIX_PATH}:/opt/ros/humble /usr/bin/cmake /home/dev/crp_ws/src/CooperativeResearchPlatform/launch/crp_launcher -DCMAKE_INSTALL_PREFIX=/home/dev/crp_ws/src/CooperativeResearchPlatform/install/crp_launcher
[1.106s] Invoking command in '/home/dev/crp_ws/src/CooperativeResearchPlatform/build/crp_launcher': CMAKE_PREFIX_PATH=${CMAKE_PREFIX_PATH}:/opt/ros/humble /usr/bin/cmake --build /home/dev/crp_ws/src/CooperativeResearchPlatform/build/crp_launcher -- -j16 -l16
[1.138s] Invoked command in '/home/dev/crp_ws/src/CooperativeResearchPlatform/build/crp_launcher' returned '0': CMAKE_PREFIX_PATH=${CMAKE_PREFIX_PATH}:/opt/ros/humble /usr/bin/cmake --build /home/dev/crp_ws/src/CooperativeResearchPlatform/build/crp_launcher -- -j16 -l16
[1.146s] Invoking command in '/home/dev/crp_ws/src/CooperativeResearchPlatform/build/crp_launcher': CMAKE_PREFIX_PATH=${CMAKE_PREFIX_PATH}:/opt/ros/humble /usr/bin/cmake --install /home/dev/crp_ws/src/CooperativeResearchPlatform/build/crp_launcher
[1.151s] -- Install configuration: ""
[1.151s] -- Installing: /home/dev/crp_ws/src/CooperativeResearchPlatform/install/crp_launcher/share/crp_launcher/config
[1.151s] -- Installing: /home/dev/crp_ws/src/CooperativeResearchPlatform/install/crp_launcher/share/crp_launcher/config/control
[1.151s] -- Installing: /home/dev/crp_ws/src/CooperativeResearchPlatform/install/crp_launcher/share/crp_launcher/config/control/ctrlCompensatoryParams.yaml
[1.152s] -- Installing: /home/dev/crp_ws/src/CooperativeResearchPlatform/install/crp_launcher/share/crp_launcher/config/control/ctrlStanleyParams.yaml
[1.152s] -- Installing: /home/dev/crp_ws/src/CooperativeResearchPlatform/install/crp_launcher/share/crp_launcher/config/control/ctrlLongParams.yaml
[1.152s] -- Installing: /home/dev/crp_ws/src/CooperativeResearchPlatform/install/crp_launcher/share/crp_launcher/config/control/ctrlPurePParams.yaml
[1.152s] -- Installing: /home/dev/crp_ws/src/CooperativeResearchPlatform/install/crp_launcher/share/crp_launcher/config/control/ctrlLqrParams.yaml
[1.152s] -- Installing: /home/dev/crp_ws/src/CooperativeResearchPlatform/install/crp_launcher/share/crp_launcher/launch
[1.152s] -- Installing: /home/dev/crp_ws/src/CooperativeResearchPlatform/install/crp_launcher/share/crp_launcher/launch/core.launch.py
[1.152s] -- Installing: /home/dev/crp_ws/src/CooperativeResearchPlatform/install/crp_launcher/share/crp_launcher/launch/core_test.launch.py
[1.152s] -- Installing: /home/dev/crp_ws/src/CooperativeResearchPlatform/install/crp_launcher/share/crp_launcher/launch/lexus.launch.py
[1.152s] -- Installing: /home/dev/crp_ws/src/CooperativeResearchPlatform/install/crp_launcher/share/ament_index/resource_index/package_run_dependencies/crp_launcher
[1.152s] -- Installing: /home/dev/crp_ws/src/CooperativeResearchPlatform/install/crp_launcher/share/ament_index/resource_index/parent_prefix_path/crp_launcher
[1.152s] -- Installing: /home/dev/crp_ws/src/CooperativeResearchPlatform/install/crp_launcher/share/crp_launcher/environment/ament_prefix_path.sh
[1.152s] -- Installing: /home/dev/crp_ws/src/CooperativeResearchPlatform/install/crp_launcher/share/crp_launcher/environment/ament_prefix_path.dsv
[1.152s] -- Installing: /home/dev/crp_ws/src/CooperativeResearchPlatform/install/crp_launcher/share/crp_launcher/environment/path.sh
[1.152s] -- Installing: /home/dev/crp_ws/src/CooperativeResearchPlatform/install/crp_launcher/share/crp_launcher/environment/path.dsv
[1.152s] -- Installing: /home/dev/crp_ws/src/CooperativeResearchPlatform/install/crp_launcher/share/crp_launcher/local_setup.bash
[1.152s] -- Installing: /home/dev/crp_ws/src/CooperativeResearchPlatform/install/crp_launcher/share/crp_launcher/local_setup.sh
[1.153s] -- Installing: /home/dev/crp_ws/src/CooperativeResearchPlatform/install/crp_launcher/share/crp_launcher/local_setup.zsh
[1.153s] -- Installing: /home/dev/crp_ws/src/CooperativeResearchPlatform/install/crp_launcher/share/crp_launcher/local_setup.dsv
[1.153s] -- Installing: /home/dev/crp_ws/src/CooperativeResearchPlatform/install/crp_launcher/share/crp_launcher/package.dsv
[1.153s] -- Installing: /home/dev/crp_ws/src/CooperativeResearchPlatform/install/crp_launcher/share/ament_index/resource_index/packages/crp_launcher
[1.153s] -- Installing: /home/dev/crp_ws/src/CooperativeResearchPlatform/install/crp_launcher/share/crp_launcher/cmake/crp_launcherConfig.cmake
[1.153s] -- Installing: /home/dev/crp_ws/src/CooperativeResearchPlatform/install/crp_launcher/share/crp_launcher/cmake/crp_launcherConfig-version.cmake
[1.153s] -- Installing: /home/dev/crp_ws/src/CooperativeResearchPlatform/install/crp_launcher/share/crp_launcher/package.xml
[1.154s] Invoked command in '/home/dev/crp_ws/src/CooperativeResearchPlatform/build/crp_launcher' returned '0': CMAKE_PREFIX_PATH=${CMAKE_PREFIX_PATH}:/opt/ros/humble /usr/bin/cmake --install /home/dev/crp_ws/src/CooperativeResearchPlatform/build/crp_launcher
