[0.196s] Invoking command in '/home/gfigneczi1/ros2_ws/src/CooperativeResearchPlatform/build/pacmod_extender': CMAKE_PREFIX_PATH=${CMAKE_PREFIX_PATH}:/home/gfigneczi1/autoware/install/simulator_compatibility_test:/home/gfigneczi1/autoware/install/ad_api_visualizers:/opt/ros/humble /usr/bin/cmake --build /home/gfigneczi1/ros2_ws/src/CooperativeResearchPlatform/build/pacmod_extender -- -j4 -l4
[0.327s] [100%] Built target pacmod_extender_node
[0.378s] Invoked command in '/home/gfigneczi1/ros2_ws/src/CooperativeResearchPlatform/build/pacmod_extender' returned '0': CMAKE_PREFIX_PATH=${CMAKE_PREFIX_PATH}:/home/gfigneczi1/autoware/install/simulator_compatibility_test:/home/gfigneczi1/autoware/install/ad_api_visualizers:/opt/ros/humble /usr/bin/cmake --build /home/gfigneczi1/ros2_ws/src/CooperativeResearchPlatform/build/pacmod_extender -- -j4 -l4
[0.526s] Invoking command in '/home/gfigneczi1/ros2_ws/src/CooperativeResearchPlatform/build/pacmod_extender': CMAKE_PREFIX_PATH=${CMAKE_PREFIX_PATH}:/home/gfigneczi1/autoware/install/simulator_compatibility_test:/home/gfigneczi1/autoware/install/ad_api_visualizers:/opt/ros/humble /usr/bin/cmake --install /home/gfigneczi1/ros2_ws/src/CooperativeResearchPlatform/build/pacmod_extender
[0.541s] -- Install configuration: ""
[0.541s] -- Up-to-date: /home/gfigneczi1/ros2_ws/src/CooperativeResearchPlatform/install/pacmod_extender/lib/pacmod_extender/pacmod_extender_node
[0.542s] -- Up-to-date: /home/gfigneczi1/ros2_ws/src/CooperativeResearchPlatform/install/pacmod_extender/share/pacmod_extender/launch
[0.543s] -- Up-to-date: /home/gfigneczi1/ros2_ws/src/CooperativeResearchPlatform/install/pacmod_extender/share/pacmod_extender/launch/pacmod_extender.launch.py
[0.544s] -- Up-to-date: /home/gfigneczi1/ros2_ws/src/CooperativeResearchPlatform/install/pacmod_extender/share/ament_index/resource_index/package_run_dependencies/pacmod_extender
[0.544s] -- Up-to-date: /home/gfigneczi1/ros2_ws/src/CooperativeResearchPlatform/install/pacmod_extender/share/ament_index/resource_index/parent_prefix_path/pacmod_extender
[0.544s] -- Up-to-date: /home/gfigneczi1/ros2_ws/src/CooperativeResearchPlatform/install/pacmod_extender/share/pacmod_extender/environment/ament_prefix_path.sh
[0.544s] -- Up-to-date: /home/gfigneczi1/ros2_ws/src/CooperativeResearchPlatform/install/pacmod_extender/share/pacmod_extender/environment/ament_prefix_path.dsv
[0.544s] -- Up-to-date: /home/gfigneczi1/ros2_ws/src/CooperativeResearchPlatform/install/pacmod_extender/share/pacmod_extender/environment/path.sh
[0.545s] -- Up-to-date: /home/gfigneczi1/ros2_ws/src/CooperativeResearchPlatform/install/pacmod_extender/share/pacmod_extender/environment/path.dsv
[0.545s] -- Up-to-date: /home/gfigneczi1/ros2_ws/src/CooperativeResearchPlatform/install/pacmod_extender/share/pacmod_extender/local_setup.bash
[0.545s] -- Up-to-date: /home/gfigneczi1/ros2_ws/src/CooperativeResearchPlatform/install/pacmod_extender/share/pacmod_extender/local_setup.sh
[0.545s] -- Up-to-date: /home/gfigneczi1/ros2_ws/src/CooperativeResearchPlatform/install/pacmod_extender/share/pacmod_extender/local_setup.zsh
[0.546s] -- Up-to-date: /home/gfigneczi1/ros2_ws/src/CooperativeResearchPlatform/install/pacmod_extender/share/pacmod_extender/local_setup.dsv
[0.546s] -- Installing: /home/gfigneczi1/ros2_ws/src/CooperativeResearchPlatform/install/pacmod_extender/share/pacmod_extender/package.dsv
[0.547s] -- Up-to-date: /home/gfigneczi1/ros2_ws/src/CooperativeResearchPlatform/install/pacmod_extender/share/ament_index/resource_index/packages/pacmod_extender
[0.548s] -- Up-to-date: /home/gfigneczi1/ros2_ws/src/CooperativeResearchPlatform/install/pacmod_extender/share/pacmod_extender/cmake/pacmod_extenderConfig.cmake
[0.548s] -- Up-to-date: /home/gfigneczi1/ros2_ws/src/CooperativeResearchPlatform/install/pacmod_extender/share/pacmod_extender/cmake/pacmod_extenderConfig-version.cmake
[0.548s] -- Up-to-date: /home/gfigneczi1/ros2_ws/src/CooperativeResearchPlatform/install/pacmod_extender/share/pacmod_extender/package.xml
[0.551s] Invoked command in '/home/gfigneczi1/ros2_ws/src/CooperativeResearchPlatform/build/pacmod_extender' returned '0': CMAKE_PREFIX_PATH=${CMAKE_PREFIX_PATH}:/home/gfigneczi1/autoware/install/simulator_compatibility_test:/home/gfigneczi1/autoware/install/ad_api_visualizers:/opt/ros/humble /usr/bin/cmake --install /home/gfigneczi1/ros2_ws/src/CooperativeResearchPlatform/build/pacmod_extender
