[0.148s] Invoking command in '/home/gfigneczi1/ros2_ws/src/CooperativeResearchPlatform/build/pacmod_extender': CMAKE_PREFIX_PATH=${CMAKE_PREFIX_PATH}:/home/gfigneczi1/autoware/install/simulator_compatibility_test:/home/gfigneczi1/autoware/install/ad_api_visualizers:/opt/ros/humble /usr/bin/cmake --build /home/gfigneczi1/ros2_ws/src/CooperativeResearchPlatform/build/pacmod_extender -- -j4 -l4
[0.302s] [100%] Built target pacmod_extender_node
[0.332s] Invoked command in '/home/gfigneczi1/ros2_ws/src/CooperativeResearchPlatform/build/pacmod_extender' returned '0': CMAKE_PREFIX_PATH=${CMAKE_PREFIX_PATH}:/home/gfigneczi1/autoware/install/simulator_compatibility_test:/home/gfigneczi1/autoware/install/ad_api_visualizers:/opt/ros/humble /usr/bin/cmake --build /home/gfigneczi1/ros2_ws/src/CooperativeResearchPlatform/build/pacmod_extender -- -j4 -l4
[0.492s] Invoking command in '/home/gfigneczi1/ros2_ws/src/CooperativeResearchPlatform/build/pacmod_extender': CMAKE_PREFIX_PATH=${CMAKE_PREFIX_PATH}:/home/gfigneczi1/autoware/install/simulator_compatibility_test:/home/gfigneczi1/autoware/install/ad_api_visualizers:/opt/ros/humble /usr/bin/cmake --install /home/gfigneczi1/ros2_ws/src/CooperativeResearchPlatform/build/pacmod_extender
[0.504s] -- Install configuration: ""
[0.505s] -- Up-to-date: /home/gfigneczi1/ros2_ws/src/CooperativeResearchPlatform/install/pacmod_extender/lib/pacmod_extender/pacmod_extender_node
[0.506s] -- Up-to-date: /home/gfigneczi1/ros2_ws/src/CooperativeResearchPlatform/install/pacmod_extender/share/pacmod_extender/launch
[0.506s] -- Up-to-date: /home/gfigneczi1/ros2_ws/src/CooperativeResearchPlatform/install/pacmod_extender/share/pacmod_extender/launch/pacmod_extender.launch.py
[0.506s] -- Up-to-date: /home/gfigneczi1/ros2_ws/src/CooperativeResearchPlatform/install/pacmod_extender/share/ament_index/resource_index/package_run_dependencies/pacmod_extender
[0.507s] -- Up-to-date: /home/gfigneczi1/ros2_ws/src/CooperativeResearchPlatform/install/pacmod_extender/share/ament_index/resource_index/parent_prefix_path/pacmod_extender
[0.507s] -- Up-to-date: /home/gfigneczi1/ros2_ws/src/CooperativeResearchPlatform/install/pacmod_extender/share/pacmod_extender/environment/ament_prefix_path.sh
[0.507s] -- Up-to-date: /home/gfigneczi1/ros2_ws/src/CooperativeResearchPlatform/install/pacmod_extender/share/pacmod_extender/environment/ament_prefix_path.dsv
[0.508s] -- Up-to-date: /home/gfigneczi1/ros2_ws/src/CooperativeResearchPlatform/install/pacmod_extender/share/pacmod_extender/environment/path.sh
[0.508s] -- Up-to-date: /home/gfigneczi1/ros2_ws/src/CooperativeResearchPlatform/install/pacmod_extender/share/pacmod_extender/environment/path.dsv
[0.508s] -- Up-to-date: /home/gfigneczi1/ros2_ws/src/CooperativeResearchPlatform/install/pacmod_extender/share/pacmod_extender/local_setup.bash
[0.508s] -- Up-to-date: /home/gfigneczi1/ros2_ws/src/CooperativeResearchPlatform/install/pacmod_extender/share/pacmod_extender/local_setup.sh
[0.509s] -- Up-to-date: /home/gfigneczi1/ros2_ws/src/CooperativeResearchPlatform/install/pacmod_extender/share/pacmod_extender/local_setup.zsh
[0.509s] -- Up-to-date: /home/gfigneczi1/ros2_ws/src/CooperativeResearchPlatform/install/pacmod_extender/share/pacmod_extender/local_setup.dsv
[0.509s] -- Installing: /home/gfigneczi1/ros2_ws/src/CooperativeResearchPlatform/install/pacmod_extender/share/pacmod_extender/package.dsv
[0.511s] -- Up-to-date: /home/gfigneczi1/ros2_ws/src/CooperativeResearchPlatform/install/pacmod_extender/share/ament_index/resource_index/packages/pacmod_extender
[0.512s] -- Up-to-date: /home/gfigneczi1/ros2_ws/src/CooperativeResearchPlatform/install/pacmod_extender/share/pacmod_extender/cmake/pacmod_extenderConfig.cmake
[0.512s] -- Up-to-date: /home/gfigneczi1/ros2_ws/src/CooperativeResearchPlatform/install/pacmod_extender/share/pacmod_extender/cmake/pacmod_extenderConfig-version.cmake
[0.523s] -- Up-to-date: /home/gfigneczi1/ros2_ws/src/CooperativeResearchPlatform/install/pacmod_extender/share/pacmod_extender/package.xml
[0.523s] Invoked command in '/home/gfigneczi1/ros2_ws/src/CooperativeResearchPlatform/build/pacmod_extender' returned '0': CMAKE_PREFIX_PATH=${CMAKE_PREFIX_PATH}:/home/gfigneczi1/autoware/install/simulator_compatibility_test:/home/gfigneczi1/autoware/install/ad_api_visualizers:/opt/ros/humble /usr/bin/cmake --install /home/gfigneczi1/ros2_ws/src/CooperativeResearchPlatform/build/pacmod_extender
