-- The C compiler identification is GNU 11.4.0
-- The CXX compiler identification is GNU 11.4.0
-- Detecting C compiler ABI info
-- Detecting C compiler ABI info - done
-- Check for working C compiler: /usr/bin/cc - skipped
-- Detecting C compile features
-- Detecting C compile features - done
-- Detecting CXX compiler ABI info
-- Detecting CXX compiler ABI info - done
-- Check for working CXX compiler: /usr/bin/c++ - skipped
-- Detecting CXX compile features
-- Detecting CXX compile features - done
-- Found ament_cmake: 1.3.7 (/home/gfigneczi1/autoware/install/ament_cmake/share/ament_cmake/cmake)
-- Found Python3: /usr/bin/python3.10 (found version "3.10.12") found components: Interpreter 
-- Found rclcpp: 16.0.8 (/opt/ros/humble/share/rclcpp/cmake)
-- Found rosidl_generator_c: 3.1.5 (/opt/ros/humble/share/rosidl_generator_c/cmake)
-- Found rosidl_adapter: 3.1.5 (/opt/ros/humble/share/rosidl_adapter/cmake)
-- Found rosidl_generator_cpp: 3.1.5 (/opt/ros/humble/share/rosidl_generator_cpp/cmake)
-- Using all available rosidl_typesupport_c: rosidl_typesupport_fastrtps_c;rosidl_typesupport_introspection_c
-- Using all available rosidl_typesupport_cpp: rosidl_typesupport_fastrtps_cpp;rosidl_typesupport_introspection_cpp
-- Found rmw_implementation_cmake: 6.1.1 (/opt/ros/humble/share/rmw_implementation_cmake/cmake)
-- Found rmw_cyclonedds_cpp: 1.3.4 (/opt/ros/humble/share/rmw_cyclonedds_cpp/cmake)
-- Using RMW implementation 'rmw_cyclonedds_cpp' as default
-- Looking for pthread.h
-- Looking for pthread.h - found
-- Performing Test CMAKE_HAVE_LIBC_PTHREAD
-- Performing Test CMAKE_HAVE_LIBC_PTHREAD - Success
-- Found Threads: TRUE  
-- Found crp_msgs: 0.0.0 (/home/gfigneczi1/ros2_ws/src/CooperativeResearchPlatform/install/crp_msgs/share/crp_msgs/cmake)
-- Configuring done
-- Generating done
-- Build files have been written to: /home/gfigneczi1/ros2_ws/src/CooperativeResearchPlatform/build/planner_base
[ 50%] [32mBuilding CXX object CMakeFiles/wrapper_base.dir/src/wrapperBase.cpp.o[0m
[100%] [32m[1mLinking CXX shared library libwrapper_base.so[0m
[100%] Built target wrapper_base
-- Install configuration: ""
-- Installing: /home/gfigneczi1/ros2_ws/src/CooperativeResearchPlatform/install/planner_base/include/
-- Installing: /home/gfigneczi1/ros2_ws/src/CooperativeResearchPlatform/install/planner_base/include//planner_base
-- Installing: /home/gfigneczi1/ros2_ws/src/CooperativeResearchPlatform/install/planner_base/include//planner_base/wrapperBase.hpp
-- Installing: /home/gfigneczi1/ros2_ws/src/CooperativeResearchPlatform/install/planner_base/lib/libwrapper_base.so
-- Set runtime path of "/home/gfigneczi1/ros2_ws/src/CooperativeResearchPlatform/install/planner_base/lib/libwrapper_base.so" to ""
-- Installing: /home/gfigneczi1/ros2_ws/src/CooperativeResearchPlatform/install/planner_base/share/planner_base/environment/library_path.sh
-- Installing: /home/gfigneczi1/ros2_ws/src/CooperativeResearchPlatform/install/planner_base/share/planner_base/environment/library_path.dsv
-- Installing: /home/gfigneczi1/ros2_ws/src/CooperativeResearchPlatform/install/planner_base/share/ament_index/resource_index/package_run_dependencies/planner_base
-- Installing: /home/gfigneczi1/ros2_ws/src/CooperativeResearchPlatform/install/planner_base/share/ament_index/resource_index/parent_prefix_path/planner_base
-- Installing: /home/gfigneczi1/ros2_ws/src/CooperativeResearchPlatform/install/planner_base/share/planner_base/environment/ament_prefix_path.sh
-- Installing: /home/gfigneczi1/ros2_ws/src/CooperativeResearchPlatform/install/planner_base/share/planner_base/environment/ament_prefix_path.dsv
-- Installing: /home/gfigneczi1/ros2_ws/src/CooperativeResearchPlatform/install/planner_base/share/planner_base/environment/path.sh
-- Installing: /home/gfigneczi1/ros2_ws/src/CooperativeResearchPlatform/install/planner_base/share/planner_base/environment/path.dsv
-- Installing: /home/gfigneczi1/ros2_ws/src/CooperativeResearchPlatform/install/planner_base/share/planner_base/local_setup.bash
-- Installing: /home/gfigneczi1/ros2_ws/src/CooperativeResearchPlatform/install/planner_base/share/planner_base/local_setup.sh
-- Installing: /home/gfigneczi1/ros2_ws/src/CooperativeResearchPlatform/install/planner_base/share/planner_base/local_setup.zsh
-- Installing: /home/gfigneczi1/ros2_ws/src/CooperativeResearchPlatform/install/planner_base/share/planner_base/local_setup.dsv
-- Installing: /home/gfigneczi1/ros2_ws/src/CooperativeResearchPlatform/install/planner_base/share/planner_base/package.dsv
-- Installing: /home/gfigneczi1/ros2_ws/src/CooperativeResearchPlatform/install/planner_base/share/ament_index/resource_index/packages/planner_base
-- Installing: /home/gfigneczi1/ros2_ws/src/CooperativeResearchPlatform/install/planner_base/share/planner_base/cmake/wrapper_baseExport.cmake
-- Installing: /home/gfigneczi1/ros2_ws/src/CooperativeResearchPlatform/install/planner_base/share/planner_base/cmake/wrapper_baseExport-noconfig.cmake
-- Installing: /home/gfigneczi1/ros2_ws/src/CooperativeResearchPlatform/install/planner_base/share/planner_base/cmake/ament_cmake_export_targets-extras.cmake
-- Installing: /home/gfigneczi1/ros2_ws/src/CooperativeResearchPlatform/install/planner_base/share/planner_base/cmake/ament_cmake_export_dependencies-extras.cmake
-- Installing: /home/gfigneczi1/ros2_ws/src/CooperativeResearchPlatform/install/planner_base/share/planner_base/cmake/planner_baseConfig.cmake
-- Installing: /home/gfigneczi1/ros2_ws/src/CooperativeResearchPlatform/install/planner_base/share/planner_base/cmake/planner_baseConfig-version.cmake
-- Installing: /home/gfigneczi1/ros2_ws/src/CooperativeResearchPlatform/install/planner_base/share/planner_base/package.xml
