[0.212s] Invoking command in '/home/gfigneczi1/ros2_ws/src/CooperativeResearchPlatform/build/pacmod_extender': CMAKE_PREFIX_PATH=${CMAKE_PREFIX_PATH}:/home/gfigneczi1/autoware/install/simulator_compatibility_test:/home/gfigneczi1/autoware/install/ad_api_visualizers:/opt/ros/humble /usr/bin/cmake /home/gfigneczi1/ros2_ws/src/CooperativeResearchPlatform/crp_VIL/pacmod_extender -DCMAKE_INSTALL_PREFIX=/home/gfigneczi1/ros2_ws/src/CooperativeResearchPlatform/install/pacmod_extender
[0.417s] -- The C compiler identification is GNU 11.4.0
[0.505s] -- The CXX compiler identification is GNU 11.4.0
[0.519s] -- Detecting C compiler ABI info
[0.641s] -- Detecting C compiler ABI info - done
[0.646s] -- Check for working C compiler: /usr/bin/cc - skipped
[0.647s] -- Detecting C compile features
[0.648s] -- Detecting C compile features - done
[0.651s] -- Detecting CXX compiler ABI info
[0.783s] -- Detecting CXX compiler ABI info - done
[0.789s] -- Check for working CXX compiler: /usr/bin/c++ - skipped
[0.789s] -- Detecting CXX compile features
[0.790s] -- Detecting CXX compile features - done
[0.797s] -- Found ament_cmake: 1.3.7 (/home/gfigneczi1/autoware/install/ament_cmake/share/ament_cmake/cmake)
[1.053s] -- Found Python3: /usr/bin/python3.10 (found version "3.10.12") found components: Interpreter 
[1.293s] -- Found rclcpp: 16.0.8 (/opt/ros/humble/share/rclcpp/cmake)
[1.454s] -- Found rosidl_generator_c: 3.1.5 (/opt/ros/humble/share/rosidl_generator_c/cmake)
[1.487s] -- Found rosidl_adapter: 3.1.5 (/opt/ros/humble/share/rosidl_adapter/cmake)
[1.515s] -- Found rosidl_generator_cpp: 3.1.5 (/opt/ros/humble/share/rosidl_generator_cpp/cmake)
[1.597s] -- Using all available rosidl_typesupport_c: rosidl_typesupport_fastrtps_c;rosidl_typesupport_introspection_c
[1.671s] -- Using all available rosidl_typesupport_cpp: rosidl_typesupport_fastrtps_cpp;rosidl_typesupport_introspection_cpp
[1.864s] -- Found rmw_implementation_cmake: 6.1.1 (/opt/ros/humble/share/rmw_implementation_cmake/cmake)
[1.916s] -- Found rmw_cyclonedds_cpp: 1.3.4 (/opt/ros/humble/share/rmw_cyclonedds_cpp/cmake)
[2.042s] -- Using RMW implementation 'rmw_cyclonedds_cpp' as default
[2.086s] -- Looking for pthread.h
[2.197s] -- Looking for pthread.h - found
[2.197s] -- Performing Test CMAKE_HAVE_LIBC_PTHREAD
[2.314s] -- Performing Test CMAKE_HAVE_LIBC_PTHREAD - Success
[2.315s] -- Found Threads: TRUE  
[2.432s] -- Found pacmod3_msgs: 1.0.0 (/opt/ros/humble/share/pacmod3_msgs/cmake)
[2.459s] -- Found can_msgs: 2.0.0 (/opt/ros/humble/share/can_msgs/cmake)
[2.488s] -- Found geometry_msgs: 4.2.3 (/opt/ros/humble/share/geometry_msgs/cmake)
[2.697s] -- Configuring done
[2.707s] -- Generating done
[2.709s] -- Build files have been written to: /home/gfigneczi1/ros2_ws/src/CooperativeResearchPlatform/build/pacmod_extender
[2.715s] Invoked command in '/home/gfigneczi1/ros2_ws/src/CooperativeResearchPlatform/build/pacmod_extender' returned '0': CMAKE_PREFIX_PATH=${CMAKE_PREFIX_PATH}:/home/gfigneczi1/autoware/install/simulator_compatibility_test:/home/gfigneczi1/autoware/install/ad_api_visualizers:/opt/ros/humble /usr/bin/cmake /home/gfigneczi1/ros2_ws/src/CooperativeResearchPlatform/crp_VIL/pacmod_extender -DCMAKE_INSTALL_PREFIX=/home/gfigneczi1/ros2_ws/src/CooperativeResearchPlatform/install/pacmod_extender
[2.716s] Invoking command in '/home/gfigneczi1/ros2_ws/src/CooperativeResearchPlatform/build/pacmod_extender': CMAKE_PREFIX_PATH=${CMAKE_PREFIX_PATH}:/home/gfigneczi1/autoware/install/simulator_compatibility_test:/home/gfigneczi1/autoware/install/ad_api_visualizers:/opt/ros/humble /usr/bin/cmake --build /home/gfigneczi1/ros2_ws/src/CooperativeResearchPlatform/build/pacmod_extender -- -j4 -l4
[2.810s] [ 66%] [32mBuilding CXX object CMakeFiles/pacmod_extender_node.dir/src/pacmodExtender.cpp.o[0m
[2.810s] [ 66%] [32mBuilding CXX object CMakeFiles/pacmod_extender_node.dir/src/pacmodDefinitions.cpp.o[0m
[24.975s] [100%] [32m[1mLinking CXX executable pacmod_extender_node[0m
[25.542s] [100%] Built target pacmod_extender_node
[25.560s] Invoked command in '/home/gfigneczi1/ros2_ws/src/CooperativeResearchPlatform/build/pacmod_extender' returned '0': CMAKE_PREFIX_PATH=${CMAKE_PREFIX_PATH}:/home/gfigneczi1/autoware/install/simulator_compatibility_test:/home/gfigneczi1/autoware/install/ad_api_visualizers:/opt/ros/humble /usr/bin/cmake --build /home/gfigneczi1/ros2_ws/src/CooperativeResearchPlatform/build/pacmod_extender -- -j4 -l4
[25.655s] Invoking command in '/home/gfigneczi1/ros2_ws/src/CooperativeResearchPlatform/build/pacmod_extender': CMAKE_PREFIX_PATH=${CMAKE_PREFIX_PATH}:/home/gfigneczi1/autoware/install/simulator_compatibility_test:/home/gfigneczi1/autoware/install/ad_api_visualizers:/opt/ros/humble /usr/bin/cmake --install /home/gfigneczi1/ros2_ws/src/CooperativeResearchPlatform/build/pacmod_extender
[25.669s] -- Install configuration: ""
[25.669s] -- Installing: /home/gfigneczi1/ros2_ws/src/CooperativeResearchPlatform/install/pacmod_extender/lib/pacmod_extender/pacmod_extender_node
[25.673s] -- Set runtime path of "/home/gfigneczi1/ros2_ws/src/CooperativeResearchPlatform/install/pacmod_extender/lib/pacmod_extender/pacmod_extender_node" to ""
[25.673s] -- Installing: /home/gfigneczi1/ros2_ws/src/CooperativeResearchPlatform/install/pacmod_extender/share/pacmod_extender/launch
[25.674s] -- Installing: /home/gfigneczi1/ros2_ws/src/CooperativeResearchPlatform/install/pacmod_extender/share/pacmod_extender/launch/pacmod_extender.launch.py
[25.674s] -- Installing: /home/gfigneczi1/ros2_ws/src/CooperativeResearchPlatform/install/pacmod_extender/share/ament_index/resource_index/package_run_dependencies/pacmod_extender
[25.675s] -- Installing: /home/gfigneczi1/ros2_ws/src/CooperativeResearchPlatform/install/pacmod_extender/share/ament_index/resource_index/parent_prefix_path/pacmod_extender
[25.677s] -- Installing: /home/gfigneczi1/ros2_ws/src/CooperativeResearchPlatform/install/pacmod_extender/share/pacmod_extender/environment/ament_prefix_path.sh
[25.677s] -- Installing: /home/gfigneczi1/ros2_ws/src/CooperativeResearchPlatform/install/pacmod_extender/share/pacmod_extender/environment/ament_prefix_path.dsv
[25.678s] -- Installing: /home/gfigneczi1/ros2_ws/src/CooperativeResearchPlatform/install/pacmod_extender/share/pacmod_extender/environment/path.sh
[25.679s] -- Installing: /home/gfigneczi1/ros2_ws/src/CooperativeResearchPlatform/install/pacmod_extender/share/pacmod_extender/environment/path.dsv
[25.688s] -- Installing: /home/gfigneczi1/ros2_ws/src/CooperativeResearchPlatform/install/pacmod_extender/share/pacmod_extender/local_setup.bash
[25.688s] -- Installing: /home/gfigneczi1/ros2_ws/src/CooperativeResearchPlatform/install/pacmod_extender/share/pacmod_extender/local_setup.sh
[25.688s] -- Installing: /home/gfigneczi1/ros2_ws/src/CooperativeResearchPlatform/install/pacmod_extender/share/pacmod_extender/local_setup.zsh
[25.689s] -- Installing: /home/gfigneczi1/ros2_ws/src/CooperativeResearchPlatform/install/pacmod_extender/share/pacmod_extender/local_setup.dsv
[25.689s] -- Installing: /home/gfigneczi1/ros2_ws/src/CooperativeResearchPlatform/install/pacmod_extender/share/pacmod_extender/package.dsv
[25.689s] -- Installing: /home/gfigneczi1/ros2_ws/src/CooperativeResearchPlatform/install/pacmod_extender/share/ament_index/resource_index/packages/pacmod_extender
[25.689s] -- Installing: /home/gfigneczi1/ros2_ws/src/CooperativeResearchPlatform/install/pacmod_extender/share/pacmod_extender/cmake/pacmod_extenderConfig.cmake
[25.689s] -- Installing: /home/gfigneczi1/ros2_ws/src/CooperativeResearchPlatform/install/pacmod_extender/share/pacmod_extender/cmake/pacmod_extenderConfig-version.cmake
[25.689s] -- Installing: /home/gfigneczi1/ros2_ws/src/CooperativeResearchPlatform/install/pacmod_extender/share/pacmod_extender/package.xml
[25.692s] Invoked command in '/home/gfigneczi1/ros2_ws/src/CooperativeResearchPlatform/build/pacmod_extender' returned '0': CMAKE_PREFIX_PATH=${CMAKE_PREFIX_PATH}:/home/gfigneczi1/autoware/install/simulator_compatibility_test:/home/gfigneczi1/autoware/install/ad_api_visualizers:/opt/ros/humble /usr/bin/cmake --install /home/gfigneczi1/ros2_ws/src/CooperativeResearchPlatform/build/pacmod_extender
